stdin: is not a tty
WARNING: Logging before InitGoogleLogging() is written to STDERR
I1206 07:47:09.668990  2580 sched.cpp:181] New master at 1@10.112.41.99:5050 with ID:0
10/12/06 07:47:09 INFO spark.BoundedMemoryCache: BoundedMemoryCache.maxBytes = 3087007744
10/12/06 07:47:09 INFO spark.MesosScheduler: Registered as framework ID 201012060747-0-0000
10/12/06 07:47:10 INFO mapred.FileInputFormat: Total input paths to process : 1
10/12/06 07:47:10 INFO spark.SparkContext: Running 15 tasks in parallel
10/12/06 07:47:10 INFO spark.SimpleJob: Starting task 0:0 as TID 0 on slave 0-0: ip-10-202-158-207.ec2.internal (preferred)
10/12/06 07:47:10 INFO spark.SimpleJob: Starting task 0:1 as TID 1 on slave 0-1: ip-10-196-45-203.ec2.internal (preferred)
10/12/06 07:47:10 INFO spark.SimpleJob: Starting task 0:2 as TID 2 on slave 0-0: ip-10-202-158-207.ec2.internal (preferred)
10/12/06 07:47:10 INFO spark.SimpleJob: Starting task 0:3 as TID 3 on slave 0-1: ip-10-196-45-203.ec2.internal (preferred)
10/12/06 07:47:51 INFO spark.SimpleJob: Finished TID 1 (progress: 1/15)
10/12/06 07:47:51 INFO spark.SimpleJob: Starting task 0:4 as TID 4 on slave 0-1: ip-10-196-45-203.ec2.internal (preferred)
10/12/06 07:47:51 INFO spark.SimpleJob: Finished TID 3 (progress: 2/15)
10/12/06 07:47:51 INFO spark.SimpleJob: Starting task 0:5 as TID 5 on slave 0-1: ip-10-196-45-203.ec2.internal (preferred)
10/12/06 07:47:54 INFO spark.SimpleJob: Finished TID 0 (progress: 3/15)
10/12/06 07:47:54 INFO spark.SimpleJob: Starting task 0:6 as TID 6 on slave 0-0: ip-10-202-158-207.ec2.internal (preferred)
10/12/06 07:47:54 INFO spark.SimpleJob: Finished TID 2 (progress: 4/15)
10/12/06 07:47:54 INFO spark.SimpleJob: Starting task 0:7 as TID 7 on slave 0-0: ip-10-202-158-207.ec2.internal (preferred)
10/12/06 07:48:25 INFO spark.SimpleJob: Finished TID 5 (progress: 5/15)
10/12/06 07:48:25 INFO spark.SimpleJob: Starting task 0:8 as TID 8 on slave 0-1: ip-10-196-45-203.ec2.internal (preferred)
10/12/06 07:48:26 INFO spark.SimpleJob: Finished TID 4 (progress: 6/15)
10/12/06 07:48:26 INFO spark.SimpleJob: Starting task 0:9 as TID 9 on slave 0-1: ip-10-196-45-203.ec2.internal (preferred)
10/12/06 07:48:30 INFO spark.SimpleJob: Finished TID 6 (progress: 7/15)
10/12/06 07:48:30 INFO spark.SimpleJob: Starting task 0:10 as TID 10 on slave 0-0: ip-10-202-158-207.ec2.internal (preferred)
10/12/06 07:48:32 INFO spark.SimpleJob: Finished TID 7 (progress: 8/15)
10/12/06 07:48:32 INFO spark.SimpleJob: Starting task 0:11 as TID 11 on slave 0-0: ip-10-202-158-207.ec2.internal (preferred)
10/12/06 07:49:02 INFO spark.SimpleJob: Finished TID 8 (progress: 9/15)
10/12/06 07:49:02 INFO spark.SimpleJob: Starting task 0:12 as TID 12 on slave 0-1: ip-10-196-45-203.ec2.internal (preferred)
10/12/06 07:49:02 INFO spark.SimpleJob: Finished TID 9 (progress: 10/15)
10/12/06 07:49:02 INFO spark.SimpleJob: Starting task 0:13 as TID 13 on slave 0-1: ip-10-196-45-203.ec2.internal (preferred)
10/12/06 07:49:22 INFO spark.SimpleJob: Finished TID 10 (progress: 11/15)
10/12/06 07:49:22 INFO spark.SimpleJob: Starting task 0:14 as TID 14 on slave 0-0: ip-10-202-158-207.ec2.internal (preferred)
10/12/06 07:49:22 INFO spark.SimpleJob: Finished TID 11 (progress: 12/15)
10/12/06 07:49:37 INFO spark.SimpleJob: Finished TID 14 (progress: 13/15)
10/12/06 07:49:46 INFO spark.SimpleJob: Finished TID 12 (progress: 14/15)
10/12/06 07:49:46 INFO spark.SimpleJob: Finished TID 13 (progress: 15/15)
10/12/06 07:49:46 INFO spark.SparkContext: Tasks finished in 156.652702385 s
Read 100000000 points.
10/12/06 07:49:46 INFO spark.SparkContext: Running 15 tasks in parallel
10/12/06 07:49:46 INFO spark.SimpleJob: Starting task 1:0 as TID 15 on slave 0-0: ip-10-202-158-207.ec2.internal (preferred)
10/12/06 07:49:46 INFO spark.SimpleJob: Starting task 1:1 as TID 16 on slave 0-1: ip-10-196-45-203.ec2.internal (preferred)
10/12/06 07:49:46 INFO spark.SimpleJob: Starting task 1:2 as TID 17 on slave 0-0: ip-10-202-158-207.ec2.internal (preferred)
10/12/06 07:49:46 INFO spark.SimpleJob: Starting task 1:3 as TID 18 on slave 0-1: ip-10-196-45-203.ec2.internal (preferred)
10/12/06 07:49:55 INFO spark.SimpleJob: Finished TID 16 (progress: 1/15)
10/12/06 07:49:55 INFO spark.SimpleJob: Starting task 1:4 as TID 19 on slave 0-1: ip-10-196-45-203.ec2.internal (preferred)
10/12/06 07:49:55 INFO spark.SimpleJob: Finished TID 18 (progress: 2/15)
10/12/06 07:49:55 INFO spark.SimpleJob: Starting task 1:5 as TID 20 on slave 0-1: ip-10-196-45-203.ec2.internal (preferred)
10/12/06 07:49:57 INFO spark.SimpleJob: Finished TID 17 (progress: 3/15)
10/12/06 07:49:57 INFO spark.SimpleJob: Starting task 1:6 as TID 21 on slave 0-0: ip-10-202-158-207.ec2.internal (preferred)
10/12/06 07:49:58 INFO spark.SimpleJob: Finished TID 15 (progress: 4/15)
10/12/06 07:49:58 INFO spark.SimpleJob: Starting task 1:7 as TID 22 on slave 0-0: ip-10-202-158-207.ec2.internal (preferred)
10/12/06 07:50:04 INFO spark.SimpleJob: Finished TID 20 (progress: 5/15)
10/12/06 07:50:04 INFO spark.SimpleJob: Starting task 1:8 as TID 23 on slave 0-1: ip-10-196-45-203.ec2.internal (preferred)
10/12/06 07:50:04 INFO spark.SimpleJob: Finished TID 19 (progress: 6/15)
10/12/06 07:50:04 INFO spark.SimpleJob: Starting task 1:9 as TID 24 on slave 0-1: ip-10-196-45-203.ec2.internal (preferred)
10/12/06 07:50:07 INFO spark.SimpleJob: Finished TID 21 (progress: 7/15)
10/12/06 07:50:07 INFO spark.SimpleJob: Starting task 1:10 as TID 25 on slave 0-0: ip-10-202-158-207.ec2.internal (preferred)
10/12/06 07:50:08 INFO spark.SimpleJob: Finished TID 22 (progress: 8/15)
10/12/06 07:50:08 INFO spark.SimpleJob: Starting task 1:11 as TID 26 on slave 0-0: ip-10-202-158-207.ec2.internal (preferred)
10/12/06 07:50:12 INFO spark.SimpleJob: Finished TID 23 (progress: 9/15)
10/12/06 07:50:12 INFO spark.SimpleJob: Starting task 1:12 as TID 27 on slave 0-1: ip-10-196-45-203.ec2.internal (preferred)
10/12/06 07:50:13 INFO spark.SimpleJob: Finished TID 24 (progress: 10/15)
10/12/06 07:50:13 INFO spark.SimpleJob: Starting task 1:13 as TID 28 on slave 0-1: ip-10-196-45-203.ec2.internal (preferred)
10/12/06 07:50:17 INFO spark.SimpleJob: Finished TID 25 (progress: 11/15)
10/12/06 07:50:17 INFO spark.SimpleJob: Starting task 1:14 as TID 29 on slave 0-0: ip-10-202-158-207.ec2.internal (preferred)
10/12/06 07:50:19 INFO spark.SimpleJob: Finished TID 26 (progress: 12/15)
10/12/06 07:50:21 INFO spark.SimpleJob: Finished TID 27 (progress: 13/15)
10/12/06 07:50:21 INFO spark.SimpleJob: Finished TID 28 (progress: 14/15)
10/12/06 07:50:22 INFO spark.SimpleJob: Finished TID 29 (progress: 15/15)
10/12/06 07:50:22 INFO spark.SparkContext: Tasks finished in 35.211869771 s
Centroids changed by
	   (0.000000, 14.660059, 10.123634)
	to ((7.00,40.00), (37.45,22.43), (29.85,10.32))
10/12/06 07:50:22 INFO spark.SparkContext: Running 15 tasks in parallel
10/12/06 07:50:22 INFO spark.SimpleJob: Starting task 2:0 as TID 30 on slave 0-0: ip-10-202-158-207.ec2.internal (preferred)
10/12/06 07:50:22 INFO spark.SimpleJob: Starting task 2:1 as TID 31 on slave 0-1: ip-10-196-45-203.ec2.internal (preferred)
10/12/06 07:50:22 INFO spark.SimpleJob: Starting task 2:2 as TID 32 on slave 0-0: ip-10-202-158-207.ec2.internal (preferred)
10/12/06 07:50:22 INFO spark.SimpleJob: Starting task 2:3 as TID 33 on slave 0-1: ip-10-196-45-203.ec2.internal (preferred)
10/12/06 07:50:31 INFO spark.SimpleJob: Finished TID 31 (progress: 1/15)
10/12/06 07:50:31 INFO spark.SimpleJob: Starting task 2:4 as TID 34 on slave 0-1: ip-10-196-45-203.ec2.internal (preferred)
10/12/06 07:50:31 INFO spark.SimpleJob: Finished TID 33 (progress: 2/15)
10/12/06 07:50:31 INFO spark.SimpleJob: Starting task 2:5 as TID 35 on slave 0-1: ip-10-196-45-203.ec2.internal (preferred)
10/12/06 07:50:32 INFO spark.SimpleJob: Finished TID 32 (progress: 3/15)
10/12/06 07:50:32 INFO spark.SimpleJob: Starting task 2:6 as TID 36 on slave 0-0: ip-10-202-158-207.ec2.internal (preferred)
10/12/06 07:50:32 INFO spark.SimpleJob: Finished TID 30 (progress: 4/15)
10/12/06 07:50:32 INFO spark.SimpleJob: Starting task 2:7 as TID 37 on slave 0-0: ip-10-202-158-207.ec2.internal (preferred)
10/12/06 07:50:39 INFO spark.SimpleJob: Finished TID 34 (progress: 5/15)
10/12/06 07:50:40 INFO spark.SimpleJob: Starting task 2:8 as TID 38 on slave 0-1: ip-10-196-45-203.ec2.internal (preferred)
10/12/06 07:50:40 INFO spark.SimpleJob: Finished TID 35 (progress: 6/15)
10/12/06 07:50:40 INFO spark.SimpleJob: Starting task 2:9 as TID 39 on slave 0-1: ip-10-196-45-203.ec2.internal (preferred)
10/12/06 07:50:42 INFO spark.SimpleJob: Finished TID 37 (progress: 7/15)
10/12/06 07:50:42 INFO spark.SimpleJob: Starting task 2:10 as TID 40 on slave 0-0: ip-10-202-158-207.ec2.internal (preferred)
10/12/06 07:50:42 INFO spark.SimpleJob: Finished TID 36 (progress: 8/15)
10/12/06 07:50:42 INFO spark.SimpleJob: Starting task 2:11 as TID 41 on slave 0-0: ip-10-202-158-207.ec2.internal (preferred)
10/12/06 07:50:48 INFO spark.SimpleJob: Finished TID 38 (progress: 9/15)
10/12/06 07:50:48 INFO spark.SimpleJob: Starting task 2:12 as TID 42 on slave 0-1: ip-10-196-45-203.ec2.internal (preferred)
10/12/06 07:50:48 INFO spark.SimpleJob: Finished TID 39 (progress: 10/15)
10/12/06 07:50:48 INFO spark.SimpleJob: Starting task 2:13 as TID 43 on slave 0-1: ip-10-196-45-203.ec2.internal (preferred)
10/12/06 07:50:52 INFO spark.SimpleJob: Finished TID 41 (progress: 11/15)
10/12/06 07:50:52 INFO spark.SimpleJob: Starting task 2:14 as TID 44 on slave 0-0: ip-10-202-158-207.ec2.internal (preferred)
10/12/06 07:50:54 INFO spark.SimpleJob: Finished TID 40 (progress: 12/15)
10/12/06 07:50:57 INFO spark.SimpleJob: Finished TID 44 (progress: 13/15)
10/12/06 07:50:57 INFO spark.SimpleJob: Finished TID 42 (progress: 14/15)
10/12/06 07:50:57 INFO spark.SimpleJob: Finished TID 43 (progress: 15/15)
10/12/06 07:50:57 INFO spark.SparkContext: Tasks finished in 35.323963047 s
Centroids changed by
	   (19.086524, 0.000112, 0.001543)
	to ((14.50,22.45), (37.45,22.43), (29.85,10.32))
10/12/06 07:50:57 INFO spark.SparkContext: Running 15 tasks in parallel
10/12/06 07:50:57 INFO spark.SimpleJob: Starting task 3:0 as TID 45 on slave 0-0: ip-10-202-158-207.ec2.internal (preferred)
10/12/06 07:50:57 INFO spark.SimpleJob: Starting task 3:1 as TID 46 on slave 0-1: ip-10-196-45-203.ec2.internal (preferred)
10/12/06 07:50:57 INFO spark.SimpleJob: Starting task 3:2 as TID 47 on slave 0-0: ip-10-202-158-207.ec2.internal (preferred)
10/12/06 07:50:57 INFO spark.SimpleJob: Starting task 3:3 as TID 48 on slave 0-1: ip-10-196-45-203.ec2.internal (preferred)
10/12/06 07:51:07 INFO spark.SimpleJob: Finished TID 46 (progress: 1/15)
10/12/06 07:51:07 INFO spark.SimpleJob: Starting task 3:4 as TID 49 on slave 0-1: ip-10-196-45-203.ec2.internal (preferred)
10/12/06 07:51:07 INFO spark.SimpleJob: Finished TID 48 (progress: 2/15)
10/12/06 07:51:07 INFO spark.SimpleJob: Starting task 3:5 as TID 50 on slave 0-1: ip-10-196-45-203.ec2.internal (preferred)
10/12/06 07:51:07 INFO spark.SimpleJob: Finished TID 45 (progress: 3/15)
10/12/06 07:51:07 INFO spark.SimpleJob: Starting task 3:6 as TID 51 on slave 0-0: ip-10-202-158-207.ec2.internal (preferred)
10/12/06 07:51:08 INFO spark.SimpleJob: Finished TID 47 (progress: 4/15)
10/12/06 07:51:08 INFO spark.SimpleJob: Starting task 3:7 as TID 52 on slave 0-0: ip-10-202-158-207.ec2.internal (preferred)
10/12/06 07:51:16 INFO spark.SimpleJob: Finished TID 50 (progress: 5/15)
10/12/06 07:51:16 INFO spark.SimpleJob: Starting task 3:8 as TID 53 on slave 0-1: ip-10-196-45-203.ec2.internal (preferred)
10/12/06 07:51:16 INFO spark.SimpleJob: Finished TID 49 (progress: 6/15)
10/12/06 07:51:16 INFO spark.SimpleJob: Starting task 3:9 as TID 54 on slave 0-1: ip-10-196-45-203.ec2.internal (preferred)
10/12/06 07:51:19 INFO spark.SimpleJob: Finished TID 51 (progress: 7/15)
10/12/06 07:51:19 INFO spark.SimpleJob: Starting task 3:10 as TID 55 on slave 0-0: ip-10-202-158-207.ec2.internal (preferred)
10/12/06 07:51:19 INFO spark.SimpleJob: Finished TID 52 (progress: 8/15)
10/12/06 07:51:19 INFO spark.SimpleJob: Starting task 3:11 as TID 56 on slave 0-0: ip-10-202-158-207.ec2.internal (preferred)
10/12/06 07:51:26 INFO spark.SimpleJob: Finished TID 53 (progress: 9/15)
10/12/06 07:51:26 INFO spark.SimpleJob: Starting task 3:12 as TID 57 on slave 0-1: ip-10-196-45-203.ec2.internal (preferred)
10/12/06 07:51:26 INFO spark.SimpleJob: Finished TID 54 (progress: 10/15)
10/12/06 07:51:26 INFO spark.SimpleJob: Starting task 3:13 as TID 58 on slave 0-1: ip-10-196-45-203.ec2.internal (preferred)
10/12/06 07:51:29 INFO spark.SimpleJob: Finished TID 55 (progress: 11/15)
10/12/06 07:51:29 INFO spark.SimpleJob: Starting task 3:14 as TID 59 on slave 0-0: ip-10-202-158-207.ec2.internal (preferred)
10/12/06 07:51:30 INFO spark.SimpleJob: Finished TID 56 (progress: 12/15)
10/12/06 07:51:31 INFO spark.SimpleJob: Lost TID 57 (task 3:12)
10/12/06 07:51:31 INFO spark.SimpleJob: Starting task 3:12 as TID 60 on slave 0-1: ip-10-196-45-203.ec2.internal (preferred)
10/12/06 07:51:31 INFO spark.SimpleJob: Lost TID 58 (task 3:13)
10/12/06 07:51:31 INFO spark.SimpleJob: Starting task 3:13 as TID 61 on slave 0-1: ip-10-196-45-203.ec2.internal (preferred)
10/12/06 07:51:33 INFO spark.SimpleJob: Finished TID 59 (progress: 13/15)
10/12/06 07:52:22 INFO spark.SimpleJob: Finished TID 60 (progress: 14/15)
10/12/06 07:52:22 INFO spark.SimpleJob: Finished TID 61 (progress: 15/15)
10/12/06 07:52:22 INFO spark.SparkContext: Tasks finished in 84.802126837 s
Centroids changed by
	   (3.855411, 0.000000, 15.844373)
	to ((16.87,19.40), (37.45,22.43), (42.84,1.24))
10/12/06 07:52:22 INFO spark.SparkContext: Running 15 tasks in parallel
10/12/06 07:52:22 INFO spark.SimpleJob: Starting task 4:0 as TID 62 on slave 0-0: ip-10-202-158-207.ec2.internal (preferred)
10/12/06 07:52:22 INFO spark.SimpleJob: Starting task 4:1 as TID 63 on slave 0-1: ip-10-196-45-203.ec2.internal (preferred)
10/12/06 07:52:22 INFO spark.SimpleJob: Starting task 4:2 as TID 64 on slave 0-0: ip-10-202-158-207.ec2.internal (preferred)
10/12/06 07:52:22 INFO spark.SimpleJob: Starting task 4:3 as TID 65 on slave 0-1: ip-10-196-45-203.ec2.internal (preferred)
10/12/06 07:52:27 INFO spark.SimpleJob: Lost TID 62 (task 4:0)
10/12/06 07:52:27 INFO spark.SimpleJob: Starting task 4:0 as TID 66 on slave 0-0: ip-10-202-158-207.ec2.internal (preferred)
10/12/06 07:52:27 INFO spark.SimpleJob: Lost TID 64 (task 4:2)
10/12/06 07:52:27 INFO spark.SimpleJob: Starting task 4:2 as TID 67 on slave 0-0: ip-10-202-158-207.ec2.internal (preferred)
10/12/06 07:53:07 INFO spark.SimpleJob: Finished TID 65 (progress: 1/15)
10/12/06 07:53:07 INFO spark.SimpleJob: Starting task 4:4 as TID 68 on slave 0-1: ip-10-196-45-203.ec2.internal (preferred)
10/12/06 07:53:08 INFO spark.SimpleJob: Finished TID 63 (progress: 2/15)
10/12/06 07:53:08 INFO spark.SimpleJob: Starting task 4:5 as TID 69 on slave 0-1: ip-10-196-45-203.ec2.internal (preferred)
10/12/06 07:53:27 INFO spark.SimpleJob: Finished TID 66 (progress: 3/15)
10/12/06 07:53:27 INFO spark.SimpleJob: Starting task 4:6 as TID 70 on slave 0-0: ip-10-202-158-207.ec2.internal (preferred)
10/12/06 07:53:27 INFO spark.SimpleJob: Finished TID 67 (progress: 4/15)
10/12/06 07:53:27 INFO spark.SimpleJob: Starting task 4:7 as TID 71 on slave 0-0: ip-10-202-158-207.ec2.internal (preferred)
10/12/06 07:54:05 INFO spark.SimpleJob: Finished TID 68 (progress: 5/15)
10/12/06 07:54:05 INFO spark.SimpleJob: Starting task 4:8 as TID 72 on slave 0-1: ip-10-196-45-203.ec2.internal (preferred)
10/12/06 07:54:06 INFO spark.SimpleJob: Finished TID 69 (progress: 6/15)
10/12/06 07:54:06 INFO spark.SimpleJob: Starting task 4:9 as TID 73 on slave 0-1: ip-10-196-45-203.ec2.internal (preferred)
10/12/06 07:54:16 INFO spark.SimpleJob: Finished TID 71 (progress: 7/15)
10/12/06 07:54:16 INFO spark.SimpleJob: Starting task 4:10 as TID 74 on slave 0-0: ip-10-202-158-207.ec2.internal (preferred)
10/12/06 07:54:17 INFO spark.SimpleJob: Finished TID 70 (progress: 8/15)
10/12/06 07:54:17 INFO spark.SimpleJob: Starting task 4:11 as TID 75 on slave 0-0: ip-10-202-158-207.ec2.internal (preferred)
10/12/06 07:54:48 INFO spark.SimpleJob: Lost TID 73 (task 4:9)
10/12/06 07:54:48 INFO spark.SimpleJob: Starting task 4:9 as TID 76 on slave 0-1: ip-10-196-45-203.ec2.internal (preferred)
10/12/06 07:54:48 INFO spark.SimpleJob: Lost TID 72 (task 4:8)
10/12/06 07:54:48 INFO spark.SimpleJob: Starting task 4:8 as TID 77 on slave 0-1: ip-10-196-45-203.ec2.internal (preferred)
10/12/06 07:55:18 INFO spark.SimpleJob: Finished TID 74 (progress: 9/15)
10/12/06 07:55:18 INFO spark.SimpleJob: Starting task 4:14 as TID 78 on slave 0-0: ip-10-202-158-207.ec2.internal (preferred)
10/12/06 07:55:19 INFO spark.SimpleJob: Finished TID 75 (progress: 10/15)
10/12/06 07:55:21 INFO spark.SimpleJob: Starting task 4:12 as TID 79 on slave 0-0: ip-10-202-158-207.ec2.internal (non-preferred)
10/12/06 07:55:43 INFO spark.SimpleJob: Finished TID 76 (progress: 11/15)
10/12/06 07:55:43 INFO spark.SimpleJob: Starting task 4:13 as TID 80 on slave 0-1: ip-10-196-45-203.ec2.internal (preferred)
10/12/06 07:55:43 INFO spark.SimpleJob: Finished TID 77 (progress: 12/15)
10/12/06 07:55:54 INFO spark.SimpleJob: Finished TID 78 (progress: 13/15)
10/12/06 07:56:11 INFO spark.SimpleJob: Finished TID 79 (progress: 14/15)
10/12/06 07:56:20 INFO spark.SimpleJob: Finished TID 80 (progress: 15/15)
10/12/06 07:56:20 INFO spark.SparkContext: Tasks finished in 238.671078222 s
Centroids changed by
	   (0.000000, 0.000000, 0.000000)
	to ((16.87,19.40), (37.45,22.43), (42.84,1.24))
16.866761	19.403599
37.453316	22.431463
42.839751	1.244274

Final centroids: 
