stdin: is not a tty
WARNING: Logging before InitGoogleLogging() is written to STDERR
I1206 07:56:24.319830  2687 sched.cpp:181] New master at 1@10.112.41.99:5050 with ID:0
10/12/06 07:56:24 INFO spark.MesosScheduler: Registered as framework ID 201012060756-0-0001
10/12/06 07:56:24 INFO spark.BoundedMemoryCache: BoundedMemoryCache.maxBytes = 3087007744
10/12/06 07:56:24 INFO mapred.FileInputFormat: Total input paths to process : 1
10/12/06 07:56:24 INFO spark.SparkContext: Running 15 tasks in parallel
10/12/06 07:56:24 INFO spark.SimpleJob: Starting task 0:0 as TID 0 on slave 0-0: ip-10-202-158-207.ec2.internal (preferred)
10/12/06 07:56:24 INFO spark.SimpleJob: Starting task 0:1 as TID 1 on slave 0-1: ip-10-196-45-203.ec2.internal (preferred)
10/12/06 07:56:24 INFO spark.SimpleJob: Starting task 0:2 as TID 2 on slave 0-0: ip-10-202-158-207.ec2.internal (preferred)
10/12/06 07:56:24 INFO spark.SimpleJob: Starting task 0:3 as TID 3 on slave 0-1: ip-10-196-45-203.ec2.internal (preferred)
10/12/06 07:57:05 INFO spark.SimpleJob: Finished TID 3 (progress: 1/15)
10/12/06 07:57:05 INFO spark.SimpleJob: Starting task 0:4 as TID 4 on slave 0-1: ip-10-196-45-203.ec2.internal (preferred)
10/12/06 07:57:05 INFO spark.SimpleJob: Finished TID 1 (progress: 2/15)
10/12/06 07:57:05 INFO spark.SimpleJob: Starting task 0:5 as TID 5 on slave 0-1: ip-10-196-45-203.ec2.internal (preferred)
10/12/06 07:57:06 INFO spark.SimpleJob: Finished TID 2 (progress: 3/15)
10/12/06 07:57:06 INFO spark.SimpleJob: Starting task 0:6 as TID 6 on slave 0-0: ip-10-202-158-207.ec2.internal (preferred)
10/12/06 07:57:06 INFO spark.SimpleJob: Finished TID 0 (progress: 4/15)
10/12/06 07:57:06 INFO spark.SimpleJob: Starting task 0:7 as TID 7 on slave 0-0: ip-10-202-158-207.ec2.internal (preferred)
10/12/06 07:57:40 INFO spark.SimpleJob: Finished TID 4 (progress: 5/15)
10/12/06 07:57:40 INFO spark.SimpleJob: Starting task 0:8 as TID 8 on slave 0-1: ip-10-196-45-203.ec2.internal (preferred)
10/12/06 07:57:41 INFO spark.SimpleJob: Finished TID 5 (progress: 6/15)
10/12/06 07:57:41 INFO spark.SimpleJob: Starting task 0:9 as TID 9 on slave 0-1: ip-10-196-45-203.ec2.internal (preferred)
10/12/06 07:57:47 INFO spark.SimpleJob: Finished TID 7 (progress: 7/15)
10/12/06 07:57:47 INFO spark.SimpleJob: Starting task 0:10 as TID 10 on slave 0-0: ip-10-202-158-207.ec2.internal (preferred)
10/12/06 07:57:47 INFO spark.SimpleJob: Finished TID 6 (progress: 8/15)
10/12/06 07:57:47 INFO spark.SimpleJob: Starting task 0:11 as TID 11 on slave 0-0: ip-10-202-158-207.ec2.internal (preferred)
10/12/06 07:58:29 INFO spark.SimpleJob: Finished TID 8 (progress: 9/15)
10/12/06 07:58:29 INFO spark.SimpleJob: Starting task 0:12 as TID 12 on slave 0-1: ip-10-196-45-203.ec2.internal (preferred)
10/12/06 07:58:29 INFO spark.SimpleJob: Finished TID 9 (progress: 10/15)
10/12/06 07:58:29 INFO spark.SimpleJob: Starting task 0:13 as TID 13 on slave 0-1: ip-10-196-45-203.ec2.internal (preferred)
10/12/06 07:58:36 INFO spark.SimpleJob: Finished TID 11 (progress: 11/15)
10/12/06 07:58:36 INFO spark.SimpleJob: Starting task 0:14 as TID 14 on slave 0-0: ip-10-202-158-207.ec2.internal (preferred)
10/12/06 07:58:36 INFO spark.SimpleJob: Finished TID 10 (progress: 12/15)
10/12/06 07:58:50 INFO spark.SimpleJob: Finished TID 14 (progress: 13/15)
10/12/06 07:59:04 INFO spark.SimpleJob: Finished TID 12 (progress: 14/15)
10/12/06 07:59:04 INFO spark.SimpleJob: Finished TID 13 (progress: 15/15)
10/12/06 07:59:04 INFO spark.SparkContext: Tasks finished in 159.879604832 s
Read 100000000 points.
10/12/06 07:59:04 INFO spark.SparkContext: Running 15 tasks in parallel
10/12/06 07:59:04 INFO spark.SimpleJob: Starting task 1:0 as TID 15 on slave 0-0: ip-10-202-158-207.ec2.internal (preferred)
10/12/06 07:59:04 INFO spark.SimpleJob: Starting task 1:1 as TID 16 on slave 0-1: ip-10-196-45-203.ec2.internal (preferred)
10/12/06 07:59:04 INFO spark.SimpleJob: Starting task 1:2 as TID 17 on slave 0-0: ip-10-202-158-207.ec2.internal (preferred)
10/12/06 07:59:04 INFO spark.SimpleJob: Starting task 1:3 as TID 18 on slave 0-1: ip-10-196-45-203.ec2.internal (preferred)
10/12/06 07:59:13 INFO spark.SimpleJob: Finished TID 16 (progress: 1/15)
10/12/06 07:59:13 INFO spark.SimpleJob: Starting task 1:4 as TID 19 on slave 0-1: ip-10-196-45-203.ec2.internal (preferred)
10/12/06 07:59:13 INFO spark.SimpleJob: Finished TID 18 (progress: 2/15)
10/12/06 07:59:13 INFO spark.SimpleJob: Starting task 1:5 as TID 20 on slave 0-1: ip-10-196-45-203.ec2.internal (preferred)
10/12/06 07:59:15 INFO spark.SimpleJob: Finished TID 17 (progress: 3/15)
10/12/06 07:59:15 INFO spark.SimpleJob: Starting task 1:6 as TID 21 on slave 0-0: ip-10-202-158-207.ec2.internal (preferred)
10/12/06 07:59:15 INFO spark.SimpleJob: Finished TID 15 (progress: 4/15)
10/12/06 07:59:15 INFO spark.SimpleJob: Starting task 1:7 as TID 22 on slave 0-0: ip-10-202-158-207.ec2.internal (preferred)
10/12/06 07:59:22 INFO spark.SimpleJob: Finished TID 19 (progress: 5/15)
10/12/06 07:59:22 INFO spark.SimpleJob: Starting task 1:8 as TID 23 on slave 0-1: ip-10-196-45-203.ec2.internal (preferred)
10/12/06 07:59:22 INFO spark.SimpleJob: Finished TID 20 (progress: 6/15)
10/12/06 07:59:22 INFO spark.SimpleJob: Starting task 1:9 as TID 24 on slave 0-1: ip-10-196-45-203.ec2.internal (preferred)
10/12/06 07:59:23 INFO spark.SimpleJob: Finished TID 21 (progress: 7/15)
10/12/06 07:59:23 INFO spark.SimpleJob: Starting task 1:10 as TID 25 on slave 0-0: ip-10-202-158-207.ec2.internal (preferred)
10/12/06 07:59:24 INFO spark.SimpleJob: Finished TID 22 (progress: 8/15)
10/12/06 07:59:24 INFO spark.SimpleJob: Starting task 1:11 as TID 26 on slave 0-0: ip-10-202-158-207.ec2.internal (preferred)
10/12/06 07:59:30 INFO spark.SimpleJob: Finished TID 23 (progress: 9/15)
10/12/06 07:59:30 INFO spark.SimpleJob: Starting task 1:12 as TID 27 on slave 0-1: ip-10-196-45-203.ec2.internal (preferred)
10/12/06 07:59:31 INFO spark.SimpleJob: Finished TID 24 (progress: 10/15)
10/12/06 07:59:31 INFO spark.SimpleJob: Starting task 1:13 as TID 28 on slave 0-1: ip-10-196-45-203.ec2.internal (preferred)
10/12/06 07:59:32 INFO spark.SimpleJob: Finished TID 25 (progress: 11/15)
10/12/06 07:59:32 INFO spark.SimpleJob: Starting task 1:14 as TID 29 on slave 0-0: ip-10-202-158-207.ec2.internal (preferred)
10/12/06 07:59:33 INFO spark.SimpleJob: Finished TID 26 (progress: 12/15)
10/12/06 07:59:35 INFO spark.SimpleJob: Finished TID 29 (progress: 13/15)
10/12/06 07:59:39 INFO spark.SimpleJob: Finished TID 27 (progress: 14/15)
10/12/06 07:59:39 INFO spark.SimpleJob: Finished TID 28 (progress: 15/15)
10/12/06 07:59:39 INFO spark.SparkContext: Tasks finished in 34.948073843 s
Centroids changed by
	   (0.000000, 14.660059, 10.123634)
	to ((7.00,40.00), (37.45,22.43), (29.85,10.32))
10/12/06 07:59:39 INFO spark.SparkContext: Running 15 tasks in parallel
10/12/06 07:59:39 INFO spark.SimpleJob: Starting task 2:0 as TID 30 on slave 0-0: ip-10-202-158-207.ec2.internal (preferred)
10/12/06 07:59:39 INFO spark.SimpleJob: Starting task 2:1 as TID 31 on slave 0-1: ip-10-196-45-203.ec2.internal (preferred)
10/12/06 07:59:39 INFO spark.SimpleJob: Starting task 2:2 as TID 32 on slave 0-0: ip-10-202-158-207.ec2.internal (preferred)
10/12/06 07:59:39 INFO spark.SimpleJob: Starting task 2:3 as TID 33 on slave 0-1: ip-10-196-45-203.ec2.internal (preferred)
10/12/06 07:59:48 INFO spark.SimpleJob: Finished TID 31 (progress: 1/15)
10/12/06 07:59:48 INFO spark.SimpleJob: Starting task 2:4 as TID 34 on slave 0-1: ip-10-196-45-203.ec2.internal (preferred)
10/12/06 07:59:48 INFO spark.SimpleJob: Finished TID 33 (progress: 2/15)
10/12/06 07:59:48 INFO spark.SimpleJob: Starting task 2:5 as TID 35 on slave 0-1: ip-10-196-45-203.ec2.internal (preferred)
10/12/06 07:59:48 INFO spark.SimpleJob: Finished TID 32 (progress: 3/15)
10/12/06 07:59:48 INFO spark.SimpleJob: Starting task 2:6 as TID 36 on slave 0-0: ip-10-202-158-207.ec2.internal (preferred)
10/12/06 07:59:48 INFO spark.SimpleJob: Finished TID 30 (progress: 4/15)
10/12/06 07:59:48 INFO spark.SimpleJob: Starting task 2:7 as TID 37 on slave 0-0: ip-10-202-158-207.ec2.internal (preferred)
10/12/06 07:59:57 INFO spark.SimpleJob: Finished TID 34 (progress: 5/15)
10/12/06 07:59:57 INFO spark.SimpleJob: Starting task 2:8 as TID 38 on slave 0-1: ip-10-196-45-203.ec2.internal (preferred)
10/12/06 07:59:57 INFO spark.SimpleJob: Finished TID 35 (progress: 6/15)
10/12/06 07:59:57 INFO spark.SimpleJob: Starting task 2:9 as TID 39 on slave 0-1: ip-10-196-45-203.ec2.internal (preferred)
10/12/06 07:59:57 INFO spark.SimpleJob: Finished TID 37 (progress: 7/15)
10/12/06 07:59:57 INFO spark.SimpleJob: Starting task 2:10 as TID 40 on slave 0-0: ip-10-202-158-207.ec2.internal (preferred)
10/12/06 07:59:57 INFO spark.SimpleJob: Finished TID 36 (progress: 8/15)
10/12/06 07:59:57 INFO spark.SimpleJob: Starting task 2:11 as TID 41 on slave 0-0: ip-10-202-158-207.ec2.internal (preferred)
10/12/06 08:00:03 INFO spark.SimpleJob: Lost TID 38 (task 2:8)
10/12/06 08:00:03 INFO spark.SimpleJob: Starting task 2:8 as TID 42 on slave 0-1: ip-10-196-45-203.ec2.internal (preferred)
10/12/06 08:00:03 INFO spark.SimpleJob: Lost TID 39 (task 2:9)
10/12/06 08:00:03 INFO spark.SimpleJob: Starting task 2:9 as TID 43 on slave 0-1: ip-10-196-45-203.ec2.internal (preferred)
10/12/06 08:00:06 INFO spark.SimpleJob: Finished TID 40 (progress: 9/15)
10/12/06 08:00:06 INFO spark.SimpleJob: Starting task 2:14 as TID 44 on slave 0-0: ip-10-202-158-207.ec2.internal (preferred)
10/12/06 08:00:07 INFO spark.SimpleJob: Finished TID 41 (progress: 10/15)
10/12/06 08:00:09 INFO spark.SimpleJob: Finished TID 44 (progress: 11/15)
10/12/06 08:00:10 INFO spark.SimpleJob: Starting task 2:12 as TID 45 on slave 0-0: ip-10-202-158-207.ec2.internal (non-preferred)
10/12/06 08:00:10 INFO spark.SimpleJob: Starting task 2:13 as TID 46 on slave 0-0: ip-10-202-158-207.ec2.internal (non-preferred)
10/12/06 08:00:52 INFO spark.SimpleJob: Finished TID 43 (progress: 12/15)
10/12/06 08:00:52 INFO spark.SimpleJob: Finished TID 42 (progress: 13/15)
10/12/06 08:00:53 INFO spark.SimpleJob: Lost TID 45 (task 2:12)
10/12/06 08:00:53 INFO spark.SimpleJob: Starting task 2:12 as TID 47 on slave 0-0: ip-10-202-158-207.ec2.internal (preferred)
10/12/06 08:00:53 INFO spark.SimpleJob: Lost TID 46 (task 2:13)
10/12/06 08:00:53 INFO spark.SimpleJob: Starting task 2:13 as TID 48 on slave 0-0: ip-10-202-158-207.ec2.internal (preferred)
10/12/06 08:01:44 INFO spark.SimpleJob: Finished TID 48 (progress: 14/15)
10/12/06 08:01:44 INFO spark.SimpleJob: Finished TID 47 (progress: 15/15)
10/12/06 08:01:44 INFO spark.SparkContext: Tasks finished in 124.926804766 s
Centroids changed by
	   (19.086524, 0.000112, 0.001543)
	to ((14.50,22.45), (37.45,22.43), (29.85,10.32))
10/12/06 08:01:44 INFO spark.SparkContext: Running 15 tasks in parallel
10/12/06 08:01:44 INFO spark.SimpleJob: Starting task 3:0 as TID 49 on slave 0-0: ip-10-202-158-207.ec2.internal (preferred)
10/12/06 08:01:44 INFO spark.SimpleJob: Starting task 3:1 as TID 50 on slave 0-1: ip-10-196-45-203.ec2.internal (preferred)
10/12/06 08:01:44 INFO spark.SimpleJob: Starting task 3:2 as TID 51 on slave 0-0: ip-10-202-158-207.ec2.internal (preferred)
10/12/06 08:01:44 INFO spark.SimpleJob: Starting task 3:3 as TID 52 on slave 0-1: ip-10-196-45-203.ec2.internal (preferred)
10/12/06 08:02:27 INFO spark.SimpleJob: Finished TID 50 (progress: 1/15)
10/12/06 08:02:27 INFO spark.SimpleJob: Starting task 3:4 as TID 53 on slave 0-1: ip-10-196-45-203.ec2.internal (preferred)
10/12/06 08:02:27 INFO spark.SimpleJob: Finished TID 52 (progress: 2/15)
10/12/06 08:02:27 INFO spark.SimpleJob: Starting task 3:5 as TID 54 on slave 0-1: ip-10-196-45-203.ec2.internal (preferred)
10/12/06 08:02:31 INFO spark.SimpleJob: Finished TID 51 (progress: 3/15)
10/12/06 08:02:31 INFO spark.SimpleJob: Starting task 3:6 as TID 55 on slave 0-0: ip-10-202-158-207.ec2.internal (preferred)
10/12/06 08:02:32 INFO spark.SimpleJob: Finished TID 49 (progress: 4/15)
10/12/06 08:02:32 INFO spark.SimpleJob: Starting task 3:7 as TID 56 on slave 0-0: ip-10-202-158-207.ec2.internal (preferred)
10/12/06 08:03:26 INFO spark.SimpleJob: Finished TID 53 (progress: 5/15)
10/12/06 08:03:26 INFO spark.SimpleJob: Starting task 3:8 as TID 57 on slave 0-1: ip-10-196-45-203.ec2.internal (preferred)
10/12/06 08:03:27 INFO spark.SimpleJob: Finished TID 54 (progress: 6/15)
10/12/06 08:03:27 INFO spark.SimpleJob: Starting task 3:9 as TID 58 on slave 0-1: ip-10-196-45-203.ec2.internal (preferred)
10/12/06 08:03:31 INFO spark.SimpleJob: Finished TID 56 (progress: 7/15)
10/12/06 08:03:31 INFO spark.SimpleJob: Starting task 3:10 as TID 59 on slave 0-0: ip-10-202-158-207.ec2.internal (preferred)
10/12/06 08:03:31 INFO spark.SimpleJob: Finished TID 55 (progress: 8/15)
10/12/06 08:03:31 INFO spark.SimpleJob: Starting task 3:11 as TID 60 on slave 0-0: ip-10-202-158-207.ec2.internal (preferred)
10/12/06 08:03:35 INFO spark.SimpleJob: Finished TID 57 (progress: 9/15)
10/12/06 08:03:35 INFO spark.SimpleJob: Starting task 3:12 as TID 61 on slave 0-1: ip-10-196-45-203.ec2.internal (preferred)
10/12/06 08:03:36 INFO spark.SimpleJob: Finished TID 58 (progress: 10/15)
10/12/06 08:03:36 INFO spark.SimpleJob: Starting task 3:13 as TID 62 on slave 0-1: ip-10-196-45-203.ec2.internal (preferred)
10/12/06 08:04:14 INFO spark.SimpleJob: Lost TID 59 (task 3:10)
10/12/06 08:04:14 INFO spark.SimpleJob: Starting task 3:10 as TID 63 on slave 0-0: ip-10-202-158-207.ec2.internal (preferred)
10/12/06 08:04:14 INFO spark.SimpleJob: Lost TID 60 (task 3:11)
10/12/06 08:04:14 INFO spark.SimpleJob: Starting task 3:11 as TID 64 on slave 0-0: ip-10-202-158-207.ec2.internal (preferred)
10/12/06 08:04:21 INFO spark.SimpleJob: Finished TID 61 (progress: 11/15)
10/12/06 08:04:21 INFO spark.SimpleJob: Starting task 3:14 as TID 65 on slave 0-1: ip-10-196-45-203.ec2.internal (non-preferred)
10/12/06 08:04:22 INFO spark.SimpleJob: Finished TID 62 (progress: 12/15)
10/12/06 08:04:46 INFO spark.SimpleJob: Lost TID 65 (task 3:14)
10/12/06 08:04:46 INFO spark.SimpleJob: Starting task 3:14 as TID 66 on slave 0-1: ip-10-196-45-203.ec2.internal (preferred)
10/12/06 08:05:06 INFO spark.SimpleJob: Finished TID 63 (progress: 13/15)
10/12/06 08:05:06 INFO spark.SimpleJob: Finished TID 64 (progress: 14/15)
10/12/06 08:05:15 INFO spark.SimpleJob: Finished TID 66 (progress: 15/15)
10/12/06 08:05:15 INFO spark.SparkContext: Tasks finished in 210.666346128 s
Centroids changed by
	   (3.855411, 0.000000, 15.844373)
	to ((16.87,19.40), (37.45,22.43), (42.84,1.24))
10/12/06 08:05:15 INFO spark.SparkContext: Running 15 tasks in parallel
10/12/06 08:05:15 INFO spark.SimpleJob: Starting task 4:0 as TID 67 on slave 0-0: ip-10-202-158-207.ec2.internal (preferred)
10/12/06 08:05:15 INFO spark.SimpleJob: Starting task 4:1 as TID 68 on slave 0-1: ip-10-196-45-203.ec2.internal (preferred)
10/12/06 08:05:15 INFO spark.SimpleJob: Starting task 4:2 as TID 69 on slave 0-0: ip-10-202-158-207.ec2.internal (preferred)
10/12/06 08:05:15 INFO spark.SimpleJob: Starting task 4:3 as TID 70 on slave 0-1: ip-10-196-45-203.ec2.internal (preferred)
10/12/06 08:05:58 INFO spark.SimpleJob: Finished TID 70 (progress: 1/15)
10/12/06 08:05:58 INFO spark.SimpleJob: Starting task 4:4 as TID 71 on slave 0-1: ip-10-196-45-203.ec2.internal (preferred)
10/12/06 08:05:59 INFO spark.SimpleJob: Finished TID 68 (progress: 2/15)
10/12/06 08:05:59 INFO spark.SimpleJob: Starting task 4:5 as TID 72 on slave 0-1: ip-10-196-45-203.ec2.internal (preferred)
10/12/06 08:06:04 INFO spark.SimpleJob: Finished TID 67 (progress: 3/15)
10/12/06 08:06:04 INFO spark.SimpleJob: Starting task 4:6 as TID 73 on slave 0-0: ip-10-202-158-207.ec2.internal (preferred)
10/12/06 08:06:04 INFO spark.SimpleJob: Finished TID 69 (progress: 4/15)
10/12/06 08:06:04 INFO spark.SimpleJob: Starting task 4:7 as TID 74 on slave 0-0: ip-10-202-158-207.ec2.internal (preferred)
10/12/06 08:06:49 INFO spark.SimpleJob: Finished TID 71 (progress: 5/15)
10/12/06 08:06:49 INFO spark.SimpleJob: Starting task 4:8 as TID 75 on slave 0-1: ip-10-196-45-203.ec2.internal (preferred)
10/12/06 08:06:50 INFO spark.SimpleJob: Finished TID 72 (progress: 6/15)
10/12/06 08:06:50 INFO spark.SimpleJob: Starting task 4:9 as TID 76 on slave 0-1: ip-10-196-45-203.ec2.internal (preferred)
10/12/06 08:07:01 INFO spark.SimpleJob: Finished TID 74 (progress: 7/15)
10/12/06 08:07:01 INFO spark.SimpleJob: Starting task 4:10 as TID 77 on slave 0-0: ip-10-202-158-207.ec2.internal (preferred)
10/12/06 08:07:01 INFO spark.SimpleJob: Finished TID 73 (progress: 8/15)
10/12/06 08:07:01 INFO spark.SimpleJob: Starting task 4:11 as TID 78 on slave 0-0: ip-10-202-158-207.ec2.internal (preferred)
10/12/06 08:07:09 INFO spark.SimpleJob: Finished TID 77 (progress: 9/15)
10/12/06 08:07:09 INFO spark.SimpleJob: Starting task 4:12 as TID 79 on slave 0-0: ip-10-202-158-207.ec2.internal (preferred)
10/12/06 08:07:09 INFO spark.SimpleJob: Finished TID 78 (progress: 10/15)
10/12/06 08:07:09 INFO spark.SimpleJob: Starting task 4:13 as TID 80 on slave 0-0: ip-10-202-158-207.ec2.internal (preferred)
10/12/06 08:07:34 INFO spark.SimpleJob: Lost TID 75 (task 4:8)
10/12/06 08:07:34 INFO spark.SimpleJob: Starting task 4:8 as TID 81 on slave 0-1: ip-10-196-45-203.ec2.internal (preferred)
10/12/06 08:07:34 INFO spark.SimpleJob: Lost TID 76 (task 4:9)
10/12/06 08:07:34 INFO spark.SimpleJob: Starting task 4:9 as TID 82 on slave 0-1: ip-10-196-45-203.ec2.internal (preferred)
10/12/06 08:07:51 INFO spark.SimpleJob: Finished TID 79 (progress: 11/15)
10/12/06 08:07:51 INFO spark.SimpleJob: Starting task 4:14 as TID 83 on slave 0-0: ip-10-202-158-207.ec2.internal (preferred)
10/12/06 08:07:52 INFO spark.SimpleJob: Finished TID 80 (progress: 12/15)
10/12/06 08:08:06 INFO spark.SimpleJob: Lost TID 83 (task 4:14)
10/12/06 08:08:07 INFO spark.SimpleJob: Starting task 4:14 as TID 84 on slave 0-0: ip-10-202-158-207.ec2.internal (preferred)
10/12/06 08:08:22 INFO spark.SimpleJob: Finished TID 81 (progress: 13/15)
10/12/06 08:08:22 INFO spark.SimpleJob: Finished TID 82 (progress: 14/15)
10/12/06 08:08:32 INFO spark.SimpleJob: Finished TID 84 (progress: 15/15)
10/12/06 08:08:32 INFO spark.SparkContext: Tasks finished in 197.210225478 s
Centroids changed by
	   (0.000000, 0.000000, 0.000000)
	to ((16.87,19.40), (37.45,22.43), (42.84,1.24))
16.866761	19.403599
37.453316	22.431463
42.839751	1.244274

Final centroids: 
