stdin: is not a tty
10/12/06 09:38:06 INFO spark.BoundedMemoryCache: BoundedMemoryCache.maxBytes = 3087007744
WARNING: Logging before InitGoogleLogging() is written to STDERR
I1206 09:38:06.671223  2957 sched.cpp:181] New master at 1@10.202.102.15:5050 with ID:0
10/12/06 09:38:06 INFO spark.MesosScheduler: Registered as framework ID 201012060938-0-0002
10/12/06 09:38:07 INFO mapred.FileInputFormat: Total input paths to process : 1
10/12/06 09:38:07 INFO spark.SparkContext: Running 15 tasks in parallel
10/12/06 09:38:07 INFO spark.SimpleJob: Starting task 0:3 as TID 0 on slave 0-5: ip-10-204-210-196.ec2.internal (preferred)
10/12/06 09:38:07 INFO spark.SimpleJob: Starting task 0:0 as TID 1 on slave 0-3: ip-10-203-10-6.ec2.internal (preferred)
10/12/06 09:38:07 INFO spark.SimpleJob: Starting task 0:2 as TID 2 on slave 0-4: ip-10-194-110-176.ec2.internal (preferred)
10/12/06 09:38:07 INFO spark.SimpleJob: Starting task 0:1 as TID 3 on slave 0-0: ip-10-242-213-219.ec2.internal (preferred)
10/12/06 09:38:07 INFO spark.SimpleJob: Starting task 0:5 as TID 4 on slave 0-2: ip-10-112-30-164.ec2.internal (preferred)
10/12/06 09:38:07 INFO spark.SimpleJob: Starting task 0:4 as TID 5 on slave 0-1: ip-10-202-102-128.ec2.internal (preferred)
10/12/06 09:38:07 INFO spark.SimpleJob: Starting task 0:6 as TID 6 on slave 0-6: ip-10-194-22-16.ec2.internal (preferred)
10/12/06 09:38:07 INFO spark.SimpleJob: Starting task 0:10 as TID 7 on slave 0-5: ip-10-204-210-196.ec2.internal (preferred)
10/12/06 09:38:07 INFO spark.SimpleJob: Starting task 0:8 as TID 8 on slave 0-3: ip-10-203-10-6.ec2.internal (preferred)
10/12/06 09:38:07 INFO spark.SimpleJob: Starting task 0:9 as TID 9 on slave 0-4: ip-10-194-110-176.ec2.internal (preferred)
10/12/06 09:38:07 INFO spark.SimpleJob: Starting task 0:11 as TID 10 on slave 0-0: ip-10-242-213-219.ec2.internal (preferred)
10/12/06 09:38:07 INFO spark.SimpleJob: Starting task 0:7 as TID 11 on slave 0-2: ip-10-112-30-164.ec2.internal (preferred)
10/12/06 09:38:07 INFO spark.SimpleJob: Starting task 0:12 as TID 12 on slave 0-6: ip-10-194-22-16.ec2.internal (preferred)
10/12/06 09:38:10 INFO spark.SimpleJob: Starting task 0:13 as TID 13 on slave 0-1: ip-10-202-102-128.ec2.internal (non-preferred)
10/12/06 09:38:47 INFO spark.SimpleJob: Finished TID 10 (progress: 1/15)
10/12/06 09:38:47 INFO spark.SimpleJob: Starting task 0:14 as TID 14 on slave 0-0: ip-10-242-213-219.ec2.internal (preferred)
10/12/06 09:38:47 INFO spark.SimpleJob: Finished TID 3 (progress: 2/15)
10/12/06 09:38:47 INFO spark.SimpleJob: Finished TID 2 (progress: 3/15)
10/12/06 09:38:47 INFO spark.SimpleJob: Finished TID 9 (progress: 4/15)
10/12/06 09:38:48 INFO spark.SimpleJob: Finished TID 7 (progress: 5/15)
10/12/06 09:38:48 INFO spark.SimpleJob: Finished TID 0 (progress: 6/15)
10/12/06 09:38:48 INFO spark.SimpleJob: Finished TID 11 (progress: 7/15)
10/12/06 09:38:48 INFO spark.SimpleJob: Finished TID 4 (progress: 8/15)
10/12/06 09:38:48 INFO spark.SimpleJob: Finished TID 12 (progress: 9/15)
10/12/06 09:38:48 INFO spark.SimpleJob: Finished TID 6 (progress: 10/15)
10/12/06 09:38:48 INFO spark.SimpleJob: Finished TID 5 (progress: 11/15)
10/12/06 09:38:48 INFO spark.SimpleJob: Finished TID 13 (progress: 12/15)
10/12/06 09:38:49 INFO spark.SimpleJob: Finished TID 1 (progress: 13/15)
10/12/06 09:38:49 INFO spark.SimpleJob: Finished TID 8 (progress: 14/15)
10/12/06 09:39:03 INFO spark.SimpleJob: Finished TID 14 (progress: 15/15)
10/12/06 09:39:03 INFO spark.SparkContext: Tasks finished in 56.08779985 s
Read 100000000 points.
10/12/06 09:39:03 INFO spark.SparkContext: Running 15 tasks in parallel
10/12/06 09:39:03 INFO spark.SimpleJob: Starting task 1:3 as TID 15 on slave 0-5: ip-10-204-210-196.ec2.internal (preferred)
10/12/06 09:39:03 INFO spark.SimpleJob: Starting task 1:0 as TID 16 on slave 0-3: ip-10-203-10-6.ec2.internal (preferred)
10/12/06 09:39:03 INFO spark.SimpleJob: Starting task 1:2 as TID 17 on slave 0-4: ip-10-194-110-176.ec2.internal (preferred)
10/12/06 09:39:03 INFO spark.SimpleJob: Starting task 1:1 as TID 18 on slave 0-0: ip-10-242-213-219.ec2.internal (preferred)
10/12/06 09:39:03 INFO spark.SimpleJob: Starting task 1:5 as TID 19 on slave 0-2: ip-10-112-30-164.ec2.internal (preferred)
10/12/06 09:39:03 INFO spark.SimpleJob: Starting task 1:4 as TID 20 on slave 0-1: ip-10-202-102-128.ec2.internal (preferred)
10/12/06 09:39:03 INFO spark.SimpleJob: Starting task 1:6 as TID 21 on slave 0-6: ip-10-194-22-16.ec2.internal (preferred)
10/12/06 09:39:03 INFO spark.SimpleJob: Starting task 1:10 as TID 22 on slave 0-5: ip-10-204-210-196.ec2.internal (preferred)
10/12/06 09:39:03 INFO spark.SimpleJob: Starting task 1:8 as TID 23 on slave 0-3: ip-10-203-10-6.ec2.internal (preferred)
10/12/06 09:39:03 INFO spark.SimpleJob: Starting task 1:9 as TID 24 on slave 0-4: ip-10-194-110-176.ec2.internal (preferred)
10/12/06 09:39:03 INFO spark.SimpleJob: Starting task 1:11 as TID 25 on slave 0-0: ip-10-242-213-219.ec2.internal (preferred)
10/12/06 09:39:03 INFO spark.SimpleJob: Starting task 1:7 as TID 26 on slave 0-2: ip-10-112-30-164.ec2.internal (preferred)
10/12/06 09:39:03 INFO spark.SimpleJob: Starting task 1:13 as TID 27 on slave 0-1: ip-10-202-102-128.ec2.internal (preferred)
10/12/06 09:39:03 INFO spark.SimpleJob: Starting task 1:12 as TID 28 on slave 0-6: ip-10-194-22-16.ec2.internal (preferred)
10/12/06 09:39:11 INFO spark.SimpleJob: Finished TID 23 (progress: 1/15)
10/12/06 09:39:11 INFO spark.SimpleJob: Starting task 1:14 as TID 29 on slave 0-3: ip-10-203-10-6.ec2.internal (non-preferred)
10/12/06 09:39:11 INFO spark.SimpleJob: Finished TID 27 (progress: 2/15)
10/12/06 09:39:11 INFO spark.SimpleJob: Finished TID 20 (progress: 3/15)
10/12/06 09:39:11 INFO spark.SimpleJob: Finished TID 21 (progress: 4/15)
10/12/06 09:39:12 INFO spark.SimpleJob: Finished TID 28 (progress: 5/15)
10/12/06 09:39:13 INFO spark.SimpleJob: Finished TID 24 (progress: 6/15)
10/12/06 09:39:13 INFO spark.SimpleJob: Finished TID 25 (progress: 7/15)
10/12/06 09:39:13 INFO spark.SimpleJob: Finished TID 22 (progress: 8/15)
10/12/06 09:39:13 INFO spark.SimpleJob: Finished TID 18 (progress: 9/15)
10/12/06 09:39:13 INFO spark.SimpleJob: Finished TID 17 (progress: 10/15)
10/12/06 09:39:13 INFO spark.SimpleJob: Finished TID 26 (progress: 11/15)
10/12/06 09:39:13 INFO spark.SimpleJob: Finished TID 19 (progress: 12/15)
10/12/06 09:39:13 INFO spark.SimpleJob: Finished TID 15 (progress: 13/15)
10/12/06 09:39:32 INFO spark.SimpleJob: Finished TID 29 (progress: 14/15)
10/12/06 09:39:40 INFO spark.SimpleJob: Finished TID 16 (progress: 15/15)
10/12/06 09:39:40 INFO spark.SparkContext: Tasks finished in 36.855980677 s
Centroids changed by
	   (12.663212, 18.973381, 17.767672)
	to ((15.63,30.73), (26.08,36.39), (36.28,0.89))
10/12/06 09:39:40 INFO spark.SparkContext: Running 15 tasks in parallel
10/12/06 09:39:40 INFO spark.SimpleJob: Starting task 2:3 as TID 30 on slave 0-5: ip-10-204-210-196.ec2.internal (preferred)
10/12/06 09:39:40 INFO spark.SimpleJob: Starting task 2:0 as TID 31 on slave 0-3: ip-10-203-10-6.ec2.internal (preferred)
10/12/06 09:39:40 INFO spark.SimpleJob: Starting task 2:2 as TID 32 on slave 0-4: ip-10-194-110-176.ec2.internal (preferred)
10/12/06 09:39:40 INFO spark.SimpleJob: Starting task 2:1 as TID 33 on slave 0-0: ip-10-242-213-219.ec2.internal (preferred)
10/12/06 09:39:40 INFO spark.SimpleJob: Starting task 2:5 as TID 34 on slave 0-2: ip-10-112-30-164.ec2.internal (preferred)
10/12/06 09:39:40 INFO spark.SimpleJob: Starting task 2:4 as TID 35 on slave 0-1: ip-10-202-102-128.ec2.internal (preferred)
10/12/06 09:39:40 INFO spark.SimpleJob: Starting task 2:6 as TID 36 on slave 0-6: ip-10-194-22-16.ec2.internal (preferred)
10/12/06 09:39:40 INFO spark.SimpleJob: Starting task 2:10 as TID 37 on slave 0-5: ip-10-204-210-196.ec2.internal (preferred)
10/12/06 09:39:40 INFO spark.SimpleJob: Starting task 2:8 as TID 38 on slave 0-3: ip-10-203-10-6.ec2.internal (preferred)
10/12/06 09:39:40 INFO spark.SimpleJob: Starting task 2:9 as TID 39 on slave 0-4: ip-10-194-110-176.ec2.internal (preferred)
10/12/06 09:39:40 INFO spark.SimpleJob: Starting task 2:11 as TID 40 on slave 0-0: ip-10-242-213-219.ec2.internal (preferred)
10/12/06 09:39:40 INFO spark.SimpleJob: Starting task 2:7 as TID 41 on slave 0-2: ip-10-112-30-164.ec2.internal (preferred)
10/12/06 09:39:40 INFO spark.SimpleJob: Starting task 2:13 as TID 42 on slave 0-1: ip-10-202-102-128.ec2.internal (preferred)
10/12/06 09:39:40 INFO spark.SimpleJob: Starting task 2:12 as TID 43 on slave 0-6: ip-10-194-22-16.ec2.internal (preferred)
10/12/06 09:39:48 INFO spark.SimpleJob: Finished TID 36 (progress: 1/15)
10/12/06 09:39:48 INFO spark.SimpleJob: Starting task 2:14 as TID 44 on slave 0-6: ip-10-194-22-16.ec2.internal (non-preferred)
10/12/06 09:39:48 INFO spark.SimpleJob: Finished TID 43 (progress: 2/15)
10/12/06 09:39:48 INFO spark.SimpleJob: Finished TID 42 (progress: 3/15)
10/12/06 09:39:48 INFO spark.SimpleJob: Finished TID 35 (progress: 4/15)
10/12/06 09:39:49 INFO spark.SimpleJob: Finished TID 39 (progress: 5/15)
10/12/06 09:39:49 INFO spark.SimpleJob: Finished TID 32 (progress: 6/15)
10/12/06 09:39:49 INFO spark.SimpleJob: Finished TID 30 (progress: 7/15)
10/12/06 09:39:49 INFO spark.SimpleJob: Finished TID 37 (progress: 8/15)
10/12/06 09:39:50 INFO spark.SimpleJob: Finished TID 41 (progress: 9/15)
10/12/06 09:39:50 INFO spark.SimpleJob: Finished TID 33 (progress: 10/15)
10/12/06 09:39:50 INFO spark.SimpleJob: Finished TID 34 (progress: 11/15)
10/12/06 09:39:50 INFO spark.SimpleJob: Finished TID 38 (progress: 12/15)
10/12/06 09:39:50 INFO spark.SimpleJob: Finished TID 40 (progress: 13/15)
10/12/06 09:39:50 INFO spark.SimpleJob: Finished TID 31 (progress: 14/15)
10/12/06 09:40:07 INFO spark.SimpleJob: Finished TID 44 (progress: 15/15)
10/12/06 09:40:07 INFO spark.SparkContext: Tasks finished in 27.064551217 s
Centroids changed by
	   (9.082684, 4.203525, 1.122626)
	to ((9.23,24.29), (21.91,36.96), (37.16,0.18))
10/12/06 09:40:07 INFO spark.SparkContext: Running 15 tasks in parallel
10/12/06 09:40:07 INFO spark.SimpleJob: Starting task 3:3 as TID 45 on slave 0-5: ip-10-204-210-196.ec2.internal (preferred)
10/12/06 09:40:07 INFO spark.SimpleJob: Starting task 3:0 as TID 46 on slave 0-3: ip-10-203-10-6.ec2.internal (preferred)
10/12/06 09:40:07 INFO spark.SimpleJob: Starting task 3:2 as TID 47 on slave 0-4: ip-10-194-110-176.ec2.internal (preferred)
10/12/06 09:40:07 INFO spark.SimpleJob: Starting task 3:1 as TID 48 on slave 0-0: ip-10-242-213-219.ec2.internal (preferred)
10/12/06 09:40:07 INFO spark.SimpleJob: Starting task 3:5 as TID 49 on slave 0-2: ip-10-112-30-164.ec2.internal (preferred)
10/12/06 09:40:07 INFO spark.SimpleJob: Starting task 3:4 as TID 50 on slave 0-1: ip-10-202-102-128.ec2.internal (preferred)
10/12/06 09:40:07 INFO spark.SimpleJob: Starting task 3:6 as TID 51 on slave 0-6: ip-10-194-22-16.ec2.internal (preferred)
10/12/06 09:40:07 INFO spark.SimpleJob: Starting task 3:10 as TID 52 on slave 0-5: ip-10-204-210-196.ec2.internal (preferred)
10/12/06 09:40:07 INFO spark.SimpleJob: Starting task 3:8 as TID 53 on slave 0-3: ip-10-203-10-6.ec2.internal (preferred)
10/12/06 09:40:07 INFO spark.SimpleJob: Starting task 3:9 as TID 54 on slave 0-4: ip-10-194-110-176.ec2.internal (preferred)
10/12/06 09:40:07 INFO spark.SimpleJob: Starting task 3:11 as TID 55 on slave 0-0: ip-10-242-213-219.ec2.internal (preferred)
10/12/06 09:40:07 INFO spark.SimpleJob: Starting task 3:7 as TID 56 on slave 0-2: ip-10-112-30-164.ec2.internal (preferred)
10/12/06 09:40:07 INFO spark.SimpleJob: Starting task 3:13 as TID 57 on slave 0-1: ip-10-202-102-128.ec2.internal (preferred)
10/12/06 09:40:07 INFO spark.SimpleJob: Starting task 3:12 as TID 58 on slave 0-6: ip-10-194-22-16.ec2.internal (preferred)
10/12/06 09:40:15 INFO spark.SimpleJob: Finished TID 57 (progress: 1/15)
10/12/06 09:40:15 INFO spark.SimpleJob: Starting task 3:14 as TID 59 on slave 0-1: ip-10-202-102-128.ec2.internal (non-preferred)
10/12/06 09:40:15 INFO spark.SimpleJob: Finished TID 50 (progress: 2/15)
10/12/06 09:40:15 INFO spark.SimpleJob: Finished TID 58 (progress: 3/15)
10/12/06 09:40:15 INFO spark.SimpleJob: Finished TID 51 (progress: 4/15)
10/12/06 09:40:16 INFO spark.SimpleJob: Finished TID 55 (progress: 5/15)
10/12/06 09:40:16 INFO spark.SimpleJob: Finished TID 48 (progress: 6/15)
10/12/06 09:40:16 INFO spark.SimpleJob: Finished TID 56 (progress: 7/15)
10/12/06 09:40:16 INFO spark.SimpleJob: Finished TID 45 (progress: 8/15)
10/12/06 09:40:16 INFO spark.SimpleJob: Finished TID 49 (progress: 9/15)
10/12/06 09:40:16 INFO spark.SimpleJob: Finished TID 52 (progress: 10/15)
10/12/06 09:40:17 INFO spark.SimpleJob: Finished TID 54 (progress: 11/15)
10/12/06 09:40:17 INFO spark.SimpleJob: Finished TID 47 (progress: 12/15)
10/12/06 09:40:17 INFO spark.SimpleJob: Finished TID 46 (progress: 13/15)
10/12/06 09:40:17 INFO spark.SimpleJob: Finished TID 53 (progress: 14/15)
10/12/06 09:40:35 INFO spark.SimpleJob: Finished TID 59 (progress: 15/15)
9.172912	24.223364
21.899528	36.956608
37.155717	0.183872

10/12/06 09:40:35 INFO spark.SparkContext: Tasks finished in 27.970506634 s
Centroids changed by
	   (0.084894, 0.016047, 0.000000)
	to ((9.17,24.22), (21.90,36.96), (37.16,0.18))
Final centroids: 
