WARNING: Logging before InitGoogleLogging() is written to STDERR
I1205 01:44:19.563797  4884 sched.cpp:181] New master at 1@10.202.70.163:5050 with ID:0
10/12/05 01:44:19 INFO BoundedMemoryCache: BoundedMemoryCache.maxBytes = 3087007744
10/12/05 01:44:19 INFO MesosScheduler: Registered as framework ID 201012050144-0-0030
10/12/05 01:44:20 INFO FileInputFormat: Total input paths to process : 2
10/12/05 01:44:20 INFO SparkContext: Running 4 tasks in parallel
10/12/05 01:44:20 INFO SimpleJob: Starting task 0:0 as TID 0 on slave 0-0: ip-10-202-71-135.ec2.internal (preferred)
10/12/05 01:44:20 INFO SimpleJob: Starting task 0:1 as TID 1 on slave 0-1: ip-10-196-103-159.ec2.internal (preferred)
10/12/05 01:44:20 INFO SimpleJob: Starting task 0:2 as TID 2 on slave 0-0: ip-10-202-71-135.ec2.internal (preferred)
10/12/05 01:44:20 INFO SimpleJob: Starting task 0:3 as TID 3 on slave 0-1: ip-10-196-103-159.ec2.internal (preferred)
10/12/05 01:44:34 INFO SimpleJob: Finished TID 3 (progress: 1/4)
10/12/05 01:44:34 INFO SimpleJob: Finished TID 1 (progress: 2/4)
10/12/05 01:44:55 INFO SimpleJob: Finished TID 2 (progress: 3/4)
10/12/05 01:44:55 INFO SimpleJob: Finished TID 0 (progress: 4/4)
10/12/05 01:44:55 INFO SparkContext: Tasks finished in 35.334421248 s
Read 20000000 points.
10/12/05 01:44:55 INFO SparkContext: Running 4 tasks in parallel
10/12/05 01:44:55 INFO SimpleJob: Starting task 1:0 as TID 4 on slave 0-0: ip-10-202-71-135.ec2.internal (preferred)
10/12/05 01:44:55 INFO SimpleJob: Starting task 1:1 as TID 5 on slave 0-1: ip-10-196-103-159.ec2.internal (preferred)
10/12/05 01:44:55 INFO SimpleJob: Starting task 1:2 as TID 6 on slave 0-0: ip-10-202-71-135.ec2.internal (preferred)
10/12/05 01:44:55 INFO SimpleJob: Starting task 1:3 as TID 7 on slave 0-1: ip-10-196-103-159.ec2.internal (preferred)
10/12/05 01:45:00 INFO SimpleJob: Finished TID 5 (progress: 1/4)
10/12/05 01:45:03 INFO SimpleJob: Finished TID 4 (progress: 2/4)
10/12/05 01:45:03 INFO SimpleJob: Finished TID 6 (progress: 3/4)
10/12/05 01:45:08 INFO SimpleJob: Finished TID 7 (progress: 4/4)
10/12/05 01:45:08 INFO SparkContext: Tasks finished in 13.073602111 s
Centroids changed by
	   (1.020119, 0.433392, 2.183411)
	to ((7.78,40.66), (44.75,35.36), (17.87,7.51))
10/12/05 01:45:08 INFO SparkContext: Running 4 tasks in parallel
10/12/05 01:45:08 INFO SimpleJob: Starting task 2:0 as TID 8 on slave 0-0: ip-10-202-71-135.ec2.internal (preferred)
10/12/05 01:45:08 INFO SimpleJob: Starting task 2:1 as TID 9 on slave 0-1: ip-10-196-103-159.ec2.internal (preferred)
10/12/05 01:45:08 INFO SimpleJob: Starting task 2:2 as TID 10 on slave 0-0: ip-10-202-71-135.ec2.internal (preferred)
10/12/05 01:45:08 INFO SimpleJob: Starting task 2:3 as TID 11 on slave 0-1: ip-10-196-103-159.ec2.internal (preferred)
10/12/05 01:45:12 INFO SimpleJob: Finished TID 9 (progress: 1/4)
10/12/05 01:45:12 INFO SimpleJob: Finished TID 11 (progress: 2/4)
10/12/05 01:45:16 INFO SimpleJob: Finished TID 8 (progress: 3/4)
10/12/05 01:45:16 INFO SimpleJob: Finished TID 10 (progress: 4/4)
10/12/05 01:45:16 INFO SparkContext: Tasks finished in 7.949746417 s
Centroids changed by
	   (0.000000, 0.000000, 0.000000)
	to ((7.78,40.66), (44.75,35.36), (17.87,7.51))
Final centroids: 
7.776982	40.661016
44.751415	35.355014
17.872132	7.510652

