stdin: is not a tty
WARNING: Logging before InitGoogleLogging() is written to STDERR
I1207 03:13:19.509872  2864 sched.cpp:181] New master at 1@10.196.170.128:5050 with ID:0
10/12/07 03:13:19 INFO spark.MesosScheduler: Registered as framework ID 201012070313-0-0000
10/12/07 03:13:19 INFO spark.BoundedMemoryCache: BoundedMemoryCache.maxBytes = 3265888256
10/12/07 03:13:19 INFO mapred.FileInputFormat: Total input paths to process : 1
10/12/07 03:13:20 INFO spark.SparkContext: Running 15 tasks in parallel
10/12/07 03:13:20 INFO spark.SimpleJob: Starting task 0:0 as TID 0 on slave 0-1: ip-10-194-165-220.ec2.internal (preferred)
10/12/07 03:13:20 INFO spark.SimpleJob: Starting task 0:1 as TID 1 on slave 0-0: ip-10-243-15-48.ec2.internal (preferred)
10/12/07 03:13:20 INFO spark.SimpleJob: Starting task 0:2 as TID 2 on slave 0-1: ip-10-194-165-220.ec2.internal (preferred)
10/12/07 03:13:20 INFO spark.SimpleJob: Starting task 0:3 as TID 3 on slave 0-0: ip-10-243-15-48.ec2.internal (preferred)
10/12/07 03:14:00 INFO spark.SimpleJob: Finished TID 0 (progress: 1/15)
10/12/07 03:14:00 INFO spark.SimpleJob: Starting task 0:4 as TID 4 on slave 0-1: ip-10-194-165-220.ec2.internal (preferred)
10/12/07 03:14:01 INFO spark.SimpleJob: Finished TID 2 (progress: 2/15)
10/12/07 03:14:01 INFO spark.SimpleJob: Starting task 0:5 as TID 5 on slave 0-1: ip-10-194-165-220.ec2.internal (preferred)
10/12/07 03:14:08 INFO spark.SimpleJob: Finished TID 1 (progress: 3/15)
10/12/07 03:14:08 INFO spark.SimpleJob: Starting task 0:6 as TID 6 on slave 0-0: ip-10-243-15-48.ec2.internal (preferred)
10/12/07 03:14:08 INFO spark.SimpleJob: Finished TID 3 (progress: 4/15)
10/12/07 03:14:08 INFO spark.SimpleJob: Starting task 0:7 as TID 7 on slave 0-0: ip-10-243-15-48.ec2.internal (preferred)
10/12/07 03:14:35 INFO spark.SimpleJob: Finished TID 5 (progress: 5/15)
10/12/07 03:14:35 INFO spark.SimpleJob: Starting task 0:8 as TID 8 on slave 0-1: ip-10-194-165-220.ec2.internal (preferred)
10/12/07 03:14:35 INFO spark.SimpleJob: Finished TID 4 (progress: 6/15)
10/12/07 03:14:35 INFO spark.SimpleJob: Starting task 0:9 as TID 9 on slave 0-1: ip-10-194-165-220.ec2.internal (preferred)
10/12/07 03:14:52 INFO spark.SimpleJob: Finished TID 6 (progress: 7/15)
10/12/07 03:14:52 INFO spark.SimpleJob: Starting task 0:10 as TID 10 on slave 0-0: ip-10-243-15-48.ec2.internal (preferred)
10/12/07 03:14:53 INFO spark.SimpleJob: Finished TID 7 (progress: 8/15)
10/12/07 03:14:53 INFO spark.SimpleJob: Starting task 0:11 as TID 11 on slave 0-0: ip-10-243-15-48.ec2.internal (preferred)
10/12/07 03:15:13 INFO spark.SimpleJob: Finished TID 8 (progress: 9/15)
10/12/07 03:15:13 INFO spark.SimpleJob: Starting task 0:12 as TID 12 on slave 0-1: ip-10-194-165-220.ec2.internal (preferred)
10/12/07 03:15:13 INFO spark.SimpleJob: Finished TID 9 (progress: 10/15)
10/12/07 03:15:13 INFO spark.SimpleJob: Starting task 0:13 as TID 13 on slave 0-1: ip-10-194-165-220.ec2.internal (preferred)
10/12/07 03:15:37 INFO spark.SimpleJob: Finished TID 10 (progress: 11/15)
10/12/07 03:15:37 INFO spark.SimpleJob: Starting task 0:14 as TID 14 on slave 0-0: ip-10-243-15-48.ec2.internal (preferred)
10/12/07 03:15:38 INFO spark.SimpleJob: Finished TID 11 (progress: 12/15)
10/12/07 03:16:03 INFO spark.SimpleJob: Finished TID 12 (progress: 13/15)
10/12/07 03:16:04 INFO spark.SimpleJob: Finished TID 13 (progress: 14/15)
10/12/07 03:16:08 INFO spark.SimpleJob: Finished TID 14 (progress: 15/15)
10/12/07 03:16:08 INFO spark.SparkContext: Tasks finished in 168.85594946 s
Read 100000000 points.
10/12/07 03:16:08 INFO spark.SparkContext: Running 15 tasks in parallel
10/12/07 03:16:08 INFO spark.SimpleJob: Starting task 1:0 as TID 15 on slave 0-1: ip-10-194-165-220.ec2.internal (preferred)
10/12/07 03:16:08 INFO spark.SimpleJob: Starting task 1:1 as TID 16 on slave 0-0: ip-10-243-15-48.ec2.internal (preferred)
10/12/07 03:16:08 INFO spark.SimpleJob: Starting task 1:2 as TID 17 on slave 0-1: ip-10-194-165-220.ec2.internal (preferred)
10/12/07 03:16:08 INFO spark.SimpleJob: Starting task 1:3 as TID 18 on slave 0-0: ip-10-243-15-48.ec2.internal (preferred)
10/12/07 03:16:21 INFO spark.SimpleJob: Finished TID 16 (progress: 1/15)
10/12/07 03:16:21 INFO spark.SimpleJob: Starting task 1:6 as TID 19 on slave 0-0: ip-10-243-15-48.ec2.internal (preferred)
10/12/07 03:16:21 INFO spark.SimpleJob: Finished TID 18 (progress: 2/15)
10/12/07 03:16:21 INFO spark.SimpleJob: Starting task 1:7 as TID 20 on slave 0-0: ip-10-243-15-48.ec2.internal (preferred)
10/12/07 03:16:23 INFO spark.SimpleJob: Finished TID 17 (progress: 3/15)
10/12/07 03:16:23 INFO spark.SimpleJob: Starting task 1:4 as TID 21 on slave 0-1: ip-10-194-165-220.ec2.internal (preferred)
10/12/07 03:16:23 INFO spark.SimpleJob: Finished TID 15 (progress: 4/15)
10/12/07 03:16:23 INFO spark.SimpleJob: Starting task 1:5 as TID 22 on slave 0-1: ip-10-194-165-220.ec2.internal (preferred)
10/12/07 03:16:33 INFO spark.SimpleJob: Finished TID 20 (progress: 5/15)
10/12/07 03:16:33 INFO spark.SimpleJob: Starting task 1:10 as TID 23 on slave 0-0: ip-10-243-15-48.ec2.internal (preferred)
10/12/07 03:16:33 INFO spark.SimpleJob: Finished TID 19 (progress: 6/15)
10/12/07 03:16:33 INFO spark.SimpleJob: Starting task 1:11 as TID 24 on slave 0-0: ip-10-243-15-48.ec2.internal (preferred)
10/12/07 03:16:33 INFO spark.SimpleJob: Finished TID 21 (progress: 7/15)
10/12/07 03:16:33 INFO spark.SimpleJob: Starting task 1:8 as TID 25 on slave 0-1: ip-10-194-165-220.ec2.internal (preferred)
10/12/07 03:16:33 INFO spark.SimpleJob: Finished TID 22 (progress: 8/15)
10/12/07 03:16:33 INFO spark.SimpleJob: Starting task 1:9 as TID 26 on slave 0-1: ip-10-194-165-220.ec2.internal (preferred)
10/12/07 03:16:41 INFO spark.SimpleJob: Lost TID 23 (task 1:10)
10/12/07 03:16:41 INFO spark.SimpleJob: Starting task 1:10 as TID 27 on slave 0-0: ip-10-243-15-48.ec2.internal (preferred)
10/12/07 03:16:41 INFO spark.SimpleJob: Lost TID 24 (task 1:11)
10/12/07 03:16:41 INFO spark.SimpleJob: Starting task 1:11 as TID 28 on slave 0-0: ip-10-243-15-48.ec2.internal (preferred)
10/12/07 03:16:44 INFO spark.SimpleJob: Finished TID 25 (progress: 9/15)
10/12/07 03:16:44 INFO spark.SimpleJob: Starting task 1:12 as TID 29 on slave 0-1: ip-10-194-165-220.ec2.internal (preferred)
10/12/07 03:16:44 INFO spark.SimpleJob: Finished TID 26 (progress: 10/15)
10/12/07 03:16:44 INFO spark.SimpleJob: Starting task 1:13 as TID 30 on slave 0-1: ip-10-194-165-220.ec2.internal (preferred)
10/12/07 03:16:55 INFO spark.SimpleJob: Finished TID 29 (progress: 11/15)
10/12/07 03:16:55 INFO spark.SimpleJob: Starting task 1:14 as TID 31 on slave 0-1: ip-10-194-165-220.ec2.internal (non-preferred)
10/12/07 03:16:56 INFO spark.SimpleJob: Finished TID 30 (progress: 12/15)
10/12/07 03:17:28 INFO spark.SimpleJob: Finished TID 31 (progress: 13/15)
10/12/07 03:17:43 INFO spark.SimpleJob: Finished TID 28 (progress: 14/15)
10/12/07 03:17:43 INFO spark.SimpleJob: Finished TID 27 (progress: 15/15)
10/12/07 03:17:43 INFO spark.SparkContext: Tasks finished in 94.608490736 s
Centroids changed by
	   (18.174897, 3.967351, 13.415806)
	to ((22.77,30.96), (45.98,31.16), (32.83,11.91))
10/12/07 03:17:43 INFO spark.SparkContext: Running 15 tasks in parallel
10/12/07 03:17:43 INFO spark.SimpleJob: Starting task 2:0 as TID 32 on slave 0-1: ip-10-194-165-220.ec2.internal (preferred)
10/12/07 03:17:43 INFO spark.SimpleJob: Starting task 2:1 as TID 33 on slave 0-0: ip-10-243-15-48.ec2.internal (preferred)
10/12/07 03:17:43 INFO spark.SimpleJob: Starting task 2:2 as TID 34 on slave 0-1: ip-10-194-165-220.ec2.internal (preferred)
10/12/07 03:17:43 INFO spark.SimpleJob: Starting task 2:3 as TID 35 on slave 0-0: ip-10-243-15-48.ec2.internal (preferred)
10/12/07 03:17:54 INFO spark.SimpleJob: Finished TID 32 (progress: 1/15)
10/12/07 03:17:54 INFO spark.SimpleJob: Starting task 2:4 as TID 36 on slave 0-1: ip-10-194-165-220.ec2.internal (preferred)
10/12/07 03:17:54 INFO spark.SimpleJob: Finished TID 34 (progress: 2/15)
10/12/07 03:17:54 INFO spark.SimpleJob: Starting task 2:5 as TID 37 on slave 0-1: ip-10-194-165-220.ec2.internal (preferred)
10/12/07 03:18:04 INFO spark.SimpleJob: Finished TID 36 (progress: 3/15)
10/12/07 03:18:04 INFO spark.SimpleJob: Starting task 2:8 as TID 38 on slave 0-1: ip-10-194-165-220.ec2.internal (preferred)
10/12/07 03:18:04 INFO spark.SimpleJob: Finished TID 37 (progress: 4/15)
10/12/07 03:18:04 INFO spark.SimpleJob: Starting task 2:9 as TID 39 on slave 0-1: ip-10-194-165-220.ec2.internal (preferred)
10/12/07 03:18:15 INFO spark.SimpleJob: Finished TID 39 (progress: 5/15)
10/12/07 03:18:15 INFO spark.SimpleJob: Starting task 2:12 as TID 40 on slave 0-1: ip-10-194-165-220.ec2.internal (preferred)
10/12/07 03:18:15 INFO spark.SimpleJob: Finished TID 38 (progress: 6/15)
10/12/07 03:18:15 INFO spark.SimpleJob: Starting task 2:13 as TID 41 on slave 0-1: ip-10-194-165-220.ec2.internal (preferred)
10/12/07 03:18:20 INFO spark.SimpleJob: Lost TID 40 (task 2:12)
10/12/07 03:18:20 INFO spark.SimpleJob: Starting task 2:12 as TID 42 on slave 0-1: ip-10-194-165-220.ec2.internal (preferred)
10/12/07 03:18:20 INFO spark.SimpleJob: Lost TID 41 (task 2:13)
10/12/07 03:18:20 INFO spark.SimpleJob: Starting task 2:13 as TID 43 on slave 0-1: ip-10-194-165-220.ec2.internal (preferred)
10/12/07 03:18:40 INFO spark.SimpleJob: Finished TID 33 (progress: 7/15)
10/12/07 03:18:40 INFO spark.SimpleJob: Starting task 2:6 as TID 44 on slave 0-0: ip-10-243-15-48.ec2.internal (preferred)
10/12/07 03:18:40 INFO spark.SimpleJob: Finished TID 35 (progress: 8/15)
10/12/07 03:18:40 INFO spark.SimpleJob: Starting task 2:7 as TID 45 on slave 0-0: ip-10-243-15-48.ec2.internal (preferred)
10/12/07 03:19:11 INFO spark.SimpleJob: Finished TID 43 (progress: 9/15)
10/12/07 03:19:11 INFO spark.SimpleJob: Starting task 2:14 as TID 46 on slave 0-1: ip-10-194-165-220.ec2.internal (preferred)
10/12/07 03:19:11 INFO spark.SimpleJob: Finished TID 42 (progress: 10/15)
10/12/07 03:19:15 INFO spark.SimpleJob: Starting task 2:10 as TID 47 on slave 0-1: ip-10-194-165-220.ec2.internal (non-preferred)
10/12/07 03:19:43 INFO spark.SimpleJob: Finished TID 44 (progress: 11/15)
10/12/07 03:19:43 INFO spark.SimpleJob: Starting task 2:11 as TID 48 on slave 0-0: ip-10-243-15-48.ec2.internal (preferred)
10/12/07 03:19:44 INFO spark.SimpleJob: Finished TID 45 (progress: 12/15)
10/12/07 03:19:49 INFO spark.SimpleJob: Finished TID 46 (progress: 13/15)
10/12/07 03:19:53 INFO spark.SimpleJob: Finished TID 48 (progress: 14/15)
10/12/07 03:19:58 INFO spark.SimpleJob: Finished TID 47 (progress: 15/15)
10/12/07 03:19:58 INFO spark.SparkContext: Tasks finished in 135.210311395 s
Centroids changed by
	   (0.029005, 0.203974, 0.025977)
	to ((22.79,30.95), (46.18,31.16), (32.85,11.89))
10/12/07 03:19:58 INFO spark.SparkContext: Running 15 tasks in parallel
10/12/07 03:19:58 INFO spark.SimpleJob: Starting task 3:0 as TID 49 on slave 0-1: ip-10-194-165-220.ec2.internal (preferred)
10/12/07 03:19:58 INFO spark.SimpleJob: Starting task 3:1 as TID 50 on slave 0-0: ip-10-243-15-48.ec2.internal (preferred)
10/12/07 03:19:58 INFO spark.SimpleJob: Starting task 3:2 as TID 51 on slave 0-1: ip-10-194-165-220.ec2.internal (preferred)
10/12/07 03:19:58 INFO spark.SimpleJob: Starting task 3:3 as TID 52 on slave 0-0: ip-10-243-15-48.ec2.internal (preferred)
10/12/07 03:20:13 INFO spark.SimpleJob: Finished TID 52 (progress: 1/15)
10/12/07 03:20:13 INFO spark.SimpleJob: Starting task 3:6 as TID 53 on slave 0-0: ip-10-243-15-48.ec2.internal (preferred)
10/12/07 03:20:14 INFO spark.SimpleJob: Finished TID 50 (progress: 2/15)
10/12/07 03:20:14 INFO spark.SimpleJob: Starting task 3:7 as TID 54 on slave 0-0: ip-10-243-15-48.ec2.internal (preferred)
10/12/07 03:20:28 INFO spark.SimpleJob: Finished TID 53 (progress: 3/15)
10/12/07 03:20:28 INFO spark.SimpleJob: Starting task 3:10 as TID 55 on slave 0-0: ip-10-243-15-48.ec2.internal (preferred)
10/12/07 03:20:28 INFO spark.SimpleJob: Finished TID 54 (progress: 4/15)
10/12/07 03:20:28 INFO spark.SimpleJob: Starting task 3:11 as TID 56 on slave 0-0: ip-10-243-15-48.ec2.internal (preferred)
10/12/07 03:20:37 INFO spark.SimpleJob: Lost TID 55 (task 3:10)
10/12/07 03:20:37 INFO spark.SimpleJob: Starting task 3:10 as TID 57 on slave 0-0: ip-10-243-15-48.ec2.internal (preferred)
10/12/07 03:20:37 INFO spark.SimpleJob: Lost TID 56 (task 3:11)
10/12/07 03:20:37 INFO spark.SimpleJob: Starting task 3:11 as TID 58 on slave 0-0: ip-10-243-15-48.ec2.internal (preferred)
10/12/07 03:20:53 INFO spark.SimpleJob: Finished TID 49 (progress: 5/15)
10/12/07 03:20:53 INFO spark.SimpleJob: Starting task 3:4 as TID 59 on slave 0-1: ip-10-194-165-220.ec2.internal (preferred)
10/12/07 03:20:53 INFO spark.SimpleJob: Finished TID 51 (progress: 6/15)
10/12/07 03:20:53 INFO spark.SimpleJob: Starting task 3:5 as TID 60 on slave 0-1: ip-10-194-165-220.ec2.internal (preferred)
10/12/07 03:21:11 INFO spark.SimpleJob: Lost TID 59 (task 3:4)
10/12/07 03:21:11 INFO spark.SimpleJob: Starting task 3:4 as TID 61 on slave 0-1: ip-10-194-165-220.ec2.internal (preferred)
10/12/07 03:21:11 INFO spark.SimpleJob: Lost TID 60 (task 3:5)
10/12/07 03:21:11 INFO spark.SimpleJob: Starting task 3:5 as TID 62 on slave 0-1: ip-10-194-165-220.ec2.internal (preferred)
10/12/07 03:21:35 INFO spark.SimpleJob: Finished TID 57 (progress: 7/15)
10/12/07 03:21:35 INFO spark.SimpleJob: Starting task 3:14 as TID 63 on slave 0-0: ip-10-243-15-48.ec2.internal (preferred)
10/12/07 03:21:35 INFO spark.SimpleJob: Finished TID 58 (progress: 8/15)
10/12/07 03:21:39 INFO spark.SimpleJob: Starting task 3:8 as TID 64 on slave 0-0: ip-10-243-15-48.ec2.internal (non-preferred)
10/12/07 03:21:59 INFO spark.SimpleJob: Finished TID 61 (progress: 9/15)
10/12/07 03:21:59 INFO spark.SimpleJob: Starting task 3:9 as TID 65 on slave 0-1: ip-10-194-165-220.ec2.internal (preferred)
10/12/07 03:21:59 INFO spark.SimpleJob: Finished TID 62 (progress: 10/15)
10/12/07 03:21:59 INFO spark.SimpleJob: Starting task 3:12 as TID 66 on slave 0-1: ip-10-194-165-220.ec2.internal (preferred)
10/12/07 03:22:27 INFO spark.SimpleJob: Finished TID 63 (progress: 11/15)
10/12/07 03:22:27 INFO spark.SimpleJob: Starting task 3:13 as TID 67 on slave 0-0: ip-10-243-15-48.ec2.internal (non-preferred)
10/12/07 03:22:40 INFO spark.SimpleJob: Finished TID 64 (progress: 12/15)
10/12/07 03:22:44 INFO spark.SimpleJob: Finished TID 66 (progress: 13/15)
10/12/07 03:22:44 INFO spark.SimpleJob: Finished TID 65 (progress: 14/15)
10/12/07 03:23:20 INFO spark.SimpleJob: Finished TID 67 (progress: 15/15)
10/12/07 03:23:20 INFO spark.SparkContext: Tasks finished in 201.871366875 s
Centroids changed by
	   (0.000000, 0.000000, 0.000000)
	to ((22.79,30.95), (46.18,31.16), (32.85,11.89))22.794266	30.950748
46.183434	31.160638
32.845054	11.891157


Final centroids: 
