stdin: is not a tty
WARNING: Logging before InitGoogleLogging() is written to STDERR
I1207 04:12:16.565948  2964 sched.cpp:181] New master at 1@10.101.18.77:5050 with ID:0
10/12/07 04:12:16 INFO spark.MesosScheduler: Registered as framework ID 201012070412-0-0000
10/12/07 04:12:16 INFO spark.BoundedMemoryCache: BoundedMemoryCache.maxBytes = 7203028992
10/12/07 04:12:17 INFO mapred.FileInputFormat: Total input paths to process : 1
10/12/07 04:12:17 INFO spark.SparkContext: Running 15 tasks in parallel
10/12/07 04:12:17 INFO spark.SimpleJob: Starting task 0:0 as TID 0 on slave 0-1: ip-10-100-226-63.ec2.internal (preferred)
10/12/07 04:12:17 INFO spark.SimpleJob: Starting task 0:1 as TID 1 on slave 0-0: ip-10-101-18-231.ec2.internal (preferred)
10/12/07 04:12:17 INFO spark.SimpleJob: Starting task 0:2 as TID 2 on slave 0-1: ip-10-100-226-63.ec2.internal (preferred)
10/12/07 04:12:17 INFO spark.SimpleJob: Starting task 0:3 as TID 3 on slave 0-0: ip-10-101-18-231.ec2.internal (preferred)
10/12/07 04:12:17 INFO spark.SimpleJob: Starting task 0:4 as TID 4 on slave 0-1: ip-10-100-226-63.ec2.internal (preferred)
10/12/07 04:12:17 INFO spark.SimpleJob: Starting task 0:5 as TID 5 on slave 0-0: ip-10-101-18-231.ec2.internal (preferred)
10/12/07 04:12:17 INFO spark.SimpleJob: Starting task 0:6 as TID 6 on slave 0-1: ip-10-100-226-63.ec2.internal (preferred)
10/12/07 04:12:17 INFO spark.SimpleJob: Starting task 0:7 as TID 7 on slave 0-0: ip-10-101-18-231.ec2.internal (preferred)
10/12/07 04:13:00 INFO spark.SimpleJob: Finished TID 1 (progress: 1/15)
10/12/07 04:13:00 INFO spark.SimpleJob: Starting task 0:8 as TID 8 on slave 0-0: ip-10-101-18-231.ec2.internal (preferred)
10/12/07 04:13:01 INFO spark.SimpleJob: Finished TID 7 (progress: 2/15)
10/12/07 04:13:01 INFO spark.SimpleJob: Starting task 0:9 as TID 9 on slave 0-0: ip-10-101-18-231.ec2.internal (preferred)
10/12/07 04:13:01 INFO spark.SimpleJob: Finished TID 3 (progress: 3/15)
10/12/07 04:13:01 INFO spark.SimpleJob: Starting task 0:10 as TID 10 on slave 0-0: ip-10-101-18-231.ec2.internal (preferred)
10/12/07 04:13:02 INFO spark.SimpleJob: Finished TID 5 (progress: 4/15)
10/12/07 04:13:02 INFO spark.SimpleJob: Starting task 0:11 as TID 11 on slave 0-0: ip-10-101-18-231.ec2.internal (preferred)
10/12/07 04:13:04 INFO spark.SimpleJob: Finished TID 4 (progress: 5/15)
10/12/07 04:13:04 INFO spark.SimpleJob: Starting task 0:12 as TID 12 on slave 0-1: ip-10-100-226-63.ec2.internal (preferred)
10/12/07 04:13:04 INFO spark.SimpleJob: Finished TID 2 (progress: 6/15)
10/12/07 04:13:04 INFO spark.SimpleJob: Starting task 0:13 as TID 13 on slave 0-1: ip-10-100-226-63.ec2.internal (preferred)
10/12/07 04:13:04 INFO spark.SimpleJob: Finished TID 6 (progress: 7/15)
10/12/07 04:13:04 INFO spark.SimpleJob: Starting task 0:14 as TID 14 on slave 0-1: ip-10-100-226-63.ec2.internal (preferred)
10/12/07 04:13:04 INFO spark.SimpleJob: Finished TID 0 (progress: 8/15)
10/12/07 04:13:16 INFO spark.SimpleJob: Finished TID 14 (progress: 9/15)
10/12/07 04:13:31 INFO spark.SimpleJob: Finished TID 12 (progress: 10/15)
10/12/07 04:13:32 INFO spark.SimpleJob: Finished TID 13 (progress: 11/15)
10/12/07 04:13:33 INFO spark.SimpleJob: Finished TID 9 (progress: 12/15)
10/12/07 04:13:34 INFO spark.SimpleJob: Finished TID 8 (progress: 13/15)
10/12/07 04:13:34 INFO spark.SimpleJob: Finished TID 11 (progress: 14/15)
10/12/07 04:13:34 INFO spark.SimpleJob: Finished TID 10 (progress: 15/15)
10/12/07 04:13:34 INFO spark.SparkContext: Tasks finished in 77.282055666 s
Read 100000000 points.
10/12/07 04:13:34 INFO spark.SparkContext: Running 15 tasks in parallel
10/12/07 04:13:34 INFO spark.SimpleJob: Starting task 1:0 as TID 15 on slave 0-1: ip-10-100-226-63.ec2.internal (preferred)
10/12/07 04:13:34 INFO spark.SimpleJob: Starting task 1:1 as TID 16 on slave 0-0: ip-10-101-18-231.ec2.internal (preferred)
10/12/07 04:13:34 INFO spark.SimpleJob: Starting task 1:2 as TID 17 on slave 0-1: ip-10-100-226-63.ec2.internal (preferred)
10/12/07 04:13:34 INFO spark.SimpleJob: Starting task 1:3 as TID 18 on slave 0-0: ip-10-101-18-231.ec2.internal (preferred)
10/12/07 04:13:34 INFO spark.SimpleJob: Starting task 1:4 as TID 19 on slave 0-1: ip-10-100-226-63.ec2.internal (preferred)
10/12/07 04:13:34 INFO spark.SimpleJob: Starting task 1:5 as TID 20 on slave 0-0: ip-10-101-18-231.ec2.internal (preferred)
10/12/07 04:13:34 INFO spark.SimpleJob: Starting task 1:6 as TID 21 on slave 0-1: ip-10-100-226-63.ec2.internal (preferred)
10/12/07 04:13:34 INFO spark.SimpleJob: Starting task 1:7 as TID 22 on slave 0-0: ip-10-101-18-231.ec2.internal (preferred)
10/12/07 04:13:40 INFO spark.SimpleJob: Finished TID 17 (progress: 1/15)
10/12/07 04:13:40 INFO spark.SimpleJob: Starting task 1:12 as TID 23 on slave 0-1: ip-10-100-226-63.ec2.internal (preferred)
10/12/07 04:13:40 INFO spark.SimpleJob: Finished TID 19 (progress: 2/15)
10/12/07 04:13:40 INFO spark.SimpleJob: Starting task 1:13 as TID 24 on slave 0-1: ip-10-100-226-63.ec2.internal (preferred)
10/12/07 04:13:42 INFO spark.SimpleJob: Finished TID 16 (progress: 3/15)
10/12/07 04:13:42 INFO spark.SimpleJob: Starting task 1:8 as TID 25 on slave 0-0: ip-10-101-18-231.ec2.internal (preferred)
10/12/07 04:13:42 INFO spark.SimpleJob: Finished TID 21 (progress: 4/15)
10/12/07 04:13:42 INFO spark.SimpleJob: Starting task 1:14 as TID 26 on slave 0-1: ip-10-100-226-63.ec2.internal (preferred)
10/12/07 04:13:42 INFO spark.SimpleJob: Finished TID 15 (progress: 5/15)
10/12/07 04:13:42 INFO spark.SimpleJob: Finished TID 20 (progress: 6/15)
10/12/07 04:13:42 INFO spark.SimpleJob: Starting task 1:9 as TID 27 on slave 0-0: ip-10-101-18-231.ec2.internal (preferred)
10/12/07 04:13:42 INFO spark.SimpleJob: Finished TID 18 (progress: 7/15)
10/12/07 04:13:42 INFO spark.SimpleJob: Starting task 1:10 as TID 28 on slave 0-0: ip-10-101-18-231.ec2.internal (preferred)
10/12/07 04:13:42 INFO spark.SimpleJob: Finished TID 22 (progress: 8/15)
10/12/07 04:13:42 INFO spark.SimpleJob: Starting task 1:11 as TID 29 on slave 0-0: ip-10-101-18-231.ec2.internal (preferred)
10/12/07 04:13:44 INFO spark.SimpleJob: Finished TID 26 (progress: 9/15)
10/12/07 04:13:45 INFO spark.SimpleJob: Finished TID 24 (progress: 10/15)
10/12/07 04:13:46 INFO spark.SimpleJob: Finished TID 23 (progress: 11/15)
10/12/07 04:13:49 INFO spark.SimpleJob: Finished TID 25 (progress: 12/15)
10/12/07 04:13:49 INFO spark.SimpleJob: Finished TID 29 (progress: 13/15)
10/12/07 04:13:49 INFO spark.SimpleJob: Finished TID 28 (progress: 14/15)
10/12/07 04:13:49 INFO spark.SimpleJob: Finished TID 27 (progress: 15/15)
10/12/07 04:13:49 INFO spark.SparkContext: Tasks finished in 15.121590053 s
Centroids changed by
	   (0.000000, 0.000000, 3.974912)
	to ((7.00,40.00), (45.00,35.00), (23.82,6.89))
10/12/07 04:13:49 INFO spark.SparkContext: Running 15 tasks in parallel
10/12/07 04:13:49 INFO spark.SimpleJob: Starting task 2:0 as TID 30 on slave 0-1: ip-10-100-226-63.ec2.internal (preferred)
10/12/07 04:13:49 INFO spark.SimpleJob: Starting task 2:1 as TID 31 on slave 0-0: ip-10-101-18-231.ec2.internal (preferred)
10/12/07 04:13:49 INFO spark.SimpleJob: Starting task 2:2 as TID 32 on slave 0-1: ip-10-100-226-63.ec2.internal (preferred)
10/12/07 04:13:49 INFO spark.SimpleJob: Starting task 2:3 as TID 33 on slave 0-0: ip-10-101-18-231.ec2.internal (preferred)
10/12/07 04:13:49 INFO spark.SimpleJob: Starting task 2:4 as TID 34 on slave 0-1: ip-10-100-226-63.ec2.internal (preferred)
10/12/07 04:13:49 INFO spark.SimpleJob: Starting task 2:5 as TID 35 on slave 0-0: ip-10-101-18-231.ec2.internal (preferred)
10/12/07 04:13:49 INFO spark.SimpleJob: Starting task 2:6 as TID 36 on slave 0-1: ip-10-100-226-63.ec2.internal (preferred)
10/12/07 04:13:49 INFO spark.SimpleJob: Starting task 2:7 as TID 37 on slave 0-0: ip-10-101-18-231.ec2.internal (preferred)
10/12/07 04:13:56 INFO spark.SimpleJob: Finished TID 30 (progress: 1/15)
10/12/07 04:13:56 INFO spark.SimpleJob: Starting task 2:12 as TID 38 on slave 0-1: ip-10-100-226-63.ec2.internal (preferred)
10/12/07 04:13:56 INFO spark.SimpleJob: Finished TID 32 (progress: 2/15)
10/12/07 04:13:56 INFO spark.SimpleJob: Starting task 2:13 as TID 39 on slave 0-1: ip-10-100-226-63.ec2.internal (preferred)
10/12/07 04:13:56 INFO spark.SimpleJob: Finished TID 34 (progress: 3/15)
10/12/07 04:13:56 INFO spark.SimpleJob: Starting task 2:14 as TID 40 on slave 0-1: ip-10-100-226-63.ec2.internal (preferred)
10/12/07 04:13:56 INFO spark.SimpleJob: Finished TID 36 (progress: 4/15)
10/12/07 04:13:57 INFO spark.SimpleJob: Finished TID 35 (progress: 5/15)
10/12/07 04:13:57 INFO spark.SimpleJob: Starting task 2:8 as TID 41 on slave 0-0: ip-10-101-18-231.ec2.internal (preferred)
10/12/07 04:13:57 INFO spark.SimpleJob: Finished TID 31 (progress: 6/15)
10/12/07 04:13:57 INFO spark.SimpleJob: Starting task 2:9 as TID 42 on slave 0-0: ip-10-101-18-231.ec2.internal (preferred)
10/12/07 04:13:57 INFO spark.SimpleJob: Finished TID 37 (progress: 7/15)
10/12/07 04:13:57 INFO spark.SimpleJob: Starting task 2:10 as TID 43 on slave 0-0: ip-10-101-18-231.ec2.internal (preferred)
10/12/07 04:13:58 INFO spark.SimpleJob: Finished TID 33 (progress: 8/15)
10/12/07 04:13:58 INFO spark.SimpleJob: Starting task 2:11 as TID 44 on slave 0-0: ip-10-101-18-231.ec2.internal (preferred)
10/12/07 04:13:59 INFO spark.SimpleJob: Finished TID 40 (progress: 9/15)
10/12/07 04:14:01 INFO spark.SimpleJob: Finished TID 38 (progress: 10/15)
10/12/07 04:14:01 INFO spark.SimpleJob: Finished TID 39 (progress: 11/15)
10/12/07 04:14:04 INFO spark.SimpleJob: Finished TID 41 (progress: 12/15)
10/12/07 04:14:04 INFO spark.SimpleJob: Finished TID 43 (progress: 13/15)
10/12/07 04:14:05 INFO spark.SimpleJob: Finished TID 42 (progress: 14/15)
10/12/07 04:14:05 INFO spark.SimpleJob: Finished TID 44 (progress: 15/15)
10/12/07 04:14:05 INFO spark.SparkContext: Tasks finished in 16.098885003 s
Centroids changed by
	   (0.000000, 0.000000, 0.000000)
	to ((7.00,40.00), (45.00,35.00), (23.82,6.89))7.000000	40.000000
45.000000	35.000000
23.815831	6.886736


Final centroids: 
