stdin: is not a tty
WARNING: Logging before InitGoogleLogging() is written to STDERR
I1207 04:59:13.644862  3037 sched.cpp:181] New master at 1@10.218.83.70:5050 with ID:0
10/12/07 04:59:13 INFO spark.MesosScheduler: Registered as framework ID 201012070459-0-0002
10/12/07 04:59:13 INFO spark.BoundedMemoryCache: BoundedMemoryCache.maxBytes = 8232042496
10/12/07 04:59:14 INFO mapred.FileInputFormat: Total input paths to process : 1
10/12/07 04:59:14 INFO spark.SparkContext: Running 15 tasks in parallel
10/12/07 04:59:14 INFO spark.SimpleJob: Starting task 0:0 as TID 0 on slave 0-0: ip-10-102-37-156.ec2.internal (preferred)
10/12/07 04:59:14 INFO spark.SimpleJob: Starting task 0:1 as TID 1 on slave 0-0: ip-10-102-37-156.ec2.internal (preferred)
10/12/07 04:59:41 INFO spark.SimpleJob: Finished TID 1 (progress: 1/15)
10/12/07 04:59:41 INFO spark.SimpleJob: Starting task 0:2 as TID 2 on slave 0-0: ip-10-102-37-156.ec2.internal (preferred)
10/12/07 04:59:41 INFO spark.SimpleJob: Finished TID 0 (progress: 2/15)
10/12/07 04:59:41 INFO spark.SimpleJob: Starting task 0:3 as TID 3 on slave 0-0: ip-10-102-37-156.ec2.internal (preferred)
10/12/07 05:00:01 INFO spark.SimpleJob: Finished TID 3 (progress: 3/15)
10/12/07 05:00:01 INFO spark.SimpleJob: Starting task 0:4 as TID 4 on slave 0-0: ip-10-102-37-156.ec2.internal (preferred)
10/12/07 05:00:02 INFO spark.SimpleJob: Finished TID 2 (progress: 4/15)
10/12/07 05:00:02 INFO spark.SimpleJob: Starting task 0:5 as TID 5 on slave 0-0: ip-10-102-37-156.ec2.internal (preferred)
10/12/07 05:00:22 INFO spark.SimpleJob: Finished TID 4 (progress: 5/15)
10/12/07 05:00:22 INFO spark.SimpleJob: Starting task 0:6 as TID 6 on slave 0-0: ip-10-102-37-156.ec2.internal (preferred)
10/12/07 05:00:22 INFO spark.SimpleJob: Finished TID 5 (progress: 6/15)
10/12/07 05:00:22 INFO spark.SimpleJob: Starting task 0:7 as TID 7 on slave 0-0: ip-10-102-37-156.ec2.internal (preferred)
10/12/07 05:00:42 INFO spark.SimpleJob: Finished TID 6 (progress: 7/15)
10/12/07 05:00:42 INFO spark.SimpleJob: Starting task 0:8 as TID 8 on slave 0-0: ip-10-102-37-156.ec2.internal (preferred)
10/12/07 05:00:43 INFO spark.SimpleJob: Finished TID 7 (progress: 8/15)
10/12/07 05:00:43 INFO spark.SimpleJob: Starting task 0:9 as TID 9 on slave 0-0: ip-10-102-37-156.ec2.internal (preferred)
10/12/07 05:01:03 INFO spark.SimpleJob: Finished TID 8 (progress: 9/15)
10/12/07 05:01:03 INFO spark.SimpleJob: Starting task 0:10 as TID 10 on slave 0-0: ip-10-102-37-156.ec2.internal (preferred)
10/12/07 05:01:04 INFO spark.SimpleJob: Finished TID 9 (progress: 10/15)
10/12/07 05:01:04 INFO spark.SimpleJob: Starting task 0:11 as TID 11 on slave 0-0: ip-10-102-37-156.ec2.internal (preferred)
10/12/07 05:01:24 INFO spark.SimpleJob: Finished TID 11 (progress: 11/15)
10/12/07 05:01:24 INFO spark.SimpleJob: Starting task 0:12 as TID 12 on slave 0-0: ip-10-102-37-156.ec2.internal (preferred)
10/12/07 05:01:24 INFO spark.SimpleJob: Finished TID 10 (progress: 12/15)
10/12/07 05:01:24 INFO spark.SimpleJob: Starting task 0:13 as TID 13 on slave 0-0: ip-10-102-37-156.ec2.internal (preferred)
10/12/07 05:01:45 INFO spark.SimpleJob: Finished TID 12 (progress: 13/15)
10/12/07 05:01:45 INFO spark.SimpleJob: Starting task 0:14 as TID 14 on slave 0-0: ip-10-102-37-156.ec2.internal (preferred)
10/12/07 05:01:45 INFO spark.SimpleJob: Finished TID 13 (progress: 14/15)
10/12/07 05:02:01 INFO spark.SimpleJob: Finished TID 14 (progress: 15/15)
10/12/07 05:02:01 INFO spark.SparkContext: Tasks finished in 167.264657926 s
Read 100000000 points.
10/12/07 05:02:01 INFO spark.SparkContext: Running 15 tasks in parallel
10/12/07 05:02:01 INFO spark.SimpleJob: Starting task 1:0 as TID 15 on slave 0-0: ip-10-102-37-156.ec2.internal (preferred)
10/12/07 05:02:01 INFO spark.SimpleJob: Starting task 1:1 as TID 16 on slave 0-0: ip-10-102-37-156.ec2.internal (preferred)
10/12/07 05:02:06 INFO spark.SimpleJob: Finished TID 16 (progress: 1/15)
10/12/07 05:02:06 INFO spark.SimpleJob: Starting task 1:2 as TID 17 on slave 0-0: ip-10-102-37-156.ec2.internal (preferred)
10/12/07 05:02:06 INFO spark.SimpleJob: Finished TID 15 (progress: 2/15)
10/12/07 05:02:06 INFO spark.SimpleJob: Starting task 1:3 as TID 18 on slave 0-0: ip-10-102-37-156.ec2.internal (preferred)
10/12/07 05:02:10 INFO spark.SimpleJob: Finished TID 17 (progress: 3/15)
10/12/07 05:02:10 INFO spark.SimpleJob: Starting task 1:4 as TID 19 on slave 0-0: ip-10-102-37-156.ec2.internal (preferred)
10/12/07 05:02:10 INFO spark.SimpleJob: Finished TID 18 (progress: 4/15)
10/12/07 05:02:10 INFO spark.SimpleJob: Starting task 1:5 as TID 20 on slave 0-0: ip-10-102-37-156.ec2.internal (preferred)
10/12/07 05:02:14 INFO spark.SimpleJob: Finished TID 19 (progress: 5/15)
10/12/07 05:02:14 INFO spark.SimpleJob: Starting task 1:6 as TID 21 on slave 0-0: ip-10-102-37-156.ec2.internal (preferred)
10/12/07 05:02:14 INFO spark.SimpleJob: Finished TID 20 (progress: 6/15)
10/12/07 05:02:14 INFO spark.SimpleJob: Starting task 1:7 as TID 22 on slave 0-0: ip-10-102-37-156.ec2.internal (preferred)
10/12/07 05:02:18 INFO spark.SimpleJob: Finished TID 21 (progress: 7/15)
10/12/07 05:02:18 INFO spark.SimpleJob: Starting task 1:8 as TID 23 on slave 0-0: ip-10-102-37-156.ec2.internal (preferred)
10/12/07 05:02:18 INFO spark.SimpleJob: Finished TID 22 (progress: 8/15)
10/12/07 05:02:18 INFO spark.SimpleJob: Starting task 1:9 as TID 24 on slave 0-0: ip-10-102-37-156.ec2.internal (preferred)
10/12/07 05:02:22 INFO spark.SimpleJob: Finished TID 24 (progress: 9/15)
10/12/07 05:02:22 INFO spark.SimpleJob: Starting task 1:10 as TID 25 on slave 0-0: ip-10-102-37-156.ec2.internal (preferred)
10/12/07 05:02:22 INFO spark.SimpleJob: Finished TID 23 (progress: 10/15)
10/12/07 05:02:22 INFO spark.SimpleJob: Starting task 1:11 as TID 26 on slave 0-0: ip-10-102-37-156.ec2.internal (preferred)
10/12/07 05:02:26 INFO spark.SimpleJob: Finished TID 25 (progress: 11/15)
10/12/07 05:02:26 INFO spark.SimpleJob: Starting task 1:12 as TID 27 on slave 0-0: ip-10-102-37-156.ec2.internal (preferred)
10/12/07 05:02:26 INFO spark.SimpleJob: Finished TID 26 (progress: 12/15)
10/12/07 05:02:26 INFO spark.SimpleJob: Starting task 1:13 as TID 28 on slave 0-0: ip-10-102-37-156.ec2.internal (preferred)
10/12/07 05:02:30 INFO spark.SimpleJob: Finished TID 27 (progress: 13/15)
10/12/07 05:02:30 INFO spark.SimpleJob: Starting task 1:14 as TID 29 on slave 0-0: ip-10-102-37-156.ec2.internal (preferred)
10/12/07 05:02:30 INFO spark.SimpleJob: Finished TID 28 (progress: 14/15)
10/12/07 05:02:33 INFO spark.SimpleJob: Finished TID 29 (progress: 15/15)
10/12/07 05:02:33 INFO spark.SparkContext: Tasks finished in 31.981896479 s
Centroids changed by
	   (0.000000, 14.118186, 15.554870)
	to ((7.00,40.00), (36.87,23.46), (28.72,20.88))
10/12/07 05:02:33 INFO spark.SparkContext: Running 15 tasks in parallel
10/12/07 05:02:33 INFO spark.SimpleJob: Starting task 2:0 as TID 30 on slave 0-0: ip-10-102-37-156.ec2.internal (preferred)
10/12/07 05:02:33 INFO spark.SimpleJob: Starting task 2:1 as TID 31 on slave 0-0: ip-10-102-37-156.ec2.internal (preferred)
10/12/07 05:02:37 INFO spark.SimpleJob: Finished TID 31 (progress: 1/15)
10/12/07 05:02:37 INFO spark.SimpleJob: Starting task 2:2 as TID 32 on slave 0-0: ip-10-102-37-156.ec2.internal (preferred)
10/12/07 05:02:38 INFO spark.SimpleJob: Finished TID 30 (progress: 2/15)
10/12/07 05:02:38 INFO spark.SimpleJob: Starting task 2:3 as TID 33 on slave 0-0: ip-10-102-37-156.ec2.internal (preferred)
10/12/07 05:02:42 INFO spark.SimpleJob: Finished TID 32 (progress: 3/15)
10/12/07 05:02:42 INFO spark.SimpleJob: Starting task 2:4 as TID 34 on slave 0-0: ip-10-102-37-156.ec2.internal (preferred)
10/12/07 05:02:43 INFO spark.SimpleJob: Finished TID 33 (progress: 4/15)
10/12/07 05:02:43 INFO spark.SimpleJob: Starting task 2:5 as TID 35 on slave 0-0: ip-10-102-37-156.ec2.internal (preferred)
10/12/07 05:02:46 INFO spark.SimpleJob: Finished TID 34 (progress: 5/15)
10/12/07 05:02:46 INFO spark.SimpleJob: Starting task 2:6 as TID 36 on slave 0-0: ip-10-102-37-156.ec2.internal (preferred)
10/12/07 05:02:47 INFO spark.SimpleJob: Finished TID 35 (progress: 6/15)
10/12/07 05:02:47 INFO spark.SimpleJob: Starting task 2:7 as TID 37 on slave 0-0: ip-10-102-37-156.ec2.internal (preferred)
10/12/07 05:02:50 INFO spark.SimpleJob: Finished TID 36 (progress: 7/15)
10/12/07 05:02:50 INFO spark.SimpleJob: Starting task 2:8 as TID 38 on slave 0-0: ip-10-102-37-156.ec2.internal (preferred)
10/12/07 05:02:51 INFO spark.SimpleJob: Finished TID 37 (progress: 8/15)
10/12/07 05:02:51 INFO spark.SimpleJob: Starting task 2:9 as TID 39 on slave 0-0: ip-10-102-37-156.ec2.internal (preferred)
10/12/07 05:02:55 INFO spark.SimpleJob: Finished TID 38 (progress: 9/15)
10/12/07 05:02:55 INFO spark.SimpleJob: Starting task 2:10 as TID 40 on slave 0-0: ip-10-102-37-156.ec2.internal (preferred)
10/12/07 05:02:55 INFO spark.SimpleJob: Finished TID 39 (progress: 10/15)
10/12/07 05:02:55 INFO spark.SimpleJob: Starting task 2:11 as TID 41 on slave 0-0: ip-10-102-37-156.ec2.internal (preferred)
10/12/07 05:02:59 INFO spark.SimpleJob: Finished TID 40 (progress: 11/15)
10/12/07 05:02:59 INFO spark.SimpleJob: Starting task 2:12 as TID 42 on slave 0-0: ip-10-102-37-156.ec2.internal (preferred)
10/12/07 05:02:59 INFO spark.SimpleJob: Finished TID 41 (progress: 12/15)
10/12/07 05:02:59 INFO spark.SimpleJob: Starting task 2:13 as TID 43 on slave 0-0: ip-10-102-37-156.ec2.internal (preferred)
10/12/07 05:03:03 INFO spark.SimpleJob: Finished TID 42 (progress: 13/15)
10/12/07 05:03:03 INFO spark.SimpleJob: Starting task 2:14 as TID 44 on slave 0-0: ip-10-102-37-156.ec2.internal (preferred)
10/12/07 05:03:04 INFO spark.SimpleJob: Finished TID 43 (progress: 14/15)
10/12/07 05:03:06 INFO spark.SimpleJob: Finished TID 44 (progress: 15/15)
10/12/07 05:03:06 INFO spark.SparkContext: Tasks finished in 33.469096287 s
Centroids changed by
	   (0.000000, 1.207796, 1.619064)
	to ((7.00,40.00), (36.32,22.38), (27.20,21.44))
10/12/07 05:03:06 INFO spark.SparkContext: Running 15 tasks in parallel
10/12/07 05:03:06 INFO spark.SimpleJob: Starting task 3:0 as TID 45 on slave 0-0: ip-10-102-37-156.ec2.internal (preferred)
10/12/07 05:03:06 INFO spark.SimpleJob: Starting task 3:1 as TID 46 on slave 0-0: ip-10-102-37-156.ec2.internal (preferred)
10/12/07 05:03:10 INFO spark.SimpleJob: Finished TID 46 (progress: 1/15)
10/12/07 05:03:10 INFO spark.SimpleJob: Starting task 3:2 as TID 47 on slave 0-0: ip-10-102-37-156.ec2.internal (preferred)
10/12/07 05:03:11 INFO spark.SimpleJob: Finished TID 45 (progress: 2/15)
10/12/07 05:03:11 INFO spark.SimpleJob: Starting task 3:3 as TID 48 on slave 0-0: ip-10-102-37-156.ec2.internal (preferred)
10/12/07 05:03:15 INFO spark.SimpleJob: Finished TID 47 (progress: 3/15)
10/12/07 05:03:15 INFO spark.SimpleJob: Starting task 3:4 as TID 49 on slave 0-0: ip-10-102-37-156.ec2.internal (preferred)
10/12/07 05:03:15 INFO spark.SimpleJob: Finished TID 48 (progress: 4/15)
10/12/07 05:03:15 INFO spark.SimpleJob: Starting task 3:5 as TID 50 on slave 0-0: ip-10-102-37-156.ec2.internal (preferred)
10/12/07 05:03:19 INFO spark.SimpleJob: Finished TID 49 (progress: 5/15)
10/12/07 05:03:19 INFO spark.SimpleJob: Starting task 3:6 as TID 51 on slave 0-0: ip-10-102-37-156.ec2.internal (preferred)
10/12/07 05:03:19 INFO spark.SimpleJob: Finished TID 50 (progress: 6/15)
10/12/07 05:03:19 INFO spark.SimpleJob: Starting task 3:7 as TID 52 on slave 0-0: ip-10-102-37-156.ec2.internal (preferred)
10/12/07 05:03:24 INFO spark.SimpleJob: Finished TID 51 (progress: 7/15)
10/12/07 05:03:24 INFO spark.SimpleJob: Starting task 3:8 as TID 53 on slave 0-0: ip-10-102-37-156.ec2.internal (preferred)
10/12/07 05:03:24 INFO spark.SimpleJob: Finished TID 52 (progress: 8/15)
10/12/07 05:03:24 INFO spark.SimpleJob: Starting task 3:9 as TID 54 on slave 0-0: ip-10-102-37-156.ec2.internal (preferred)
10/12/07 05:03:28 INFO spark.SimpleJob: Finished TID 53 (progress: 9/15)
10/12/07 05:03:28 INFO spark.SimpleJob: Starting task 3:10 as TID 55 on slave 0-0: ip-10-102-37-156.ec2.internal (preferred)
10/12/07 05:03:28 INFO spark.SimpleJob: Finished TID 54 (progress: 10/15)
10/12/07 05:03:28 INFO spark.SimpleJob: Starting task 3:11 as TID 56 on slave 0-0: ip-10-102-37-156.ec2.internal (preferred)
10/12/07 05:03:33 INFO spark.SimpleJob: Finished TID 55 (progress: 11/15)
10/12/07 05:03:33 INFO spark.SimpleJob: Starting task 3:12 as TID 57 on slave 0-0: ip-10-102-37-156.ec2.internal (preferred)
10/12/07 05:03:33 INFO spark.SimpleJob: Finished TID 56 (progress: 12/15)
10/12/07 05:03:33 INFO spark.SimpleJob: Starting task 3:13 as TID 58 on slave 0-0: ip-10-102-37-156.ec2.internal (preferred)
10/12/07 05:03:37 INFO spark.SimpleJob: Finished TID 57 (progress: 13/15)
10/12/07 05:03:37 INFO spark.SimpleJob: Starting task 3:14 as TID 59 on slave 0-0: ip-10-102-37-156.ec2.internal (preferred)
10/12/07 05:03:37 INFO spark.SimpleJob: Finished TID 58 (progress: 14/15)
10/12/07 05:03:40 INFO spark.SimpleJob: Finished TID 59 (progress: 15/15)
10/12/07 05:03:40 INFO spark.SparkContext: Tasks finished in 34.162068725 s
Centroids changed by
	   (0.000000, 0.897249, 2.393084)
	to ((7.00,40.00), (35.73,21.70), (25.01,22.40))
10/12/07 05:03:40 INFO spark.SparkContext: Running 15 tasks in parallel
10/12/07 05:03:40 INFO spark.SimpleJob: Starting task 4:0 as TID 60 on slave 0-0: ip-10-102-37-156.ec2.internal (preferred)
10/12/07 05:03:40 INFO spark.SimpleJob: Starting task 4:1 as TID 61 on slave 0-0: ip-10-102-37-156.ec2.internal (preferred)
10/12/07 05:03:45 INFO spark.SimpleJob: Finished TID 61 (progress: 1/15)
10/12/07 05:03:45 INFO spark.SimpleJob: Starting task 4:2 as TID 62 on slave 0-0: ip-10-102-37-156.ec2.internal (preferred)
10/12/07 05:03:45 INFO spark.SimpleJob: Finished TID 60 (progress: 2/15)
10/12/07 05:03:45 INFO spark.SimpleJob: Starting task 4:3 as TID 63 on slave 0-0: ip-10-102-37-156.ec2.internal (preferred)
10/12/07 05:03:49 INFO spark.SimpleJob: Finished TID 62 (progress: 3/15)
10/12/07 05:03:49 INFO spark.SimpleJob: Starting task 4:4 as TID 64 on slave 0-0: ip-10-102-37-156.ec2.internal (preferred)
10/12/07 05:03:50 INFO spark.SimpleJob: Finished TID 63 (progress: 4/15)
10/12/07 05:03:50 INFO spark.SimpleJob: Starting task 4:5 as TID 65 on slave 0-0: ip-10-102-37-156.ec2.internal (preferred)
10/12/07 05:03:54 INFO spark.SimpleJob: Finished TID 64 (progress: 5/15)
10/12/07 05:03:54 INFO spark.SimpleJob: Starting task 4:6 as TID 66 on slave 0-0: ip-10-102-37-156.ec2.internal (preferred)
10/12/07 05:03:55 INFO spark.SimpleJob: Finished TID 65 (progress: 6/15)
10/12/07 05:03:55 INFO spark.SimpleJob: Starting task 4:7 as TID 67 on slave 0-0: ip-10-102-37-156.ec2.internal (preferred)
10/12/07 05:03:58 INFO spark.SimpleJob: Finished TID 66 (progress: 7/15)
10/12/07 05:03:58 INFO spark.SimpleJob: Starting task 4:8 as TID 68 on slave 0-0: ip-10-102-37-156.ec2.internal (preferred)
10/12/07 05:03:59 INFO spark.SimpleJob: Finished TID 67 (progress: 8/15)
10/12/07 05:03:59 INFO spark.SimpleJob: Starting task 4:9 as TID 69 on slave 0-0: ip-10-102-37-156.ec2.internal (preferred)
10/12/07 05:04:03 INFO spark.SimpleJob: Finished TID 68 (progress: 9/15)
10/12/07 05:04:03 INFO spark.SimpleJob: Starting task 4:10 as TID 70 on slave 0-0: ip-10-102-37-156.ec2.internal (preferred)
10/12/07 05:04:03 INFO spark.SimpleJob: Finished TID 69 (progress: 10/15)
10/12/07 05:04:03 INFO spark.SimpleJob: Starting task 4:11 as TID 71 on slave 0-0: ip-10-102-37-156.ec2.internal (preferred)
10/12/07 05:04:07 INFO spark.SimpleJob: Finished TID 70 (progress: 11/15)
10/12/07 05:04:07 INFO spark.SimpleJob: Starting task 4:12 as TID 72 on slave 0-0: ip-10-102-37-156.ec2.internal (preferred)
10/12/07 05:04:07 INFO spark.SimpleJob: Finished TID 71 (progress: 12/15)
10/12/07 05:04:07 INFO spark.SimpleJob: Starting task 4:13 as TID 73 on slave 0-0: ip-10-102-37-156.ec2.internal (preferred)
10/12/07 05:04:12 INFO spark.SimpleJob: Finished TID 72 (progress: 13/15)
10/12/07 05:04:12 INFO spark.SimpleJob: Starting task 4:14 as TID 74 on slave 0-0: ip-10-102-37-156.ec2.internal (preferred)
10/12/07 05:04:13 INFO spark.SimpleJob: Finished TID 73 (progress: 14/15)
10/12/07 05:04:16 INFO spark.SimpleJob: Finished TID 74 (progress: 15/15)
10/12/07 05:04:16 INFO spark.SparkContext: Tasks finished in 35.249737539 s
Centroids changed by
	   (0.000000, 0.058647, 0.179996)
	to ((7.00,40.00), (35.69,21.67), (24.85,22.49))
10/12/07 05:04:16 INFO spark.SparkContext: Running 15 tasks in parallel
10/12/07 05:04:16 INFO spark.SimpleJob: Starting task 5:0 as TID 75 on slave 0-0: ip-10-102-37-156.ec2.internal (preferred)
10/12/07 05:04:16 INFO spark.SimpleJob: Starting task 5:1 as TID 76 on slave 0-0: ip-10-102-37-156.ec2.internal (preferred)
10/12/07 05:04:21 INFO spark.SimpleJob: Finished TID 76 (progress: 1/15)
10/12/07 05:04:21 INFO spark.SimpleJob: Starting task 5:2 as TID 77 on slave 0-0: ip-10-102-37-156.ec2.internal (preferred)
10/12/07 05:04:21 INFO spark.SimpleJob: Finished TID 75 (progress: 2/15)
10/12/07 05:04:21 INFO spark.SimpleJob: Starting task 5:3 as TID 78 on slave 0-0: ip-10-102-37-156.ec2.internal (preferred)
10/12/07 05:04:26 INFO spark.SimpleJob: Finished TID 77 (progress: 3/15)
10/12/07 05:04:26 INFO spark.SimpleJob: Starting task 5:4 as TID 79 on slave 0-0: ip-10-102-37-156.ec2.internal (preferred)
10/12/07 05:04:26 INFO spark.SimpleJob: Finished TID 78 (progress: 4/15)
10/12/07 05:04:26 INFO spark.SimpleJob: Starting task 5:5 as TID 80 on slave 0-0: ip-10-102-37-156.ec2.internal (preferred)
10/12/07 05:04:30 INFO spark.SimpleJob: Finished TID 79 (progress: 5/15)
10/12/07 05:04:30 INFO spark.SimpleJob: Starting task 5:6 as TID 81 on slave 0-0: ip-10-102-37-156.ec2.internal (preferred)
10/12/07 05:04:30 INFO spark.SimpleJob: Finished TID 80 (progress: 6/15)
10/12/07 05:04:30 INFO spark.SimpleJob: Starting task 5:7 as TID 82 on slave 0-0: ip-10-102-37-156.ec2.internal (preferred)
10/12/07 05:04:35 INFO spark.SimpleJob: Finished TID 81 (progress: 7/15)
10/12/07 05:04:35 INFO spark.SimpleJob: Starting task 5:8 as TID 83 on slave 0-0: ip-10-102-37-156.ec2.internal (preferred)
10/12/07 05:04:35 INFO spark.SimpleJob: Finished TID 82 (progress: 8/15)
10/12/07 05:04:35 INFO spark.SimpleJob: Starting task 5:9 as TID 84 on slave 0-0: ip-10-102-37-156.ec2.internal (preferred)
10/12/07 05:04:39 INFO spark.SimpleJob: Finished TID 83 (progress: 9/15)
10/12/07 05:04:39 INFO spark.SimpleJob: Starting task 5:10 as TID 85 on slave 0-0: ip-10-102-37-156.ec2.internal (preferred)
10/12/07 05:04:40 INFO spark.SimpleJob: Finished TID 84 (progress: 10/15)
10/12/07 05:04:40 INFO spark.SimpleJob: Starting task 5:11 as TID 86 on slave 0-0: ip-10-102-37-156.ec2.internal (preferred)
10/12/07 05:04:44 INFO spark.SimpleJob: Finished TID 85 (progress: 11/15)
10/12/07 05:04:44 INFO spark.SimpleJob: Starting task 5:12 as TID 87 on slave 0-0: ip-10-102-37-156.ec2.internal (preferred)
10/12/07 05:04:45 INFO spark.SimpleJob: Finished TID 86 (progress: 12/15)
10/12/07 05:04:45 INFO spark.SimpleJob: Starting task 5:13 as TID 88 on slave 0-0: ip-10-102-37-156.ec2.internal (preferred)
10/12/07 05:04:49 INFO spark.SimpleJob: Finished TID 87 (progress: 13/15)
10/12/07 05:04:49 INFO spark.SimpleJob: Starting task 5:14 as TID 89 on slave 0-0: ip-10-102-37-156.ec2.internal (preferred)
10/12/07 05:04:49 INFO spark.SimpleJob: Finished TID 88 (progress: 14/15)
10/12/07 05:04:52 INFO spark.SimpleJob: Finished TID 89 (progress: 15/15)
7.000000	40.000000
35.685392	21.669307
24.847816	22.485820

10/12/07 05:04:52 INFO spark.SparkContext: Tasks finished in 36.375653914 s
Centroids changed by
	   (0.000000, 0.000070, 0.000144)
	to ((7.00,40.00), (35.69,21.67), (24.85,22.49))
Final centroids: 
