stdin: is not a tty
WARNING: Logging before InitGoogleLogging() is written to STDERR
I1207 05:33:07.875705  3155 sched.cpp:181] New master at 1@10.242.34.207:5050 with ID:0
10/12/07 05:33:07 INFO spark.BoundedMemoryCache: BoundedMemoryCache.maxBytes = 3087007744
10/12/07 05:33:07 INFO spark.MesosScheduler: Registered as framework ID 201012070533-0-0000
10/12/07 05:33:08 INFO mapred.FileInputFormat: Total input paths to process : 1
10/12/07 05:33:08 INFO spark.SparkContext: Running 15 tasks in parallel
10/12/07 05:33:08 INFO spark.SimpleJob: Starting task 0:0 as TID 0 on slave 0-0: ip-10-98-197-93.ec2.internal (preferred)
10/12/07 05:33:08 INFO spark.SimpleJob: Starting task 0:1 as TID 1 on slave 0-1: ip-10-242-34-191.ec2.internal (preferred)
10/12/07 05:33:08 INFO spark.SimpleJob: Starting task 0:2 as TID 2 on slave 0-0: ip-10-98-197-93.ec2.internal (preferred)
10/12/07 05:33:08 INFO spark.SimpleJob: Starting task 0:3 as TID 3 on slave 0-1: ip-10-242-34-191.ec2.internal (preferred)
10/12/07 05:33:08 INFO spark.SimpleJob: Starting task 0:4 as TID 4 on slave 0-0: ip-10-98-197-93.ec2.internal (preferred)
10/12/07 05:33:08 INFO spark.SimpleJob: Starting task 0:5 as TID 5 on slave 0-1: ip-10-242-34-191.ec2.internal (preferred)
10/12/07 05:33:08 INFO spark.SimpleJob: Starting task 0:6 as TID 6 on slave 0-0: ip-10-98-197-93.ec2.internal (preferred)
10/12/07 05:33:08 INFO spark.SimpleJob: Starting task 0:7 as TID 7 on slave 0-1: ip-10-242-34-191.ec2.internal (preferred)
10/12/07 05:33:08 INFO spark.SimpleJob: Starting task 0:8 as TID 8 on slave 0-0: ip-10-98-197-93.ec2.internal (preferred)
10/12/07 05:33:08 INFO spark.SimpleJob: Starting task 0:9 as TID 9 on slave 0-1: ip-10-242-34-191.ec2.internal (preferred)
10/12/07 05:33:08 INFO spark.SimpleJob: Starting task 0:10 as TID 10 on slave 0-0: ip-10-98-197-93.ec2.internal (preferred)
10/12/07 05:33:08 INFO spark.SimpleJob: Starting task 0:11 as TID 11 on slave 0-1: ip-10-242-34-191.ec2.internal (preferred)
10/12/07 05:33:08 INFO spark.SimpleJob: Starting task 0:12 as TID 12 on slave 0-0: ip-10-98-197-93.ec2.internal (preferred)
10/12/07 05:33:08 INFO spark.SimpleJob: Starting task 0:13 as TID 13 on slave 0-1: ip-10-242-34-191.ec2.internal (preferred)
10/12/07 05:33:08 INFO spark.SimpleJob: Starting task 0:14 as TID 14 on slave 0-0: ip-10-98-197-93.ec2.internal (preferred)
10/12/07 05:34:37 INFO spark.SimpleJob: Lost TID 7 (task 0:7)
10/12/07 05:34:37 INFO spark.SimpleJob: Lost TID 9 (task 0:9)
10/12/07 05:34:37 INFO spark.SimpleJob: Lost TID 11 (task 0:11)
10/12/07 05:34:37 INFO spark.SimpleJob: Lost TID 13 (task 0:13)
10/12/07 05:34:37 INFO spark.SimpleJob: Lost TID 5 (task 0:5)
10/12/07 05:34:37 INFO spark.SimpleJob: Lost TID 1 (task 0:1)
10/12/07 05:34:37 INFO spark.SimpleJob: Lost TID 3 (task 0:3)
10/12/07 05:34:37 INFO spark.SimpleJob: Starting task 0:3 as TID 15 on slave 0-1: ip-10-242-34-191.ec2.internal (preferred)
10/12/07 05:34:37 INFO spark.SimpleJob: Starting task 0:1 as TID 16 on slave 0-1: ip-10-242-34-191.ec2.internal (preferred)
10/12/07 05:34:37 INFO spark.SimpleJob: Starting task 0:5 as TID 17 on slave 0-1: ip-10-242-34-191.ec2.internal (preferred)
10/12/07 05:34:37 INFO spark.SimpleJob: Starting task 0:13 as TID 18 on slave 0-1: ip-10-242-34-191.ec2.internal (preferred)
10/12/07 05:34:37 INFO spark.SimpleJob: Starting task 0:11 as TID 19 on slave 0-1: ip-10-242-34-191.ec2.internal (preferred)
10/12/07 05:34:37 INFO spark.SimpleJob: Starting task 0:9 as TID 20 on slave 0-1: ip-10-242-34-191.ec2.internal (preferred)
10/12/07 05:34:37 INFO spark.SimpleJob: Starting task 0:7 as TID 21 on slave 0-1: ip-10-242-34-191.ec2.internal (preferred)
10/12/07 05:35:15 INFO spark.SimpleJob: Finished TID 14 (progress: 1/15)
10/12/07 05:35:52 INFO spark.SimpleJob: Lost TID 18 (task 0:13)
10/12/07 05:35:52 INFO spark.SimpleJob: Lost TID 19 (task 0:11)
10/12/07 05:35:52 INFO spark.SimpleJob: Lost TID 21 (task 0:7)
10/12/07 05:35:52 INFO spark.SimpleJob: Lost TID 15 (task 0:3)
10/12/07 05:35:52 INFO spark.SimpleJob: Lost TID 17 (task 0:5)
10/12/07 05:35:52 INFO spark.SimpleJob: Lost TID 16 (task 0:1)
10/12/07 05:35:52 INFO spark.SimpleJob: Lost TID 20 (task 0:9)
10/12/07 05:35:53 INFO spark.SimpleJob: Starting task 0:9 as TID 22 on slave 0-0: ip-10-98-197-93.ec2.internal (non-preferred)
10/12/07 05:35:53 INFO spark.SimpleJob: Starting task 0:1 as TID 23 on slave 0-1: ip-10-242-34-191.ec2.internal (preferred)
10/12/07 05:35:53 INFO spark.SimpleJob: Starting task 0:5 as TID 24 on slave 0-1: ip-10-242-34-191.ec2.internal (preferred)
10/12/07 05:35:53 INFO spark.SimpleJob: Starting task 0:3 as TID 25 on slave 0-1: ip-10-242-34-191.ec2.internal (preferred)
10/12/07 05:35:53 INFO spark.SimpleJob: Starting task 0:7 as TID 26 on slave 0-1: ip-10-242-34-191.ec2.internal (preferred)
10/12/07 05:35:53 INFO spark.SimpleJob: Starting task 0:11 as TID 27 on slave 0-1: ip-10-242-34-191.ec2.internal (preferred)
10/12/07 05:35:53 INFO spark.SimpleJob: Starting task 0:13 as TID 28 on slave 0-1: ip-10-242-34-191.ec2.internal (preferred)
10/12/07 05:37:07 INFO spark.SimpleJob: Finished TID 6 (progress: 2/15)
10/12/07 05:37:23 INFO spark.SimpleJob: Finished TID 2 (progress: 3/15)
10/12/07 05:37:23 INFO spark.SimpleJob: Finished TID 8 (progress: 4/15)
10/12/07 05:37:24 INFO spark.SimpleJob: Finished TID 0 (progress: 5/15)
10/12/07 05:37:24 INFO spark.SimpleJob: Finished TID 10 (progress: 6/15)
10/12/07 05:37:25 INFO spark.SimpleJob: Finished TID 4 (progress: 7/15)
