WARNING: Logging before InitGoogleLogging() is written to STDERR
I1204 23:08:15.313992  4184 sched.cpp:181] New master at 1@10.202.70.163:5050 with ID:0
10/12/04 23:08:15 INFO MesosScheduler: Registered as framework ID 201012042308-0-0021
10/12/04 23:08:15 INFO BoundedMemoryCache: BoundedMemoryCache.maxBytes = 3087007744
10/12/04 23:08:15 INFO FileInputFormat: Total input paths to process : 8
10/12/04 23:08:15 INFO SparkContext: Running 16 tasks in parallel
10/12/04 23:08:15 INFO SimpleJob: Starting task 0:0 as TID 0 on slave 0-0: ip-10-202-71-135.ec2.internal (preferred)
10/12/04 23:08:16 INFO SimpleJob: Starting task 0:1 as TID 1 on slave 0-1: ip-10-196-103-159.ec2.internal (preferred)
10/12/04 23:08:16 INFO SimpleJob: Starting task 0:2 as TID 2 on slave 0-0: ip-10-202-71-135.ec2.internal (preferred)
10/12/04 23:08:16 INFO SimpleJob: Starting task 0:3 as TID 3 on slave 0-1: ip-10-196-103-159.ec2.internal (preferred)
10/12/04 23:08:30 INFO SimpleJob: Finished TID 3 (progress: 1/16)
10/12/04 23:08:30 INFO SimpleJob: Starting task 0:4 as TID 4 on slave 0-1: ip-10-196-103-159.ec2.internal (preferred)
10/12/04 23:08:30 INFO SimpleJob: Finished TID 1 (progress: 2/16)
10/12/04 23:08:30 INFO SimpleJob: Starting task 0:5 as TID 5 on slave 0-1: ip-10-196-103-159.ec2.internal (preferred)
10/12/04 23:08:31 INFO SimpleJob: Finished TID 5 (progress: 3/16)
10/12/04 23:08:31 INFO SimpleJob: Starting task 0:6 as TID 6 on slave 0-1: ip-10-196-103-159.ec2.internal (preferred)
10/12/04 23:08:50 INFO SimpleJob: Finished TID 2 (progress: 4/16)
10/12/04 23:08:50 INFO SimpleJob: Starting task 0:7 as TID 7 on slave 0-0: ip-10-202-71-135.ec2.internal (preferred)
10/12/04 23:08:50 INFO SimpleJob: Finished TID 0 (progress: 5/16)
10/12/04 23:08:50 INFO SimpleJob: Starting task 0:8 as TID 8 on slave 0-0: ip-10-202-71-135.ec2.internal (preferred)
10/12/04 23:08:51 INFO SimpleJob: Finished TID 8 (progress: 6/16)
10/12/04 23:08:51 INFO SimpleJob: Starting task 0:9 as TID 9 on slave 0-0: ip-10-202-71-135.ec2.internal (preferred)
10/12/04 23:08:55 INFO SimpleJob: Finished TID 4 (progress: 7/16)
10/12/04 23:08:55 INFO SimpleJob: Starting task 0:10 as TID 10 on slave 0-1: ip-10-196-103-159.ec2.internal (preferred)
10/12/04 23:08:55 INFO SimpleJob: Finished TID 6 (progress: 8/16)
10/12/04 23:08:55 INFO SimpleJob: Starting task 0:11 as TID 11 on slave 0-1: ip-10-196-103-159.ec2.internal (preferred)
10/12/04 23:08:56 INFO SimpleJob: Finished TID 11 (progress: 9/16)
10/12/04 23:08:56 INFO SimpleJob: Starting task 0:12 as TID 12 on slave 0-1: ip-10-196-103-159.ec2.internal (preferred)
10/12/04 23:08:56 INFO SimpleJob: Finished TID 10 (progress: 10/16)
10/12/04 23:08:56 INFO SimpleJob: Starting task 0:13 as TID 13 on slave 0-1: ip-10-196-103-159.ec2.internal (preferred)
10/12/04 23:08:56 INFO SimpleJob: Finished TID 13 (progress: 11/16)
10/12/04 23:08:56 INFO SimpleJob: Starting task 0:14 as TID 14 on slave 0-1: ip-10-196-103-159.ec2.internal (preferred)
10/12/04 23:08:56 INFO SimpleJob: Finished TID 12 (progress: 12/16)
10/12/04 23:08:56 INFO SimpleJob: Starting task 0:15 as TID 15 on slave 0-1: ip-10-196-103-159.ec2.internal (preferred)
10/12/04 23:08:57 INFO SimpleJob: Finished TID 15 (progress: 13/16)
10/12/04 23:08:57 INFO SimpleJob: Finished TID 14 (progress: 14/16)
10/12/04 23:09:03 INFO SimpleJob: Finished TID 9 (progress: 15/16)
10/12/04 23:09:03 INFO SimpleJob: Finished TID 7 (progress: 16/16)
10/12/04 23:09:03 INFO SparkContext: Tasks finished in 47.125822345 s
Read 80000000 points.
10/12/04 23:09:03 INFO SparkContext: Running 16 tasks in parallel
10/12/04 23:09:03 INFO SimpleJob: Starting task 1:0 as TID 16 on slave 0-0: ip-10-202-71-135.ec2.internal (preferred)
10/12/04 23:09:03 INFO SimpleJob: Starting task 1:1 as TID 17 on slave 0-1: ip-10-196-103-159.ec2.internal (preferred)
10/12/04 23:09:03 INFO SimpleJob: Starting task 1:2 as TID 18 on slave 0-0: ip-10-202-71-135.ec2.internal (preferred)
10/12/04 23:09:03 INFO SimpleJob: Starting task 1:3 as TID 19 on slave 0-1: ip-10-196-103-159.ec2.internal (preferred)
10/12/04 23:09:06 INFO SimpleJob: Finished TID 19 (progress: 1/16)
10/12/04 23:09:06 INFO SimpleJob: Starting task 1:4 as TID 20 on slave 0-1: ip-10-196-103-159.ec2.internal (preferred)
10/12/04 23:09:07 INFO SimpleJob: Finished TID 17 (progress: 2/16)
10/12/04 23:09:07 INFO SimpleJob: Starting task 1:5 as TID 21 on slave 0-1: ip-10-196-103-159.ec2.internal (preferred)
10/12/04 23:09:10 INFO SimpleJob: Finished TID 21 (progress: 3/16)
10/12/04 23:09:10 INFO SimpleJob: Starting task 1:6 as TID 22 on slave 0-1: ip-10-196-103-159.ec2.internal (preferred)
10/12/04 23:09:11 INFO SimpleJob: Finished TID 16 (progress: 4/16)
10/12/04 23:09:11 INFO SimpleJob: Starting task 1:7 as TID 23 on slave 0-0: ip-10-202-71-135.ec2.internal (preferred)
10/12/04 23:09:11 INFO SimpleJob: Finished TID 18 (progress: 5/16)
10/12/04 23:09:11 INFO SimpleJob: Starting task 1:8 as TID 24 on slave 0-0: ip-10-202-71-135.ec2.internal (preferred)
10/12/04 23:09:14 INFO SimpleJob: Finished TID 23 (progress: 6/16)
10/12/04 23:09:14 INFO SimpleJob: Starting task 1:9 as TID 25 on slave 0-0: ip-10-202-71-135.ec2.internal (preferred)
10/12/04 23:09:15 INFO SimpleJob: Finished TID 20 (progress: 7/16)
10/12/04 23:09:15 INFO SimpleJob: Starting task 1:10 as TID 26 on slave 0-1: ip-10-196-103-159.ec2.internal (preferred)
10/12/04 23:09:18 INFO SimpleJob: Finished TID 25 (progress: 8/16)
10/12/04 23:09:18 INFO SimpleJob: Finished TID 24 (progress: 9/16)
10/12/04 23:09:19 INFO SimpleJob: Finished TID 22 (progress: 10/16)
10/12/04 23:09:19 INFO SimpleJob: Starting task 1:11 as TID 27 on slave 0-1: ip-10-196-103-159.ec2.internal (preferred)
10/12/04 23:09:22 INFO SimpleJob: Starting task 1:12 as TID 28 on slave 0-0: ip-10-202-71-135.ec2.internal (non-preferred)
10/12/04 23:09:22 INFO SimpleJob: Starting task 1:13 as TID 29 on slave 0-0: ip-10-202-71-135.ec2.internal (non-preferred)
10/12/04 23:09:22 INFO SimpleJob: Finished TID 27 (progress: 11/16)
10/12/04 23:09:22 INFO SimpleJob: Starting task 1:14 as TID 30 on slave 0-1: ip-10-196-103-159.ec2.internal (preferred)
10/12/04 23:09:24 INFO SimpleJob: Finished TID 26 (progress: 12/16)
10/12/04 23:09:24 INFO SimpleJob: Starting task 1:15 as TID 31 on slave 0-1: ip-10-196-103-159.ec2.internal (preferred)
10/12/04 23:09:26 INFO SimpleJob: Finished TID 29 (progress: 13/16)
10/12/04 23:09:28 INFO SimpleJob: Finished TID 31 (progress: 14/16)
10/12/04 23:09:29 INFO SimpleJob: Finished TID 28 (progress: 15/16)
10/12/04 23:09:30 INFO SimpleJob: Finished TID 30 (progress: 16/16)
10/12/04 23:09:30 INFO SparkContext: Tasks finished in 27.061461036 s
Centroids changed by
	   (1.020119, 0.433392, 2.183411)
	to ((7.78,40.66), (44.75,35.36), (17.87,7.51))
10/12/04 23:09:30 INFO SparkContext: Running 16 tasks in parallel
10/12/04 23:09:30 INFO SimpleJob: Starting task 2:0 as TID 32 on slave 0-0: ip-10-202-71-135.ec2.internal (preferred)
10/12/04 23:09:30 INFO SimpleJob: Starting task 2:1 as TID 33 on slave 0-1: ip-10-196-103-159.ec2.internal (preferred)
10/12/04 23:09:30 INFO SimpleJob: Starting task 2:2 as TID 34 on slave 0-0: ip-10-202-71-135.ec2.internal (preferred)
10/12/04 23:09:30 INFO SimpleJob: Starting task 2:3 as TID 35 on slave 0-1: ip-10-196-103-159.ec2.internal (preferred)
10/12/04 23:09:34 INFO SimpleJob: Finished TID 33 (progress: 1/16)
10/12/04 23:09:34 INFO SimpleJob: Starting task 2:4 as TID 36 on slave 0-1: ip-10-196-103-159.ec2.internal (preferred)
10/12/04 23:09:34 INFO SimpleJob: Finished TID 35 (progress: 2/16)
10/12/04 23:09:34 INFO SimpleJob: Starting task 2:5 as TID 37 on slave 0-1: ip-10-196-103-159.ec2.internal (preferred)
10/12/04 23:09:38 INFO SimpleJob: Finished TID 37 (progress: 3/16)
10/12/04 23:09:38 INFO SimpleJob: Starting task 2:6 as TID 38 on slave 0-1: ip-10-196-103-159.ec2.internal (preferred)
10/12/04 23:09:38 INFO SimpleJob: Finished TID 32 (progress: 4/16)
10/12/04 23:09:38 INFO SimpleJob: Starting task 2:7 as TID 39 on slave 0-0: ip-10-202-71-135.ec2.internal (preferred)
10/12/04 23:09:38 INFO SimpleJob: Finished TID 34 (progress: 5/16)
10/12/04 23:09:38 INFO SimpleJob: Starting task 2:8 as TID 40 on slave 0-0: ip-10-202-71-135.ec2.internal (preferred)
10/12/04 23:09:42 INFO SimpleJob: Finished TID 39 (progress: 6/16)
10/12/04 23:09:42 INFO SimpleJob: Starting task 2:9 as TID 41 on slave 0-0: ip-10-202-71-135.ec2.internal (preferred)
10/12/04 23:09:43 INFO SimpleJob: Finished TID 36 (progress: 7/16)
10/12/04 23:09:43 INFO SimpleJob: Starting task 2:10 as TID 42 on slave 0-1: ip-10-196-103-159.ec2.internal (preferred)
10/12/04 23:09:46 INFO SimpleJob: Finished TID 41 (progress: 8/16)
10/12/04 23:09:46 INFO SimpleJob: Starting task 2:12 as TID 43 on slave 0-0: ip-10-202-71-135.ec2.internal (preferred)
10/12/04 23:09:47 INFO SimpleJob: Finished TID 38 (progress: 9/16)
10/12/04 23:09:47 INFO SimpleJob: Starting task 2:11 as TID 44 on slave 0-1: ip-10-196-103-159.ec2.internal (preferred)
10/12/04 23:09:47 INFO SimpleJob: Finished TID 40 (progress: 10/16)
10/12/04 23:09:47 INFO SimpleJob: Starting task 2:13 as TID 45 on slave 0-0: ip-10-202-71-135.ec2.internal (preferred)
10/12/04 23:09:51 INFO SimpleJob: Finished TID 44 (progress: 11/16)
10/12/04 23:09:51 INFO SimpleJob: Starting task 2:14 as TID 46 on slave 0-1: ip-10-196-103-159.ec2.internal (preferred)
10/12/04 23:09:51 INFO SimpleJob: Finished TID 45 (progress: 12/16)
10/12/04 23:09:52 INFO SimpleJob: Finished TID 42 (progress: 13/16)
10/12/04 23:09:52 INFO SimpleJob: Starting task 2:15 as TID 47 on slave 0-1: ip-10-196-103-159.ec2.internal (preferred)
10/12/04 23:09:54 INFO SimpleJob: Finished TID 43 (progress: 14/16)
10/12/04 23:09:56 INFO SimpleJob: Finished TID 47 (progress: 15/16)
10/12/04 23:09:58 INFO SimpleJob: Finished TID 46 (progress: 16/16)
10/12/04 23:09:58 INFO SparkContext: Tasks finished in 28.41892853 s
Centroids changed by
	   (0.000000, 0.000000, 0.000000)
	to ((7.78,40.66), (44.75,35.36), (17.87,7.51))
Final centroids: 
7.776982	40.661016
44.751415	35.355014
17.872132	7.510652

