WARNING: Logging before InitGoogleLogging() is written to STDERR
I1204 23:02:21.503859  4012 sched.cpp:181] New master at 1@10.202.70.163:5050 with ID:0
10/12/04 23:02:21 INFO MesosScheduler: Registered as framework ID 201012042302-0-0017
10/12/04 23:02:21 INFO BoundedMemoryCache: BoundedMemoryCache.maxBytes = 3087007744
10/12/04 23:02:22 INFO FileInputFormat: Total input paths to process : 4
10/12/04 23:02:22 INFO SparkContext: Running 8 tasks in parallel
10/12/04 23:02:22 INFO SimpleJob: Starting task 0:0 as TID 0 on slave 0-0: ip-10-202-71-135.ec2.internal (preferred)
10/12/04 23:02:22 INFO SimpleJob: Starting task 0:1 as TID 1 on slave 0-1: ip-10-196-103-159.ec2.internal (preferred)
10/12/04 23:02:22 INFO SimpleJob: Starting task 0:2 as TID 2 on slave 0-0: ip-10-202-71-135.ec2.internal (preferred)
10/12/04 23:02:22 INFO SimpleJob: Starting task 0:3 as TID 3 on slave 0-1: ip-10-196-103-159.ec2.internal (preferred)
10/12/04 23:02:38 INFO SimpleJob: Finished TID 1 (progress: 1/8)
10/12/04 23:02:38 INFO SimpleJob: Starting task 0:4 as TID 4 on slave 0-1: ip-10-196-103-159.ec2.internal (preferred)
10/12/04 23:02:38 INFO SimpleJob: Finished TID 3 (progress: 2/8)
10/12/04 23:02:38 INFO SimpleJob: Starting task 0:5 as TID 5 on slave 0-1: ip-10-196-103-159.ec2.internal (preferred)
10/12/04 23:02:38 INFO SimpleJob: Finished TID 5 (progress: 3/8)
10/12/04 23:02:38 INFO SimpleJob: Starting task 0:6 as TID 6 on slave 0-1: ip-10-196-103-159.ec2.internal (preferred)
10/12/04 23:02:57 INFO SimpleJob: Finished TID 2 (progress: 4/8)
10/12/04 23:02:57 INFO SimpleJob: Starting task 0:7 as TID 7 on slave 0-0: ip-10-202-71-135.ec2.internal (preferred)
10/12/04 23:02:57 INFO SimpleJob: Finished TID 0 (progress: 5/8)
10/12/04 23:03:06 INFO SimpleJob: Finished TID 6 (progress: 6/8)
10/12/04 23:03:06 INFO SimpleJob: Finished TID 4 (progress: 7/8)
10/12/04 23:03:09 INFO SimpleJob: Finished TID 7 (progress: 8/8)
10/12/04 23:03:09 INFO SparkContext: Tasks finished in 47.754237296 s
Read 40000000 points.
10/12/04 23:03:09 INFO SparkContext: Running 8 tasks in parallel
10/12/04 23:03:09 INFO SimpleJob: Starting task 1:0 as TID 8 on slave 0-0: ip-10-202-71-135.ec2.internal (preferred)
10/12/04 23:03:09 INFO SimpleJob: Starting task 1:1 as TID 9 on slave 0-1: ip-10-196-103-159.ec2.internal (preferred)
10/12/04 23:03:09 INFO SimpleJob: Starting task 1:2 as TID 10 on slave 0-0: ip-10-202-71-135.ec2.internal (preferred)
10/12/04 23:03:09 INFO SimpleJob: Starting task 1:3 as TID 11 on slave 0-1: ip-10-196-103-159.ec2.internal (preferred)
10/12/04 23:03:14 INFO SimpleJob: Finished TID 9 (progress: 1/8)
10/12/04 23:03:14 INFO SimpleJob: Starting task 1:4 as TID 12 on slave 0-1: ip-10-196-103-159.ec2.internal (preferred)
10/12/04 23:03:14 INFO SimpleJob: Finished TID 11 (progress: 2/8)
10/12/04 23:03:14 INFO SimpleJob: Starting task 1:5 as TID 13 on slave 0-1: ip-10-196-103-159.ec2.internal (preferred)
10/12/04 23:03:17 INFO SimpleJob: Finished TID 10 (progress: 3/8)
10/12/04 23:03:17 INFO SimpleJob: Starting task 1:7 as TID 14 on slave 0-0: ip-10-202-71-135.ec2.internal (preferred)
10/12/04 23:03:17 INFO SimpleJob: Finished TID 8 (progress: 4/8)
10/12/04 23:03:19 INFO SimpleJob: Finished TID 13 (progress: 5/8)
10/12/04 23:03:19 INFO SimpleJob: Starting task 1:6 as TID 15 on slave 0-1: ip-10-196-103-159.ec2.internal (preferred)
10/12/04 23:03:20 INFO SimpleJob: Finished TID 14 (progress: 6/8)
10/12/04 23:03:24 INFO SimpleJob: Finished TID 12 (progress: 7/8)
10/12/04 23:03:26 INFO SimpleJob: Finished TID 15 (progress: 8/8)
10/12/04 23:03:26 INFO SparkContext: Tasks finished in 16.693034592 s
Centroids changed by
	   (1.020119, 0.433392, 2.183411)
	to ((7.78,40.66), (44.75,35.36), (17.87,7.51))
10/12/04 23:03:26 INFO SparkContext: Running 8 tasks in parallel
10/12/04 23:03:26 INFO SimpleJob: Starting task 2:0 as TID 16 on slave 0-0: ip-10-202-71-135.ec2.internal (preferred)
10/12/04 23:03:26 INFO SimpleJob: Starting task 2:1 as TID 17 on slave 0-1: ip-10-196-103-159.ec2.internal (preferred)
10/12/04 23:03:26 INFO SimpleJob: Starting task 2:2 as TID 18 on slave 0-0: ip-10-202-71-135.ec2.internal (preferred)
10/12/04 23:03:26 INFO SimpleJob: Starting task 2:3 as TID 19 on slave 0-1: ip-10-196-103-159.ec2.internal (preferred)
10/12/04 23:03:31 INFO SimpleJob: Finished TID 17 (progress: 1/8)
10/12/04 23:03:31 INFO SimpleJob: Starting task 2:4 as TID 20 on slave 0-1: ip-10-196-103-159.ec2.internal (preferred)
10/12/04 23:03:31 INFO SimpleJob: Finished TID 19 (progress: 2/8)
10/12/04 23:03:31 INFO SimpleJob: Starting task 2:5 as TID 21 on slave 0-1: ip-10-196-103-159.ec2.internal (preferred)
10/12/04 23:03:34 INFO SimpleJob: Finished TID 16 (progress: 3/8)
10/12/04 23:03:34 INFO SimpleJob: Starting task 2:7 as TID 22 on slave 0-0: ip-10-202-71-135.ec2.internal (preferred)
10/12/04 23:03:34 INFO SimpleJob: Finished TID 18 (progress: 4/8)
10/12/04 23:03:35 INFO SimpleJob: Finished TID 21 (progress: 5/8)
10/12/04 23:03:35 INFO SimpleJob: Starting task 2:6 as TID 23 on slave 0-1: ip-10-196-103-159.ec2.internal (preferred)
10/12/04 23:03:36 INFO SimpleJob: Finished TID 22 (progress: 6/8)
10/12/04 23:03:41 INFO SimpleJob: Finished TID 20 (progress: 7/8)
10/12/04 23:03:43 INFO SimpleJob: Finished TID 23 (progress: 8/8)
10/12/04 23:03:43 INFO SparkContext: Tasks finished in 17.058480659 s
Centroids changed by
	   (0.000000, 0.000000, 0.000000)
	to ((7.78,40.66), (44.75,35.36), (17.87,7.51))
Final centroids: 
7.776982	40.661016
44.751415	35.355014
17.872132	7.510652

