WARNING: Logging before InitGoogleLogging() is written to STDERR
I1204 23:17:23.477368  4449 sched.cpp:181] New master at 1@10.202.70.163:5050 with ID:0
10/12/04 23:17:23 INFO MesosScheduler: Registered as framework ID 201012042317-0-0025
10/12/04 23:17:23 INFO BoundedMemoryCache: BoundedMemoryCache.maxBytes = 3087007744
10/12/04 23:17:24 INFO FileInputFormat: Total input paths to process : 16
10/12/04 23:17:24 INFO SparkContext: Running 32 tasks in parallel
10/12/04 23:17:24 INFO SimpleJob: Starting task 0:0 as TID 0 on slave 0-0: ip-10-202-71-135.ec2.internal (preferred)
10/12/04 23:17:24 INFO SimpleJob: Starting task 0:1 as TID 1 on slave 0-1: ip-10-196-103-159.ec2.internal (preferred)
10/12/04 23:17:24 INFO SimpleJob: Starting task 0:2 as TID 2 on slave 0-0: ip-10-202-71-135.ec2.internal (preferred)
10/12/04 23:17:24 INFO SimpleJob: Starting task 0:3 as TID 3 on slave 0-1: ip-10-196-103-159.ec2.internal (preferred)
10/12/04 23:17:39 INFO SimpleJob: Finished TID 3 (progress: 1/32)
10/12/04 23:17:39 INFO SimpleJob: Starting task 0:4 as TID 4 on slave 0-1: ip-10-196-103-159.ec2.internal (preferred)
10/12/04 23:17:39 INFO SimpleJob: Finished TID 1 (progress: 2/32)
10/12/04 23:17:39 INFO SimpleJob: Starting task 0:5 as TID 5 on slave 0-1: ip-10-196-103-159.ec2.internal (preferred)
10/12/04 23:17:40 INFO SimpleJob: Finished TID 5 (progress: 3/32)
10/12/04 23:17:40 INFO SimpleJob: Starting task 0:6 as TID 6 on slave 0-1: ip-10-196-103-159.ec2.internal (preferred)
10/12/04 23:18:00 INFO SimpleJob: Finished TID 2 (progress: 4/32)
10/12/04 23:18:00 INFO SimpleJob: Starting task 0:7 as TID 7 on slave 0-0: ip-10-202-71-135.ec2.internal (preferred)
10/12/04 23:18:00 INFO SimpleJob: Finished TID 0 (progress: 5/32)
10/12/04 23:18:00 INFO SimpleJob: Starting task 0:8 as TID 8 on slave 0-0: ip-10-202-71-135.ec2.internal (preferred)
10/12/04 23:18:00 INFO SimpleJob: Finished TID 8 (progress: 6/32)
10/12/04 23:18:00 INFO SimpleJob: Starting task 0:9 as TID 9 on slave 0-0: ip-10-202-71-135.ec2.internal (preferred)
10/12/04 23:18:04 INFO SimpleJob: Finished TID 4 (progress: 7/32)
10/12/04 23:18:04 INFO SimpleJob: Starting task 0:10 as TID 10 on slave 0-1: ip-10-196-103-159.ec2.internal (preferred)
10/12/04 23:18:04 INFO SimpleJob: Finished TID 6 (progress: 8/32)
10/12/04 23:18:04 INFO SimpleJob: Starting task 0:11 as TID 11 on slave 0-1: ip-10-196-103-159.ec2.internal (preferred)
10/12/04 23:18:05 INFO SimpleJob: Finished TID 11 (progress: 9/32)
10/12/04 23:18:05 INFO SimpleJob: Starting task 0:12 as TID 12 on slave 0-1: ip-10-196-103-159.ec2.internal (preferred)
10/12/04 23:18:05 INFO SimpleJob: Finished TID 10 (progress: 10/32)
10/12/04 23:18:05 INFO SimpleJob: Starting task 0:13 as TID 13 on slave 0-1: ip-10-196-103-159.ec2.internal (preferred)
10/12/04 23:18:05 INFO SimpleJob: Finished TID 13 (progress: 11/32)
10/12/04 23:18:05 INFO SimpleJob: Starting task 0:14 as TID 14 on slave 0-1: ip-10-196-103-159.ec2.internal (preferred)
10/12/04 23:18:05 INFO SimpleJob: Finished TID 12 (progress: 12/32)
10/12/04 23:18:05 INFO SimpleJob: Starting task 0:15 as TID 15 on slave 0-1: ip-10-196-103-159.ec2.internal (preferred)
10/12/04 23:18:05 INFO SimpleJob: Finished TID 15 (progress: 13/32)
10/12/04 23:18:05 INFO SimpleJob: Starting task 0:16 as TID 16 on slave 0-1: ip-10-196-103-159.ec2.internal (preferred)
10/12/04 23:18:06 INFO SimpleJob: Finished TID 16 (progress: 14/32)
10/12/04 23:18:06 INFO SimpleJob: Starting task 0:17 as TID 17 on slave 0-1: ip-10-196-103-159.ec2.internal (preferred)
10/12/04 23:18:06 INFO SimpleJob: Finished TID 14 (progress: 15/32)
10/12/04 23:18:06 INFO SimpleJob: Starting task 0:18 as TID 18 on slave 0-1: ip-10-196-103-159.ec2.internal (preferred)
10/12/04 23:18:06 INFO SimpleJob: Finished TID 17 (progress: 16/32)
10/12/04 23:18:06 INFO SimpleJob: Starting task 0:19 as TID 19 on slave 0-1: ip-10-196-103-159.ec2.internal (preferred)
10/12/04 23:18:06 INFO SimpleJob: Finished TID 18 (progress: 17/32)
10/12/04 23:18:06 INFO SimpleJob: Starting task 0:20 as TID 20 on slave 0-1: ip-10-196-103-159.ec2.internal (preferred)
10/12/04 23:18:07 INFO SimpleJob: Finished TID 19 (progress: 18/32)
10/12/04 23:18:07 INFO SimpleJob: Starting task 0:21 as TID 21 on slave 0-1: ip-10-196-103-159.ec2.internal (preferred)
10/12/04 23:18:07 INFO SimpleJob: Finished TID 21 (progress: 19/32)
10/12/04 23:18:07 INFO SimpleJob: Starting task 0:22 as TID 22 on slave 0-1: ip-10-196-103-159.ec2.internal (preferred)
10/12/04 23:18:07 INFO SimpleJob: Finished TID 20 (progress: 20/32)
10/12/04 23:18:07 INFO SimpleJob: Starting task 0:23 as TID 23 on slave 0-1: ip-10-196-103-159.ec2.internal (preferred)
10/12/04 23:18:07 INFO SimpleJob: Finished TID 23 (progress: 21/32)
10/12/04 23:18:07 INFO SimpleJob: Starting task 0:24 as TID 24 on slave 0-1: ip-10-196-103-159.ec2.internal (preferred)
10/12/04 23:18:08 INFO SimpleJob: Finished TID 22 (progress: 22/32)
10/12/04 23:18:08 INFO SimpleJob: Starting task 0:25 as TID 25 on slave 0-1: ip-10-196-103-159.ec2.internal (preferred)
10/12/04 23:18:08 INFO SimpleJob: Finished TID 24 (progress: 23/32)
10/12/04 23:18:08 INFO SimpleJob: Starting task 0:26 as TID 26 on slave 0-1: ip-10-196-103-159.ec2.internal (preferred)
10/12/04 23:18:08 INFO SimpleJob: Finished TID 25 (progress: 24/32)
10/12/04 23:18:08 INFO SimpleJob: Starting task 0:27 as TID 27 on slave 0-1: ip-10-196-103-159.ec2.internal (preferred)
10/12/04 23:18:08 INFO SimpleJob: Finished TID 27 (progress: 25/32)
10/12/04 23:18:08 INFO SimpleJob: Starting task 0:28 as TID 28 on slave 0-1: ip-10-196-103-159.ec2.internal (preferred)
10/12/04 23:18:08 INFO SimpleJob: Finished TID 26 (progress: 26/32)
10/12/04 23:18:08 INFO SimpleJob: Starting task 0:29 as TID 29 on slave 0-1: ip-10-196-103-159.ec2.internal (preferred)
10/12/04 23:18:08 INFO SimpleJob: Finished TID 29 (progress: 27/32)
10/12/04 23:18:08 INFO SimpleJob: Starting task 0:30 as TID 30 on slave 0-1: ip-10-196-103-159.ec2.internal (preferred)
10/12/04 23:18:09 INFO SimpleJob: Finished TID 28 (progress: 28/32)
10/12/04 23:18:09 INFO SimpleJob: Starting task 0:31 as TID 31 on slave 0-1: ip-10-196-103-159.ec2.internal (preferred)
10/12/04 23:18:09 INFO SimpleJob: Finished TID 30 (progress: 29/32)
10/12/04 23:18:09 INFO SimpleJob: Finished TID 31 (progress: 30/32)
10/12/04 23:18:12 INFO SimpleJob: Finished TID 7 (progress: 31/32)
10/12/04 23:18:12 INFO SimpleJob: Finished TID 9 (progress: 32/32)
10/12/04 23:18:12 INFO SparkContext: Tasks finished in 48.521026961 s
Read 160000000 points.
10/12/04 23:18:12 INFO SparkContext: Running 32 tasks in parallel
10/12/04 23:18:12 INFO SimpleJob: Starting task 1:0 as TID 32 on slave 0-0: ip-10-202-71-135.ec2.internal (preferred)
10/12/04 23:18:12 INFO SimpleJob: Starting task 1:1 as TID 33 on slave 0-1: ip-10-196-103-159.ec2.internal (preferred)
10/12/04 23:18:12 INFO SimpleJob: Starting task 1:2 as TID 34 on slave 0-0: ip-10-202-71-135.ec2.internal (preferred)
10/12/04 23:18:12 INFO SimpleJob: Starting task 1:3 as TID 35 on slave 0-1: ip-10-196-103-159.ec2.internal (preferred)
10/12/04 23:18:17 INFO SimpleJob: Finished TID 33 (progress: 1/32)
10/12/04 23:18:17 INFO SimpleJob: Starting task 1:4 as TID 36 on slave 0-1: ip-10-196-103-159.ec2.internal (preferred)
10/12/04 23:18:17 INFO SimpleJob: Finished TID 35 (progress: 2/32)
10/12/04 23:18:17 INFO SimpleJob: Starting task 1:5 as TID 37 on slave 0-1: ip-10-196-103-159.ec2.internal (preferred)
10/12/04 23:18:21 INFO SimpleJob: Finished TID 32 (progress: 3/32)
10/12/04 23:18:21 INFO SimpleJob: Starting task 1:7 as TID 38 on slave 0-0: ip-10-202-71-135.ec2.internal (preferred)
10/12/04 23:18:21 INFO SimpleJob: Finished TID 34 (progress: 4/32)
10/12/04 23:18:21 INFO SimpleJob: Starting task 1:8 as TID 39 on slave 0-0: ip-10-202-71-135.ec2.internal (preferred)
10/12/04 23:18:21 INFO SimpleJob: Finished TID 37 (progress: 5/32)
10/12/04 23:18:21 INFO SimpleJob: Starting task 1:6 as TID 40 on slave 0-1: ip-10-196-103-159.ec2.internal (preferred)
10/12/04 23:18:24 INFO SimpleJob: Finished TID 38 (progress: 6/32)
10/12/04 23:18:24 INFO SimpleJob: Starting task 1:9 as TID 41 on slave 0-0: ip-10-202-71-135.ec2.internal (preferred)
10/12/04 23:18:26 INFO SimpleJob: Finished TID 36 (progress: 7/32)
10/12/04 23:18:26 INFO SimpleJob: Starting task 1:10 as TID 42 on slave 0-1: ip-10-196-103-159.ec2.internal (preferred)
10/12/04 23:18:27 INFO SimpleJob: Finished TID 41 (progress: 8/32)
10/12/04 23:18:28 INFO SimpleJob: Finished TID 39 (progress: 9/32)
10/12/04 23:18:30 INFO SimpleJob: Starting task 1:11 as TID 43 on slave 0-0: ip-10-202-71-135.ec2.internal (non-preferred)
10/12/04 23:18:30 INFO SimpleJob: Starting task 1:12 as TID 44 on slave 0-0: ip-10-202-71-135.ec2.internal (non-preferred)
10/12/04 23:18:31 INFO SimpleJob: Finished TID 40 (progress: 10/32)
10/12/04 23:18:31 INFO SimpleJob: Starting task 1:13 as TID 45 on slave 0-1: ip-10-196-103-159.ec2.internal (preferred)
10/12/04 23:18:34 INFO SimpleJob: Finished TID 43 (progress: 11/32)
10/12/04 23:18:34 INFO SimpleJob: Starting task 1:14 as TID 46 on slave 0-0: ip-10-202-71-135.ec2.internal (non-preferred)
10/12/04 23:18:35 INFO SimpleJob: Finished TID 45 (progress: 12/32)
10/12/04 23:18:35 INFO SimpleJob: Starting task 1:15 as TID 47 on slave 0-1: ip-10-196-103-159.ec2.internal (preferred)
10/12/04 23:18:36 INFO SimpleJob: Finished TID 42 (progress: 13/32)
10/12/04 23:18:36 INFO SimpleJob: Starting task 1:16 as TID 48 on slave 0-1: ip-10-196-103-159.ec2.internal (preferred)
10/12/04 23:18:38 INFO SimpleJob: Finished TID 44 (progress: 14/32)
10/12/04 23:18:40 INFO SimpleJob: Finished TID 47 (progress: 15/32)
10/12/04 23:18:40 INFO SimpleJob: Starting task 1:17 as TID 49 on slave 0-1: ip-10-196-103-159.ec2.internal (preferred)
10/12/04 23:18:40 INFO SimpleJob: Finished TID 46 (progress: 16/32)
10/12/04 23:18:43 INFO SimpleJob: Starting task 1:18 as TID 50 on slave 0-0: ip-10-202-71-135.ec2.internal (non-preferred)
10/12/04 23:18:43 INFO SimpleJob: Starting task 1:19 as TID 51 on slave 0-0: ip-10-202-71-135.ec2.internal (non-preferred)
10/12/04 23:18:44 INFO SimpleJob: Finished TID 49 (progress: 17/32)
10/12/04 23:18:44 INFO SimpleJob: Starting task 1:20 as TID 52 on slave 0-1: ip-10-196-103-159.ec2.internal (preferred)
10/12/04 23:18:46 INFO SimpleJob: Finished TID 48 (progress: 18/32)
10/12/04 23:18:46 INFO SimpleJob: Starting task 1:21 as TID 53 on slave 0-1: ip-10-196-103-159.ec2.internal (preferred)
10/12/04 23:18:47 INFO SimpleJob: Finished TID 51 (progress: 19/32)
10/12/04 23:18:50 INFO SimpleJob: Starting task 1:22 as TID 54 on slave 0-0: ip-10-202-71-135.ec2.internal (non-preferred)
10/12/04 23:18:50 INFO SimpleJob: Finished TID 50 (progress: 20/32)
10/12/04 23:18:50 INFO SimpleJob: Starting task 1:23 as TID 55 on slave 0-0: ip-10-202-71-135.ec2.internal (non-preferred)
10/12/04 23:18:51 INFO SimpleJob: Finished TID 53 (progress: 21/32)
10/12/04 23:18:51 INFO SimpleJob: Starting task 1:24 as TID 56 on slave 0-1: ip-10-196-103-159.ec2.internal (preferred)
10/12/04 23:18:54 INFO SimpleJob: Finished TID 55 (progress: 22/32)
10/12/04 23:18:54 INFO SimpleJob: Starting task 1:25 as TID 57 on slave 0-0: ip-10-202-71-135.ec2.internal (non-preferred)
10/12/04 23:18:54 INFO SimpleJob: Finished TID 52 (progress: 23/32)
10/12/04 23:18:54 INFO SimpleJob: Starting task 1:26 as TID 58 on slave 0-1: ip-10-196-103-159.ec2.internal (preferred)
10/12/04 23:18:58 INFO SimpleJob: Finished TID 57 (progress: 24/32)
10/12/04 23:18:58 INFO SimpleJob: Starting task 1:27 as TID 59 on slave 0-0: ip-10-202-71-135.ec2.internal (non-preferred)
10/12/04 23:18:58 INFO SimpleJob: Finished TID 54 (progress: 25/32)
10/12/04 23:18:58 INFO SimpleJob: Starting task 1:28 as TID 60 on slave 0-0: ip-10-202-71-135.ec2.internal (non-preferred)
10/12/04 23:19:01 INFO SimpleJob: Finished TID 56 (progress: 26/32)
10/12/04 23:19:01 INFO SimpleJob: Starting task 1:29 as TID 61 on slave 0-1: ip-10-196-103-159.ec2.internal (preferred)
10/12/04 23:19:02 INFO SimpleJob: Finished TID 59 (progress: 27/32)
10/12/04 23:19:04 INFO SimpleJob: Finished TID 58 (progress: 28/32)
10/12/04 23:19:04 INFO SimpleJob: Starting task 1:30 as TID 62 on slave 0-1: ip-10-196-103-159.ec2.internal (preferred)
10/12/04 23:19:05 INFO SimpleJob: Finished TID 60 (progress: 29/32)
10/12/04 23:19:06 INFO SimpleJob: Finished TID 61 (progress: 30/32)
10/12/04 23:19:06 INFO SimpleJob: Starting task 1:31 as TID 63 on slave 0-1: ip-10-196-103-159.ec2.internal (preferred)
10/12/04 23:19:10 INFO SimpleJob: Finished TID 63 (progress: 31/32)
10/12/04 23:19:12 INFO SimpleJob: Finished TID 62 (progress: 32/32)
10/12/04 23:19:12 INFO SparkContext: Tasks finished in 60.039829881 s
Centroids changed by
	   (1.020119, 0.433392, 2.183411)
	to ((7.78,40.66), (44.75,35.36), (17.87,7.51))
10/12/04 23:19:12 INFO SparkContext: Running 32 tasks in parallel
10/12/04 23:19:12 INFO SimpleJob: Starting task 2:0 as TID 64 on slave 0-0: ip-10-202-71-135.ec2.internal (preferred)
10/12/04 23:19:12 INFO SimpleJob: Starting task 2:1 as TID 65 on slave 0-1: ip-10-196-103-159.ec2.internal (preferred)
10/12/04 23:19:12 INFO SimpleJob: Starting task 2:2 as TID 66 on slave 0-0: ip-10-202-71-135.ec2.internal (preferred)
10/12/04 23:19:12 INFO SimpleJob: Starting task 2:3 as TID 67 on slave 0-1: ip-10-196-103-159.ec2.internal (preferred)
10/12/04 23:19:17 INFO SimpleJob: Finished TID 65 (progress: 1/32)
10/12/04 23:19:17 INFO SimpleJob: Starting task 2:4 as TID 68 on slave 0-1: ip-10-196-103-159.ec2.internal (preferred)
10/12/04 23:19:17 INFO SimpleJob: Finished TID 67 (progress: 2/32)
10/12/04 23:19:17 INFO SimpleJob: Starting task 2:5 as TID 69 on slave 0-1: ip-10-196-103-159.ec2.internal (preferred)
10/12/04 23:19:21 INFO SimpleJob: Finished TID 64 (progress: 3/32)
10/12/04 23:19:21 INFO SimpleJob: Starting task 2:7 as TID 70 on slave 0-0: ip-10-202-71-135.ec2.internal (preferred)
10/12/04 23:19:21 INFO SimpleJob: Finished TID 66 (progress: 4/32)
10/12/04 23:19:21 INFO SimpleJob: Starting task 2:8 as TID 71 on slave 0-0: ip-10-202-71-135.ec2.internal (preferred)
10/12/04 23:19:22 INFO SimpleJob: Finished TID 69 (progress: 5/32)
10/12/04 23:19:22 INFO SimpleJob: Starting task 2:6 as TID 72 on slave 0-1: ip-10-196-103-159.ec2.internal (preferred)
10/12/04 23:19:25 INFO SimpleJob: Finished TID 70 (progress: 6/32)
10/12/04 23:19:25 INFO SimpleJob: Starting task 2:9 as TID 73 on slave 0-0: ip-10-202-71-135.ec2.internal (preferred)
10/12/04 23:19:28 INFO SimpleJob: Finished TID 68 (progress: 7/32)
10/12/04 23:19:28 INFO SimpleJob: Starting task 2:10 as TID 74 on slave 0-1: ip-10-196-103-159.ec2.internal (preferred)
10/12/04 23:19:29 INFO SimpleJob: Finished TID 73 (progress: 8/32)
10/12/04 23:19:29 INFO SimpleJob: Starting task 2:11 as TID 75 on slave 0-0: ip-10-202-71-135.ec2.internal (preferred)
10/12/04 23:19:30 INFO SimpleJob: Finished TID 71 (progress: 9/32)
10/12/04 23:19:30 INFO SimpleJob: Starting task 2:12 as TID 76 on slave 0-0: ip-10-202-71-135.ec2.internal (preferred)
10/12/04 23:19:32 INFO SimpleJob: Finished TID 72 (progress: 10/32)
10/12/04 23:19:32 INFO SimpleJob: Starting task 2:13 as TID 77 on slave 0-1: ip-10-196-103-159.ec2.internal (preferred)
10/12/04 23:19:33 INFO SimpleJob: Finished TID 75 (progress: 11/32)
10/12/04 23:19:33 INFO SimpleJob: Starting task 2:14 as TID 78 on slave 0-0: ip-10-202-71-135.ec2.internal (preferred)
10/12/04 23:19:36 INFO SimpleJob: Finished TID 77 (progress: 12/32)
10/12/04 23:19:36 INFO SimpleJob: Starting task 2:15 as TID 79 on slave 0-1: ip-10-196-103-159.ec2.internal (preferred)
10/12/04 23:19:38 INFO SimpleJob: Finished TID 74 (progress: 13/32)
10/12/04 23:19:38 INFO SimpleJob: Starting task 2:16 as TID 80 on slave 0-1: ip-10-196-103-159.ec2.internal (preferred)
10/12/04 23:19:39 INFO SimpleJob: Finished TID 76 (progress: 14/32)
10/12/04 23:19:39 INFO SimpleJob: Starting task 2:18 as TID 81 on slave 0-0: ip-10-202-71-135.ec2.internal (preferred)
10/12/04 23:19:41 INFO SimpleJob: Finished TID 79 (progress: 15/32)
10/12/04 23:19:41 INFO SimpleJob: Starting task 2:17 as TID 82 on slave 0-1: ip-10-196-103-159.ec2.internal (preferred)
10/12/04 23:19:41 INFO SimpleJob: Finished TID 78 (progress: 16/32)
10/12/04 23:19:41 INFO SimpleJob: Starting task 2:19 as TID 83 on slave 0-0: ip-10-202-71-135.ec2.internal (preferred)
10/12/04 23:19:45 INFO SimpleJob: Finished TID 82 (progress: 17/32)
10/12/04 23:19:45 INFO SimpleJob: Starting task 2:20 as TID 84 on slave 0-1: ip-10-196-103-159.ec2.internal (preferred)
10/12/04 23:19:45 INFO SimpleJob: Finished TID 83 (progress: 18/32)
10/12/04 23:19:45 INFO SimpleJob: Starting task 2:22 as TID 85 on slave 0-0: ip-10-202-71-135.ec2.internal (preferred)
10/12/04 23:19:48 INFO SimpleJob: Finished TID 81 (progress: 19/32)
10/12/04 23:19:48 INFO SimpleJob: Starting task 2:23 as TID 86 on slave 0-0: ip-10-202-71-135.ec2.internal (preferred)
10/12/04 23:19:49 INFO SimpleJob: Finished TID 80 (progress: 20/32)
10/12/04 23:19:49 INFO SimpleJob: Starting task 2:21 as TID 87 on slave 0-1: ip-10-196-103-159.ec2.internal (preferred)
10/12/04 23:19:52 INFO SimpleJob: Finished TID 86 (progress: 21/32)
10/12/04 23:19:52 INFO SimpleJob: Starting task 2:25 as TID 88 on slave 0-0: ip-10-202-71-135.ec2.internal (preferred)
10/12/04 23:19:53 INFO SimpleJob: Finished TID 87 (progress: 22/32)
10/12/04 23:19:53 INFO SimpleJob: Starting task 2:24 as TID 89 on slave 0-1: ip-10-196-103-159.ec2.internal (preferred)
10/12/04 23:19:55 INFO SimpleJob: Finished TID 85 (progress: 23/32)
10/12/04 23:19:55 INFO SimpleJob: Starting task 2:27 as TID 90 on slave 0-0: ip-10-202-71-135.ec2.internal (preferred)
10/12/04 23:19:56 INFO SimpleJob: Finished TID 88 (progress: 24/32)
10/12/04 23:19:56 INFO SimpleJob: Starting task 2:28 as TID 91 on slave 0-0: ip-10-202-71-135.ec2.internal (preferred)
10/12/04 23:19:56 INFO SimpleJob: Finished TID 84 (progress: 25/32)
10/12/04 23:19:56 INFO SimpleJob: Starting task 2:26 as TID 92 on slave 0-1: ip-10-196-103-159.ec2.internal (preferred)
10/12/04 23:19:59 INFO SimpleJob: Finished TID 90 (progress: 26/32)
10/12/04 23:20:01 INFO SimpleJob: Starting task 2:29 as TID 93 on slave 0-0: ip-10-202-71-135.ec2.internal (non-preferred)
10/12/04 23:20:04 INFO SimpleJob: Finished TID 89 (progress: 27/32)
10/12/04 23:20:04 INFO SimpleJob: Starting task 2:30 as TID 94 on slave 0-1: ip-10-196-103-159.ec2.internal (preferred)
10/12/04 23:20:04 INFO SimpleJob: Finished TID 91 (progress: 28/32)
10/12/04 23:20:04 INFO SimpleJob: Finished TID 93 (progress: 29/32)
10/12/04 23:20:07 INFO SimpleJob: Finished TID 92 (progress: 30/32)
10/12/04 23:20:07 INFO SimpleJob: Starting task 2:31 as TID 95 on slave 0-1: ip-10-196-103-159.ec2.internal (preferred)
10/12/04 23:20:12 INFO SimpleJob: Finished TID 95 (progress: 31/32)
10/12/04 23:20:14 INFO SimpleJob: Finished TID 94 (progress: 32/32)
10/12/04 23:20:14 INFO SparkContext: Tasks finished in 62.203804729 s
Centroids changed by
	   (0.000000, 0.000000, 0.000000)
	to ((7.78,40.66), (44.75,35.36), (17.87,7.51))
Final centroids: 
7.776982	40.661016
44.751415	35.355014
17.872132	7.510652

