10/12/05 02:09:15 INFO BoundedMemoryCache: BoundedMemoryCache.maxBytes = 3087007744
WARNING: Logging before InitGoogleLogging() is written to STDERR
I1205 02:09:15.083520  5416 sched.cpp:181] New master at 1@10.202.70.163:5050 with ID:0
10/12/05 02:09:15 INFO MesosScheduler: Registered as framework ID 201012050209-0-0042
10/12/05 02:09:15 INFO FileInputFormat: Total input paths to process : 32
10/12/05 02:09:15 INFO SparkContext: Running 64 tasks in parallel
10/12/05 02:09:15 INFO SimpleJob: Starting task 0:0 as TID 0 on slave 0-0: ip-10-202-71-135.ec2.internal (preferred)
10/12/05 02:09:15 INFO SimpleJob: Starting task 0:1 as TID 1 on slave 0-1: ip-10-196-103-159.ec2.internal (preferred)
10/12/05 02:09:15 INFO SimpleJob: Starting task 0:2 as TID 2 on slave 0-0: ip-10-202-71-135.ec2.internal (preferred)
10/12/05 02:09:15 INFO SimpleJob: Starting task 0:3 as TID 3 on slave 0-1: ip-10-196-103-159.ec2.internal (preferred)
10/12/05 02:09:30 INFO SimpleJob: Finished TID 1 (progress: 1/64)
10/12/05 02:09:30 INFO SimpleJob: Starting task 0:4 as TID 4 on slave 0-1: ip-10-196-103-159.ec2.internal (preferred)
10/12/05 02:09:30 INFO SimpleJob: Finished TID 3 (progress: 2/64)
10/12/05 02:09:30 INFO SimpleJob: Starting task 0:5 as TID 5 on slave 0-1: ip-10-196-103-159.ec2.internal (preferred)
10/12/05 02:09:31 INFO SimpleJob: Finished TID 5 (progress: 3/64)
10/12/05 02:09:31 INFO SimpleJob: Starting task 0:6 as TID 6 on slave 0-1: ip-10-196-103-159.ec2.internal (preferred)
10/12/05 02:09:52 INFO SimpleJob: Finished TID 0 (progress: 4/64)
10/12/05 02:09:52 INFO SimpleJob: Starting task 0:7 as TID 7 on slave 0-0: ip-10-202-71-135.ec2.internal (preferred)
10/12/05 02:09:52 INFO SimpleJob: Finished TID 2 (progress: 5/64)
10/12/05 02:09:52 INFO SimpleJob: Starting task 0:8 as TID 8 on slave 0-0: ip-10-202-71-135.ec2.internal (preferred)
10/12/05 02:09:52 INFO SimpleJob: Finished TID 8 (progress: 6/64)
10/12/05 02:09:52 INFO SimpleJob: Starting task 0:9 as TID 9 on slave 0-0: ip-10-202-71-135.ec2.internal (preferred)
10/12/05 02:09:57 INFO SimpleJob: Finished TID 6 (progress: 7/64)
10/12/05 02:09:57 INFO SimpleJob: Starting task 0:10 as TID 10 on slave 0-1: ip-10-196-103-159.ec2.internal (preferred)
10/12/05 02:09:57 INFO SimpleJob: Finished TID 4 (progress: 8/64)
10/12/05 02:09:57 INFO SimpleJob: Starting task 0:11 as TID 11 on slave 0-1: ip-10-196-103-159.ec2.internal (preferred)
10/12/05 02:09:57 INFO SimpleJob: Finished TID 11 (progress: 9/64)
10/12/05 02:09:57 INFO SimpleJob: Starting task 0:12 as TID 12 on slave 0-1: ip-10-196-103-159.ec2.internal (preferred)
10/12/05 02:09:57 INFO SimpleJob: Finished TID 10 (progress: 10/64)
10/12/05 02:09:57 INFO SimpleJob: Starting task 0:13 as TID 13 on slave 0-1: ip-10-196-103-159.ec2.internal (preferred)
10/12/05 02:09:58 INFO SimpleJob: Finished TID 13 (progress: 11/64)
10/12/05 02:09:58 INFO SimpleJob: Starting task 0:14 as TID 14 on slave 0-1: ip-10-196-103-159.ec2.internal (preferred)
10/12/05 02:09:58 INFO SimpleJob: Finished TID 12 (progress: 12/64)
10/12/05 02:09:58 INFO SimpleJob: Starting task 0:15 as TID 15 on slave 0-1: ip-10-196-103-159.ec2.internal (preferred)
10/12/05 02:09:58 INFO SimpleJob: Finished TID 15 (progress: 13/64)
10/12/05 02:09:58 INFO SimpleJob: Starting task 0:16 as TID 16 on slave 0-1: ip-10-196-103-159.ec2.internal (preferred)
10/12/05 02:09:59 INFO SimpleJob: Finished TID 14 (progress: 14/64)
10/12/05 02:09:59 INFO SimpleJob: Starting task 0:17 as TID 17 on slave 0-1: ip-10-196-103-159.ec2.internal (preferred)
10/12/05 02:09:59 INFO SimpleJob: Finished TID 17 (progress: 15/64)
10/12/05 02:09:59 INFO SimpleJob: Starting task 0:18 as TID 18 on slave 0-1: ip-10-196-103-159.ec2.internal (preferred)
10/12/05 02:09:59 INFO SimpleJob: Finished TID 16 (progress: 16/64)
10/12/05 02:09:59 INFO SimpleJob: Starting task 0:19 as TID 19 on slave 0-1: ip-10-196-103-159.ec2.internal (preferred)
10/12/05 02:09:59 INFO SimpleJob: Finished TID 19 (progress: 17/64)
10/12/05 02:09:59 INFO SimpleJob: Starting task 0:20 as TID 20 on slave 0-1: ip-10-196-103-159.ec2.internal (preferred)
10/12/05 02:09:59 INFO SimpleJob: Finished TID 18 (progress: 18/64)
10/12/05 02:09:59 INFO SimpleJob: Starting task 0:21 as TID 21 on slave 0-1: ip-10-196-103-159.ec2.internal (preferred)
10/12/05 02:10:00 INFO SimpleJob: Finished TID 21 (progress: 19/64)
10/12/05 02:10:00 INFO SimpleJob: Starting task 0:22 as TID 22 on slave 0-1: ip-10-196-103-159.ec2.internal (preferred)
10/12/05 02:10:00 INFO SimpleJob: Finished TID 20 (progress: 20/64)
10/12/05 02:10:00 INFO SimpleJob: Starting task 0:23 as TID 23 on slave 0-1: ip-10-196-103-159.ec2.internal (preferred)
10/12/05 02:10:00 INFO SimpleJob: Finished TID 23 (progress: 21/64)
10/12/05 02:10:00 INFO SimpleJob: Starting task 0:24 as TID 24 on slave 0-1: ip-10-196-103-159.ec2.internal (preferred)
10/12/05 02:10:01 INFO SimpleJob: Finished TID 22 (progress: 22/64)
10/12/05 02:10:01 INFO SimpleJob: Starting task 0:25 as TID 25 on slave 0-1: ip-10-196-103-159.ec2.internal (preferred)
10/12/05 02:10:01 INFO SimpleJob: Finished TID 25 (progress: 23/64)
10/12/05 02:10:01 INFO SimpleJob: Starting task 0:26 as TID 26 on slave 0-1: ip-10-196-103-159.ec2.internal (preferred)
10/12/05 02:10:01 INFO SimpleJob: Finished TID 24 (progress: 24/64)
10/12/05 02:10:01 INFO SimpleJob: Starting task 0:27 as TID 27 on slave 0-1: ip-10-196-103-159.ec2.internal (preferred)
10/12/05 02:10:01 INFO SimpleJob: Finished TID 27 (progress: 25/64)
10/12/05 02:10:01 INFO SimpleJob: Starting task 0:28 as TID 28 on slave 0-1: ip-10-196-103-159.ec2.internal (preferred)
10/12/05 02:10:01 INFO SimpleJob: Finished TID 26 (progress: 26/64)
10/12/05 02:10:01 INFO SimpleJob: Starting task 0:29 as TID 29 on slave 0-1: ip-10-196-103-159.ec2.internal (preferred)
10/12/05 02:10:02 INFO SimpleJob: Finished TID 29 (progress: 27/64)
10/12/05 02:10:02 INFO SimpleJob: Starting task 0:30 as TID 30 on slave 0-1: ip-10-196-103-159.ec2.internal (preferred)
10/12/05 02:10:02 INFO SimpleJob: Finished TID 28 (progress: 28/64)
10/12/05 02:10:02 INFO SimpleJob: Starting task 0:31 as TID 31 on slave 0-1: ip-10-196-103-159.ec2.internal (preferred)
10/12/05 02:10:02 INFO SimpleJob: Finished TID 31 (progress: 29/64)
10/12/05 02:10:02 INFO SimpleJob: Starting task 0:32 as TID 32 on slave 0-1: ip-10-196-103-159.ec2.internal (preferred)
10/12/05 02:10:02 INFO SimpleJob: Finished TID 30 (progress: 30/64)
10/12/05 02:10:02 INFO SimpleJob: Starting task 0:33 as TID 33 on slave 0-1: ip-10-196-103-159.ec2.internal (preferred)
10/12/05 02:10:02 INFO SimpleJob: Finished TID 33 (progress: 31/64)
10/12/05 02:10:02 INFO SimpleJob: Starting task 0:34 as TID 34 on slave 0-1: ip-10-196-103-159.ec2.internal (preferred)
10/12/05 02:10:03 INFO SimpleJob: Finished TID 32 (progress: 32/64)
10/12/05 02:10:03 INFO SimpleJob: Starting task 0:35 as TID 35 on slave 0-1: ip-10-196-103-159.ec2.internal (preferred)
10/12/05 02:10:03 INFO SimpleJob: Finished TID 35 (progress: 33/64)
10/12/05 02:10:03 INFO SimpleJob: Starting task 0:36 as TID 36 on slave 0-1: ip-10-196-103-159.ec2.internal (preferred)
10/12/05 02:10:03 INFO SimpleJob: Finished TID 34 (progress: 34/64)
10/12/05 02:10:03 INFO SimpleJob: Starting task 0:37 as TID 37 on slave 0-1: ip-10-196-103-159.ec2.internal (preferred)
10/12/05 02:10:03 INFO SimpleJob: Finished TID 37 (progress: 35/64)
10/12/05 02:10:03 INFO SimpleJob: Starting task 0:38 as TID 38 on slave 0-1: ip-10-196-103-159.ec2.internal (preferred)
10/12/05 02:10:04 INFO SimpleJob: Finished TID 36 (progress: 36/64)
10/12/05 02:10:04 INFO SimpleJob: Starting task 0:39 as TID 39 on slave 0-1: ip-10-196-103-159.ec2.internal (preferred)
10/12/05 02:10:04 INFO SimpleJob: Finished TID 39 (progress: 37/64)
10/12/05 02:10:04 INFO SimpleJob: Starting task 0:40 as TID 40 on slave 0-1: ip-10-196-103-159.ec2.internal (preferred)
10/12/05 02:10:04 INFO SimpleJob: Finished TID 38 (progress: 38/64)
10/12/05 02:10:04 INFO SimpleJob: Starting task 0:41 as TID 41 on slave 0-1: ip-10-196-103-159.ec2.internal (preferred)
10/12/05 02:10:04 INFO SimpleJob: Finished TID 41 (progress: 39/64)
10/12/05 02:10:04 INFO SimpleJob: Starting task 0:42 as TID 42 on slave 0-1: ip-10-196-103-159.ec2.internal (preferred)
10/12/05 02:10:04 INFO SimpleJob: Finished TID 9 (progress: 40/64)
10/12/05 02:10:04 INFO SimpleJob: Starting task 0:43 as TID 43 on slave 0-0: ip-10-202-71-135.ec2.internal (preferred)
10/12/05 02:10:04 INFO SimpleJob: Finished TID 7 (progress: 41/64)
10/12/05 02:10:04 INFO SimpleJob: Starting task 0:44 as TID 44 on slave 0-0: ip-10-202-71-135.ec2.internal (preferred)
10/12/05 02:10:04 INFO SimpleJob: Finished TID 40 (progress: 42/64)
10/12/05 02:10:04 INFO SimpleJob: Starting task 0:45 as TID 45 on slave 0-1: ip-10-196-103-159.ec2.internal (preferred)
10/12/05 02:10:04 INFO SimpleJob: Finished TID 42 (progress: 43/64)
10/12/05 02:10:04 INFO SimpleJob: Starting task 0:46 as TID 46 on slave 0-1: ip-10-196-103-159.ec2.internal (preferred)
10/12/05 02:10:05 INFO SimpleJob: Finished TID 43 (progress: 44/64)
10/12/05 02:10:05 INFO SimpleJob: Starting task 0:47 as TID 47 on slave 0-0: ip-10-202-71-135.ec2.internal (preferred)
10/12/05 02:10:05 INFO SimpleJob: Finished TID 45 (progress: 45/64)
10/12/05 02:10:05 INFO SimpleJob: Starting task 0:48 as TID 48 on slave 0-1: ip-10-196-103-159.ec2.internal (preferred)
10/12/05 02:10:05 INFO SimpleJob: Finished TID 47 (progress: 46/64)
10/12/05 02:10:05 INFO SimpleJob: Starting task 0:49 as TID 49 on slave 0-0: ip-10-202-71-135.ec2.internal (preferred)
10/12/05 02:10:05 INFO SimpleJob: Finished TID 44 (progress: 47/64)
10/12/05 02:10:05 INFO SimpleJob: Starting task 0:50 as TID 50 on slave 0-0: ip-10-202-71-135.ec2.internal (preferred)
10/12/05 02:10:05 INFO SimpleJob: Finished TID 46 (progress: 48/64)
10/12/05 02:10:05 INFO SimpleJob: Starting task 0:51 as TID 51 on slave 0-1: ip-10-196-103-159.ec2.internal (preferred)
10/12/05 02:10:05 INFO SimpleJob: Finished TID 49 (progress: 49/64)
10/12/05 02:10:05 INFO SimpleJob: Starting task 0:52 as TID 52 on slave 0-0: ip-10-202-71-135.ec2.internal (preferred)
10/12/05 02:10:05 INFO SimpleJob: Finished TID 51 (progress: 50/64)
10/12/05 02:10:05 INFO SimpleJob: Starting task 0:53 as TID 53 on slave 0-1: ip-10-196-103-159.ec2.internal (preferred)
10/12/05 02:10:06 INFO SimpleJob: Finished TID 48 (progress: 51/64)
10/12/05 02:10:06 INFO SimpleJob: Starting task 0:54 as TID 54 on slave 0-1: ip-10-196-103-159.ec2.internal (preferred)
10/12/05 02:10:06 INFO SimpleJob: Finished TID 53 (progress: 52/64)
10/12/05 02:10:06 INFO SimpleJob: Starting task 0:55 as TID 55 on slave 0-1: ip-10-196-103-159.ec2.internal (preferred)
10/12/05 02:10:06 INFO SimpleJob: Finished TID 50 (progress: 53/64)
10/12/05 02:10:06 INFO SimpleJob: Starting task 0:56 as TID 56 on slave 0-0: ip-10-202-71-135.ec2.internal (preferred)
10/12/05 02:10:06 INFO SimpleJob: Finished TID 52 (progress: 54/64)
10/12/05 02:10:06 INFO SimpleJob: Starting task 0:57 as TID 57 on slave 0-0: ip-10-202-71-135.ec2.internal (preferred)
10/12/05 02:10:06 INFO SimpleJob: Finished TID 55 (progress: 55/64)
10/12/05 02:10:06 INFO SimpleJob: Starting task 0:58 as TID 58 on slave 0-1: ip-10-196-103-159.ec2.internal (preferred)
10/12/05 02:10:06 INFO SimpleJob: Finished TID 54 (progress: 56/64)
10/12/05 02:10:06 INFO SimpleJob: Starting task 0:59 as TID 59 on slave 0-1: ip-10-196-103-159.ec2.internal (preferred)
10/12/05 02:10:06 INFO SimpleJob: Finished TID 57 (progress: 57/64)
10/12/05 02:10:06 INFO SimpleJob: Starting task 0:60 as TID 60 on slave 0-0: ip-10-202-71-135.ec2.internal (preferred)
10/12/05 02:10:06 INFO SimpleJob: Finished TID 56 (progress: 58/64)
10/12/05 02:10:06 INFO SimpleJob: Starting task 0:61 as TID 61 on slave 0-0: ip-10-202-71-135.ec2.internal (preferred)
10/12/05 02:10:06 INFO SimpleJob: Finished TID 59 (progress: 59/64)
10/12/05 02:10:06 INFO SimpleJob: Starting task 0:62 as TID 62 on slave 0-1: ip-10-196-103-159.ec2.internal (preferred)
10/12/05 02:10:06 INFO SimpleJob: Finished TID 58 (progress: 60/64)
10/12/05 02:10:06 INFO SimpleJob: Starting task 0:63 as TID 63 on slave 0-1: ip-10-196-103-159.ec2.internal (preferred)
10/12/05 02:10:07 INFO SimpleJob: Finished TID 61 (progress: 61/64)
10/12/05 02:10:07 INFO SimpleJob: Finished TID 60 (progress: 62/64)
10/12/05 02:10:07 INFO SimpleJob: Finished TID 63 (progress: 63/64)
10/12/05 02:10:07 INFO SimpleJob: Finished TID 62 (progress: 64/64)
10/12/05 02:10:07 INFO SparkContext: Tasks finished in 51.707821366 s
Read 320000000 points.
10/12/05 02:10:07 INFO SparkContext: Running 64 tasks in parallel
10/12/05 02:10:07 INFO SimpleJob: Starting task 1:0 as TID 64 on slave 0-0: ip-10-202-71-135.ec2.internal (preferred)
10/12/05 02:10:07 INFO SimpleJob: Starting task 1:1 as TID 65 on slave 0-1: ip-10-196-103-159.ec2.internal (preferred)
10/12/05 02:10:07 INFO SimpleJob: Starting task 1:2 as TID 66 on slave 0-0: ip-10-202-71-135.ec2.internal (preferred)
10/12/05 02:10:07 INFO SimpleJob: Starting task 1:3 as TID 67 on slave 0-1: ip-10-196-103-159.ec2.internal (preferred)
10/12/05 02:10:11 INFO SimpleJob: Finished TID 65 (progress: 1/64)
10/12/05 02:10:11 INFO SimpleJob: Starting task 1:4 as TID 68 on slave 0-1: ip-10-196-103-159.ec2.internal (preferred)
10/12/05 02:10:12 INFO SimpleJob: Finished TID 67 (progress: 2/64)
10/12/05 02:10:12 INFO SimpleJob: Starting task 1:5 as TID 69 on slave 0-1: ip-10-196-103-159.ec2.internal (preferred)
10/12/05 02:10:15 INFO SimpleJob: Finished TID 64 (progress: 3/64)
10/12/05 02:10:15 INFO SimpleJob: Starting task 1:7 as TID 70 on slave 0-0: ip-10-202-71-135.ec2.internal (preferred)
10/12/05 02:10:15 INFO SimpleJob: Finished TID 66 (progress: 4/64)
10/12/05 02:10:15 INFO SimpleJob: Starting task 1:8 as TID 71 on slave 0-0: ip-10-202-71-135.ec2.internal (preferred)
10/12/05 02:10:16 INFO SimpleJob: Finished TID 69 (progress: 5/64)
10/12/05 02:10:16 INFO SimpleJob: Starting task 1:6 as TID 72 on slave 0-1: ip-10-196-103-159.ec2.internal (preferred)
10/12/05 02:10:19 INFO SimpleJob: Finished TID 70 (progress: 6/64)
10/12/05 02:10:19 INFO SimpleJob: Starting task 1:9 as TID 73 on slave 0-0: ip-10-202-71-135.ec2.internal (preferred)
10/12/05 02:10:20 INFO SimpleJob: Finished TID 68 (progress: 7/64)
10/12/05 02:10:20 INFO SimpleJob: Starting task 1:10 as TID 74 on slave 0-1: ip-10-196-103-159.ec2.internal (preferred)
10/12/05 02:10:22 INFO SimpleJob: Finished TID 73 (progress: 8/64)
10/12/05 02:10:22 INFO SimpleJob: Starting task 1:43 as TID 75 on slave 0-0: ip-10-202-71-135.ec2.internal (preferred)
10/12/05 02:10:23 INFO SimpleJob: Finished TID 71 (progress: 9/64)
10/12/05 02:10:23 INFO SimpleJob: Starting task 1:44 as TID 76 on slave 0-0: ip-10-202-71-135.ec2.internal (preferred)
10/12/05 02:10:25 INFO SimpleJob: Finished TID 72 (progress: 10/64)
10/12/05 02:10:25 INFO SimpleJob: Starting task 1:11 as TID 77 on slave 0-1: ip-10-196-103-159.ec2.internal (preferred)
10/12/05 02:10:26 INFO SimpleJob: Finished TID 75 (progress: 11/64)
10/12/05 02:10:26 INFO SimpleJob: Starting task 1:47 as TID 78 on slave 0-0: ip-10-202-71-135.ec2.internal (preferred)
10/12/05 02:10:29 INFO SimpleJob: Finished TID 78 (progress: 12/64)
10/12/05 02:10:29 INFO SimpleJob: Starting task 1:49 as TID 79 on slave 0-0: ip-10-202-71-135.ec2.internal (preferred)
10/12/05 02:10:29 INFO SimpleJob: Finished TID 77 (progress: 13/64)
10/12/05 02:10:29 INFO SimpleJob: Starting task 1:12 as TID 80 on slave 0-1: ip-10-196-103-159.ec2.internal (preferred)
10/12/05 02:10:30 INFO SimpleJob: Finished TID 74 (progress: 14/64)
10/12/05 02:10:30 INFO SimpleJob: Starting task 1:13 as TID 81 on slave 0-1: ip-10-196-103-159.ec2.internal (preferred)
10/12/05 02:10:31 INFO SimpleJob: Finished TID 76 (progress: 15/64)
10/12/05 02:10:31 INFO SimpleJob: Starting task 1:50 as TID 82 on slave 0-0: ip-10-202-71-135.ec2.internal (preferred)
10/12/05 02:10:32 INFO SimpleJob: Finished TID 79 (progress: 16/64)
10/12/05 02:10:32 INFO SimpleJob: Starting task 1:52 as TID 83 on slave 0-0: ip-10-202-71-135.ec2.internal (preferred)
10/12/05 02:10:34 INFO SimpleJob: Finished TID 81 (progress: 17/64)
10/12/05 02:10:34 INFO SimpleJob: Starting task 1:14 as TID 84 on slave 0-1: ip-10-196-103-159.ec2.internal (preferred)
10/12/05 02:10:39 INFO SimpleJob: Finished TID 80 (progress: 18/64)
10/12/05 02:10:39 INFO SimpleJob: Starting task 1:15 as TID 85 on slave 0-1: ip-10-196-103-159.ec2.internal (preferred)
10/12/05 02:10:39 INFO SimpleJob: Finished TID 82 (progress: 19/64)
10/12/05 02:10:39 INFO SimpleJob: Starting task 1:56 as TID 86 on slave 0-0: ip-10-202-71-135.ec2.internal (preferred)
10/12/05 02:10:41 INFO SimpleJob: Finished TID 83 (progress: 20/64)
10/12/05 02:10:41 INFO SimpleJob: Starting task 1:57 as TID 87 on slave 0-0: ip-10-202-71-135.ec2.internal (preferred)
10/12/05 02:10:43 INFO SimpleJob: Finished TID 85 (progress: 21/64)
10/12/05 02:10:43 INFO SimpleJob: Starting task 1:16 as TID 88 on slave 0-1: ip-10-196-103-159.ec2.internal (preferred)
10/12/05 02:10:44 INFO SimpleJob: Finished TID 84 (progress: 22/64)
10/12/05 02:10:44 INFO SimpleJob: Starting task 1:17 as TID 89 on slave 0-1: ip-10-196-103-159.ec2.internal (preferred)
10/12/05 02:10:44 INFO SimpleJob: Finished TID 87 (progress: 23/64)
10/12/05 02:10:44 INFO SimpleJob: Starting task 1:60 as TID 90 on slave 0-0: ip-10-202-71-135.ec2.internal (preferred)
10/12/05 02:10:48 INFO SimpleJob: Finished TID 86 (progress: 24/64)
10/12/05 02:10:48 INFO SimpleJob: Starting task 1:61 as TID 91 on slave 0-0: ip-10-202-71-135.ec2.internal (preferred)
10/12/05 02:10:48 INFO SimpleJob: Finished TID 89 (progress: 25/64)
10/12/05 02:10:48 INFO SimpleJob: Starting task 1:18 as TID 92 on slave 0-1: ip-10-196-103-159.ec2.internal (preferred)
10/12/05 02:10:52 INFO SimpleJob: Finished TID 91 (progress: 26/64)
10/12/05 02:10:52 INFO SimpleJob: Starting task 1:19 as TID 93 on slave 0-0: ip-10-202-71-135.ec2.internal (non-preferred)
10/12/05 02:10:53 INFO SimpleJob: Finished TID 90 (progress: 27/64)
10/12/05 02:10:53 INFO SimpleJob: Starting task 1:20 as TID 94 on slave 0-0: ip-10-202-71-135.ec2.internal (non-preferred)
10/12/05 02:10:54 INFO SimpleJob: Finished TID 88 (progress: 28/64)
10/12/05 02:10:54 INFO SimpleJob: Starting task 1:21 as TID 95 on slave 0-1: ip-10-196-103-159.ec2.internal (preferred)
10/12/05 02:10:55 INFO SimpleJob: Finished TID 93 (progress: 29/64)
10/12/05 02:10:57 INFO SimpleJob: Starting task 1:22 as TID 96 on slave 0-0: ip-10-202-71-135.ec2.internal (non-preferred)
10/12/05 02:10:58 INFO SimpleJob: Finished TID 92 (progress: 30/64)
10/12/05 02:10:58 INFO SimpleJob: Starting task 1:23 as TID 97 on slave 0-1: ip-10-196-103-159.ec2.internal (preferred)
10/12/05 02:10:59 INFO SimpleJob: Finished TID 95 (progress: 31/64)
10/12/05 02:10:59 INFO SimpleJob: Starting task 1:24 as TID 98 on slave 0-1: ip-10-196-103-159.ec2.internal (preferred)
10/12/05 02:11:01 INFO SimpleJob: Finished TID 94 (progress: 32/64)
10/12/05 02:11:02 INFO SimpleJob: Starting task 1:25 as TID 99 on slave 0-0: ip-10-202-71-135.ec2.internal (non-preferred)
10/12/05 02:11:03 INFO SimpleJob: Finished TID 97 (progress: 33/64)
10/12/05 02:11:03 INFO SimpleJob: Starting task 1:26 as TID 100 on slave 0-1: ip-10-196-103-159.ec2.internal (preferred)
10/12/05 02:11:05 INFO SimpleJob: Finished TID 96 (progress: 34/64)
10/12/05 02:11:06 INFO SimpleJob: Finished TID 99 (progress: 35/64)
10/12/05 02:11:07 INFO SimpleJob: Starting task 1:27 as TID 101 on slave 0-0: ip-10-202-71-135.ec2.internal (non-preferred)
10/12/05 02:11:07 INFO SimpleJob: Starting task 1:28 as TID 102 on slave 0-0: ip-10-202-71-135.ec2.internal (non-preferred)
10/12/05 02:11:09 INFO SimpleJob: Finished TID 98 (progress: 36/64)
10/12/05 02:11:09 INFO SimpleJob: Starting task 1:29 as TID 103 on slave 0-1: ip-10-196-103-159.ec2.internal (preferred)
10/12/05 02:11:11 INFO SimpleJob: Finished TID 101 (progress: 37/64)
10/12/05 02:11:13 INFO SimpleJob: Starting task 1:30 as TID 104 on slave 0-0: ip-10-202-71-135.ec2.internal (non-preferred)
10/12/05 02:11:14 INFO SimpleJob: Finished TID 100 (progress: 38/64)
10/12/05 02:11:14 INFO SimpleJob: Starting task 1:31 as TID 105 on slave 0-1: ip-10-196-103-159.ec2.internal (preferred)
10/12/05 02:11:14 INFO SimpleJob: Finished TID 103 (progress: 39/64)
10/12/05 02:11:14 INFO SimpleJob: Starting task 1:32 as TID 106 on slave 0-1: ip-10-196-103-159.ec2.internal (preferred)
10/12/05 02:11:16 INFO SimpleJob: Finished TID 102 (progress: 40/64)
10/12/05 02:11:18 INFO SimpleJob: Starting task 1:33 as TID 107 on slave 0-0: ip-10-202-71-135.ec2.internal (non-preferred)
10/12/05 02:11:19 INFO SimpleJob: Finished TID 105 (progress: 41/64)
10/12/05 02:11:19 INFO SimpleJob: Starting task 1:34 as TID 108 on slave 0-1: ip-10-196-103-159.ec2.internal (preferred)
10/12/05 02:11:21 INFO SimpleJob: Finished TID 107 (progress: 42/64)
10/12/05 02:11:21 INFO SimpleJob: Finished TID 104 (progress: 43/64)
10/12/05 02:11:23 INFO SimpleJob: Starting task 1:35 as TID 109 on slave 0-0: ip-10-202-71-135.ec2.internal (non-preferred)
10/12/05 02:11:23 INFO SimpleJob: Starting task 1:36 as TID 110 on slave 0-0: ip-10-202-71-135.ec2.internal (non-preferred)
10/12/05 02:11:25 INFO SimpleJob: Finished TID 106 (progress: 44/64)
10/12/05 02:11:25 INFO SimpleJob: Starting task 1:37 as TID 111 on slave 0-1: ip-10-196-103-159.ec2.internal (preferred)
10/12/05 02:11:27 INFO SimpleJob: Finished TID 109 (progress: 45/64)
10/12/05 02:11:29 INFO SimpleJob: Starting task 1:38 as TID 112 on slave 0-0: ip-10-202-71-135.ec2.internal (non-preferred)
10/12/05 02:11:29 INFO SimpleJob: Finished TID 108 (progress: 46/64)
10/12/05 02:11:29 INFO SimpleJob: Starting task 1:39 as TID 113 on slave 0-1: ip-10-196-103-159.ec2.internal (preferred)
10/12/05 02:11:30 INFO SimpleJob: Finished TID 111 (progress: 47/64)
10/12/05 02:11:30 INFO SimpleJob: Starting task 1:40 as TID 114 on slave 0-1: ip-10-196-103-159.ec2.internal (preferred)
10/12/05 02:11:32 INFO SimpleJob: Finished TID 110 (progress: 48/64)
10/12/05 02:11:34 INFO SimpleJob: Starting task 1:41 as TID 115 on slave 0-0: ip-10-202-71-135.ec2.internal (non-preferred)
10/12/05 02:11:34 INFO SimpleJob: Finished TID 113 (progress: 49/64)
10/12/05 02:11:34 INFO SimpleJob: Starting task 1:42 as TID 116 on slave 0-1: ip-10-196-103-159.ec2.internal (preferred)
10/12/05 02:11:37 INFO SimpleJob: Finished TID 112 (progress: 50/64)
10/12/05 02:11:37 INFO SimpleJob: Starting task 1:45 as TID 117 on slave 0-0: ip-10-202-71-135.ec2.internal (non-preferred)
10/12/05 02:11:38 INFO SimpleJob: Finished TID 115 (progress: 51/64)
10/12/05 02:11:38 INFO SimpleJob: Starting task 1:46 as TID 118 on slave 0-0: ip-10-202-71-135.ec2.internal (non-preferred)
10/12/05 02:11:40 INFO SimpleJob: Finished TID 114 (progress: 52/64)
10/12/05 02:11:40 INFO SimpleJob: Starting task 1:48 as TID 119 on slave 0-1: ip-10-196-103-159.ec2.internal (preferred)
10/12/05 02:11:42 INFO SimpleJob: Finished TID 117 (progress: 53/64)
10/12/05 02:11:44 INFO SimpleJob: Starting task 1:51 as TID 120 on slave 0-0: ip-10-202-71-135.ec2.internal (non-preferred)
10/12/05 02:11:44 INFO SimpleJob: Finished TID 116 (progress: 54/64)
10/12/05 02:11:44 INFO SimpleJob: Starting task 1:53 as TID 121 on slave 0-1: ip-10-196-103-159.ec2.internal (preferred)
10/12/05 02:11:47 INFO SimpleJob: Finished TID 118 (progress: 55/64)
10/12/05 02:11:48 INFO SimpleJob: Finished TID 120 (progress: 56/64)
10/12/05 02:11:48 INFO SimpleJob: Starting task 1:54 as TID 122 on slave 0-0: ip-10-202-71-135.ec2.internal (non-preferred)
10/12/05 02:11:48 INFO SimpleJob: Starting task 1:55 as TID 123 on slave 0-0: ip-10-202-71-135.ec2.internal (non-preferred)
10/12/05 02:11:48 INFO SimpleJob: Finished TID 121 (progress: 57/64)
10/12/05 02:11:48 INFO SimpleJob: Starting task 1:58 as TID 124 on slave 0-1: ip-10-196-103-159.ec2.internal (preferred)
10/12/05 02:11:51 INFO SimpleJob: Finished TID 119 (progress: 58/64)
10/12/05 02:11:51 INFO SimpleJob: Starting task 1:59 as TID 125 on slave 0-1: ip-10-196-103-159.ec2.internal (preferred)
10/12/05 02:11:52 INFO SimpleJob: Finished TID 123 (progress: 59/64)
10/12/05 02:11:55 INFO SimpleJob: Starting task 1:62 as TID 126 on slave 0-0: ip-10-202-71-135.ec2.internal (non-preferred)
10/12/05 02:11:56 INFO SimpleJob: Finished TID 125 (progress: 60/64)
10/12/05 02:11:56 INFO SimpleJob: Starting task 1:63 as TID 127 on slave 0-1: ip-10-196-103-159.ec2.internal (preferred)
10/12/05 02:11:56 INFO SimpleJob: Finished TID 122 (progress: 61/64)
10/12/05 02:11:58 INFO SimpleJob: Finished TID 124 (progress: 62/64)
10/12/05 02:11:59 INFO SimpleJob: Finished TID 127 (progress: 63/64)
10/12/05 02:12:02 INFO SimpleJob: Finished TID 126 (progress: 64/64)
10/12/05 02:12:02 INFO SparkContext: Tasks finished in 114.772993345 s
Centroids changed by
	   (1.020119, 0.433392, 2.183411)
	to ((7.78,40.66), (44.75,35.36), (17.87,7.51))
10/12/05 02:12:02 INFO SparkContext: Running 64 tasks in parallel
10/12/05 02:12:02 INFO SimpleJob: Starting task 2:0 as TID 128 on slave 0-0: ip-10-202-71-135.ec2.internal (preferred)
10/12/05 02:12:02 INFO SimpleJob: Starting task 2:1 as TID 129 on slave 0-1: ip-10-196-103-159.ec2.internal (preferred)
10/12/05 02:12:02 INFO SimpleJob: Starting task 2:2 as TID 130 on slave 0-0: ip-10-202-71-135.ec2.internal (preferred)
10/12/05 02:12:02 INFO SimpleJob: Starting task 2:3 as TID 131 on slave 0-1: ip-10-196-103-159.ec2.internal (preferred)
10/12/05 02:12:07 INFO SimpleJob: Finished TID 129 (progress: 1/64)
10/12/05 02:12:07 INFO SimpleJob: Starting task 2:4 as TID 132 on slave 0-1: ip-10-196-103-159.ec2.internal (preferred)
10/12/05 02:12:07 INFO SimpleJob: Finished TID 131 (progress: 2/64)
10/12/05 02:12:07 INFO SimpleJob: Starting task 2:5 as TID 133 on slave 0-1: ip-10-196-103-159.ec2.internal (preferred)
10/12/05 02:12:11 INFO SimpleJob: Finished TID 133 (progress: 3/64)
10/12/05 02:12:11 INFO SimpleJob: Starting task 2:6 as TID 134 on slave 0-1: ip-10-196-103-159.ec2.internal (preferred)
10/12/05 02:12:12 INFO SimpleJob: Finished TID 128 (progress: 4/64)
10/12/05 02:12:12 INFO SimpleJob: Starting task 2:7 as TID 135 on slave 0-0: ip-10-202-71-135.ec2.internal (preferred)
10/12/05 02:12:12 INFO SimpleJob: Finished TID 130 (progress: 5/64)
10/12/05 02:12:12 INFO SimpleJob: Starting task 2:8 as TID 136 on slave 0-0: ip-10-202-71-135.ec2.internal (preferred)
10/12/05 02:12:16 INFO SimpleJob: Finished TID 135 (progress: 6/64)
10/12/05 02:12:16 INFO SimpleJob: Starting task 2:9 as TID 137 on slave 0-0: ip-10-202-71-135.ec2.internal (preferred)
10/12/05 02:12:18 INFO SimpleJob: Finished TID 132 (progress: 7/64)
10/12/05 02:12:18 INFO SimpleJob: Starting task 2:10 as TID 138 on slave 0-1: ip-10-196-103-159.ec2.internal (preferred)
10/12/05 02:12:21 INFO SimpleJob: Finished TID 137 (progress: 8/64)
10/12/05 02:12:21 INFO SimpleJob: Starting task 2:19 as TID 139 on slave 0-0: ip-10-202-71-135.ec2.internal (preferred)
10/12/05 02:12:22 INFO SimpleJob: Finished TID 136 (progress: 9/64)
10/12/05 02:12:22 INFO SimpleJob: Starting task 2:20 as TID 140 on slave 0-0: ip-10-202-71-135.ec2.internal (preferred)
10/12/05 02:12:23 INFO SimpleJob: Finished TID 134 (progress: 10/64)
10/12/05 02:12:23 INFO SimpleJob: Starting task 2:11 as TID 141 on slave 0-1: ip-10-196-103-159.ec2.internal (preferred)
10/12/05 02:12:25 INFO SimpleJob: Finished TID 139 (progress: 11/64)
10/12/05 02:12:25 INFO SimpleJob: Starting task 2:22 as TID 142 on slave 0-0: ip-10-202-71-135.ec2.internal (preferred)
10/12/05 02:12:28 INFO SimpleJob: Finished TID 141 (progress: 12/64)
10/12/05 02:12:28 INFO SimpleJob: Starting task 2:12 as TID 143 on slave 0-1: ip-10-196-103-159.ec2.internal (preferred)
10/12/05 02:12:29 INFO SimpleJob: Finished TID 138 (progress: 13/64)
10/12/05 02:12:29 INFO SimpleJob: Starting task 2:13 as TID 144 on slave 0-1: ip-10-196-103-159.ec2.internal (preferred)
10/12/05 02:12:32 INFO SimpleJob: Finished TID 140 (progress: 14/64)
10/12/05 02:12:32 INFO SimpleJob: Starting task 2:25 as TID 145 on slave 0-0: ip-10-202-71-135.ec2.internal (preferred)
10/12/05 02:12:34 INFO SimpleJob: Finished TID 144 (progress: 15/64)
10/12/05 02:12:34 INFO SimpleJob: Starting task 2:14 as TID 146 on slave 0-1: ip-10-196-103-159.ec2.internal (preferred)
10/12/05 02:12:35 INFO SimpleJob: Finished TID 142 (progress: 16/64)
10/12/05 02:12:35 INFO SimpleJob: Starting task 2:27 as TID 147 on slave 0-0: ip-10-202-71-135.ec2.internal (preferred)
10/12/05 02:12:37 INFO SimpleJob: Finished TID 145 (progress: 17/64)
10/12/05 02:12:37 INFO SimpleJob: Starting task 2:28 as TID 148 on slave 0-0: ip-10-202-71-135.ec2.internal (preferred)
10/12/05 02:12:39 INFO SimpleJob: Finished TID 143 (progress: 18/64)
10/12/05 02:12:39 INFO SimpleJob: Starting task 2:15 as TID 149 on slave 0-1: ip-10-196-103-159.ec2.internal (preferred)
10/12/05 02:12:40 INFO SimpleJob: Finished TID 147 (progress: 19/64)
10/12/05 02:12:40 INFO SimpleJob: Starting task 2:30 as TID 150 on slave 0-0: ip-10-202-71-135.ec2.internal (preferred)
10/12/05 02:12:45 INFO SimpleJob: Finished TID 149 (progress: 20/64)
10/12/05 02:12:45 INFO SimpleJob: Starting task 2:16 as TID 151 on slave 0-1: ip-10-196-103-159.ec2.internal (preferred)
10/12/05 02:12:45 INFO SimpleJob: Finished TID 146 (progress: 21/64)
10/12/05 02:12:45 INFO SimpleJob: Starting task 2:17 as TID 152 on slave 0-1: ip-10-196-103-159.ec2.internal (preferred)
10/12/05 02:12:47 INFO SimpleJob: Finished TID 148 (progress: 22/64)
10/12/05 02:12:47 INFO SimpleJob: Starting task 2:33 as TID 153 on slave 0-0: ip-10-202-71-135.ec2.internal (preferred)
10/12/05 02:12:50 INFO SimpleJob: Finished TID 150 (progress: 23/64)
10/12/05 02:12:50 INFO SimpleJob: Starting task 2:35 as TID 154 on slave 0-0: ip-10-202-71-135.ec2.internal (preferred)
10/12/05 02:12:51 INFO SimpleJob: Finished TID 152 (progress: 24/64)
10/12/05 02:12:51 INFO SimpleJob: Starting task 2:18 as TID 155 on slave 0-1: ip-10-196-103-159.ec2.internal (preferred)
10/12/05 02:12:52 INFO SimpleJob: Finished TID 153 (progress: 25/64)
10/12/05 02:12:52 INFO SimpleJob: Starting task 2:36 as TID 156 on slave 0-0: ip-10-202-71-135.ec2.internal (preferred)
10/12/05 02:12:55 INFO SimpleJob: Finished TID 154 (progress: 26/64)
10/12/05 02:12:55 INFO SimpleJob: Starting task 2:38 as TID 157 on slave 0-0: ip-10-202-71-135.ec2.internal (preferred)
10/12/05 02:12:56 INFO SimpleJob: Finished TID 151 (progress: 27/64)
10/12/05 02:12:56 INFO SimpleJob: Starting task 2:21 as TID 158 on slave 0-1: ip-10-196-103-159.ec2.internal (preferred)
10/12/05 02:13:02 INFO SimpleJob: Finished TID 158 (progress: 28/64)
10/12/05 02:13:02 INFO SimpleJob: Starting task 2:23 as TID 159 on slave 0-1: ip-10-196-103-159.ec2.internal (preferred)
10/12/05 02:13:02 INFO SimpleJob: Finished TID 156 (progress: 29/64)
10/12/05 02:13:02 INFO SimpleJob: Starting task 2:41 as TID 160 on slave 0-0: ip-10-202-71-135.ec2.internal (preferred)
10/12/05 02:13:02 INFO SimpleJob: Finished TID 155 (progress: 30/64)
10/12/05 02:13:02 INFO SimpleJob: Starting task 2:24 as TID 161 on slave 0-1: ip-10-196-103-159.ec2.internal (preferred)
10/12/05 02:13:06 INFO SimpleJob: Finished TID 157 (progress: 31/64)
10/12/05 02:13:06 INFO SimpleJob: Starting task 2:43 as TID 162 on slave 0-0: ip-10-202-71-135.ec2.internal (preferred)
10/12/05 02:13:07 INFO SimpleJob: Finished TID 160 (progress: 32/64)
10/12/05 02:13:07 INFO SimpleJob: Starting task 2:44 as TID 163 on slave 0-0: ip-10-202-71-135.ec2.internal (preferred)
10/12/05 02:13:07 INFO SimpleJob: Finished TID 159 (progress: 33/64)
10/12/05 02:13:07 INFO SimpleJob: Starting task 2:26 as TID 164 on slave 0-1: ip-10-196-103-159.ec2.internal (preferred)
10/12/05 02:13:11 INFO SimpleJob: Finished TID 162 (progress: 34/64)
10/12/05 02:13:11 INFO SimpleJob: Starting task 2:45 as TID 165 on slave 0-0: ip-10-202-71-135.ec2.internal (preferred)
10/12/05 02:13:14 INFO SimpleJob: Finished TID 161 (progress: 35/64)
10/12/05 02:13:14 INFO SimpleJob: Starting task 2:29 as TID 166 on slave 0-1: ip-10-196-103-159.ec2.internal (preferred)
10/12/05 02:13:15 INFO SimpleJob: Finished TID 165 (progress: 36/64)
10/12/05 02:13:15 INFO SimpleJob: Starting task 2:46 as TID 167 on slave 0-0: ip-10-202-71-135.ec2.internal (preferred)
10/12/05 02:13:18 INFO SimpleJob: Finished TID 163 (progress: 37/64)
10/12/05 02:13:18 INFO SimpleJob: Starting task 2:47 as TID 168 on slave 0-0: ip-10-202-71-135.ec2.internal (preferred)
10/12/05 02:13:19 INFO SimpleJob: Finished TID 164 (progress: 38/64)
10/12/05 02:13:19 INFO SimpleJob: Starting task 2:31 as TID 169 on slave 0-1: ip-10-196-103-159.ec2.internal (preferred)
10/12/05 02:13:19 INFO SimpleJob: Finished TID 166 (progress: 39/64)
10/12/05 02:13:19 INFO SimpleJob: Starting task 2:32 as TID 170 on slave 0-1: ip-10-196-103-159.ec2.internal (preferred)
10/12/05 02:13:23 INFO SimpleJob: Finished TID 168 (progress: 40/64)
10/12/05 02:13:23 INFO SimpleJob: Starting task 2:49 as TID 171 on slave 0-0: ip-10-202-71-135.ec2.internal (preferred)
10/12/05 02:13:24 INFO SimpleJob: Finished TID 169 (progress: 41/64)
10/12/05 02:13:24 INFO SimpleJob: Starting task 2:34 as TID 172 on slave 0-1: ip-10-196-103-159.ec2.internal (preferred)
10/12/05 02:13:26 INFO SimpleJob: Finished TID 167 (progress: 42/64)
10/12/05 02:13:26 INFO SimpleJob: Starting task 2:50 as TID 173 on slave 0-0: ip-10-202-71-135.ec2.internal (preferred)
10/12/05 02:13:28 INFO SimpleJob: Finished TID 171 (progress: 43/64)
10/12/05 02:13:28 INFO SimpleJob: Starting task 2:51 as TID 174 on slave 0-0: ip-10-202-71-135.ec2.internal (preferred)
10/12/05 02:13:32 INFO SimpleJob: Finished TID 170 (progress: 44/64)
10/12/05 02:13:32 INFO SimpleJob: Starting task 2:37 as TID 175 on slave 0-1: ip-10-196-103-159.ec2.internal (preferred)
10/12/05 02:13:32 INFO SimpleJob: Finished TID 174 (progress: 45/64)
10/12/05 02:13:32 INFO SimpleJob: Starting task 2:52 as TID 176 on slave 0-0: ip-10-202-71-135.ec2.internal (preferred)
10/12/05 02:13:36 INFO SimpleJob: Finished TID 172 (progress: 46/64)
10/12/05 02:13:36 INFO SimpleJob: Starting task 2:39 as TID 177 on slave 0-1: ip-10-196-103-159.ec2.internal (preferred)
10/12/05 02:13:37 INFO SimpleJob: Finished TID 175 (progress: 47/64)
10/12/05 02:13:37 INFO SimpleJob: Starting task 2:40 as TID 178 on slave 0-1: ip-10-196-103-159.ec2.internal (preferred)
10/12/05 02:13:37 INFO SimpleJob: Finished TID 173 (progress: 48/64)
10/12/05 02:13:37 INFO SimpleJob: Starting task 2:54 as TID 179 on slave 0-0: ip-10-202-71-135.ec2.internal (preferred)
10/12/05 02:13:41 INFO SimpleJob: Finished TID 177 (progress: 49/64)
10/12/05 02:13:41 INFO SimpleJob: Starting task 2:42 as TID 180 on slave 0-1: ip-10-196-103-159.ec2.internal (preferred)
10/12/05 02:13:44 INFO SimpleJob: Finished TID 176 (progress: 50/64)
10/12/05 02:13:44 INFO SimpleJob: Starting task 2:55 as TID 181 on slave 0-0: ip-10-202-71-135.ec2.internal (preferred)
10/12/05 02:13:48 INFO SimpleJob: Finished TID 178 (progress: 51/64)
10/12/05 02:13:48 INFO SimpleJob: Starting task 2:48 as TID 182 on slave 0-1: ip-10-196-103-159.ec2.internal (preferred)
10/12/05 02:13:49 INFO SimpleJob: Finished TID 179 (progress: 52/64)
10/12/05 02:13:49 INFO SimpleJob: Starting task 2:56 as TID 183 on slave 0-0: ip-10-202-71-135.ec2.internal (preferred)
10/12/05 02:13:49 INFO SimpleJob: Finished TID 181 (progress: 53/64)
10/12/05 02:13:49 INFO SimpleJob: Starting task 2:57 as TID 184 on slave 0-0: ip-10-202-71-135.ec2.internal (preferred)
10/12/05 02:13:53 INFO SimpleJob: Finished TID 184 (progress: 54/64)
10/12/05 02:13:53 INFO SimpleJob: Starting task 2:60 as TID 185 on slave 0-0: ip-10-202-71-135.ec2.internal (preferred)
10/12/05 02:13:53 INFO SimpleJob: Finished TID 180 (progress: 55/64)
10/12/05 02:13:53 INFO SimpleJob: Starting task 2:53 as TID 186 on slave 0-1: ip-10-196-103-159.ec2.internal (preferred)
10/12/05 02:13:59 INFO SimpleJob: Finished TID 186 (progress: 56/64)
10/12/05 02:13:59 INFO SimpleJob: Starting task 2:58 as TID 187 on slave 0-1: ip-10-196-103-159.ec2.internal (preferred)
10/12/05 02:14:00 INFO SimpleJob: Finished TID 183 (progress: 57/64)
10/12/05 02:14:00 INFO SimpleJob: Starting task 2:61 as TID 188 on slave 0-0: ip-10-202-71-135.ec2.internal (preferred)
10/12/05 02:14:00 INFO SimpleJob: Finished TID 182 (progress: 58/64)
10/12/05 02:14:00 INFO SimpleJob: Starting task 2:59 as TID 189 on slave 0-1: ip-10-196-103-159.ec2.internal (preferred)
10/12/05 02:14:05 INFO SimpleJob: Finished TID 185 (progress: 59/64)
10/12/05 02:14:05 INFO SimpleJob: Starting task 2:62 as TID 190 on slave 0-0: ip-10-202-71-135.ec2.internal (preferred)
10/12/05 02:14:05 INFO SimpleJob: Finished TID 188 (progress: 60/64)
10/12/05 02:14:05 INFO SimpleJob: Finished TID 189 (progress: 61/64)
10/12/05 02:14:05 INFO SimpleJob: Starting task 2:63 as TID 191 on slave 0-1: ip-10-196-103-159.ec2.internal (preferred)
10/12/05 02:14:10 INFO SimpleJob: Finished TID 187 (progress: 62/64)
10/12/05 02:14:11 INFO SimpleJob: Finished TID 191 (progress: 63/64)
10/12/05 02:14:12 INFO SimpleJob: Finished TID 190 (progress: 64/64)
10/12/05 02:14:12 INFO SparkContext: Tasks finished in 130.707991324 s
Centroids changed by
	   (0.000000, 0.000000, 0.000000)
	to ((7.78,40.66), (44.75,35.36), (17.87,7.51))
Final centroids: 
7.776982	40.661016
44.751415	35.355014
17.872132	7.510652

