WARNING: Logging before InitGoogleLogging() is written to STDERR
I1205 02:28:59.318434  5557 sched.cpp:181] New master at 1@10.202.70.163:5050 with ID:0
10/12/05 02:28:59 INFO MesosScheduler: Registered as framework ID 201012050228-0-0045
10/12/05 02:28:59 INFO BoundedMemoryCache: BoundedMemoryCache.maxBytes = 3087007744
10/12/05 02:28:59 INFO FileInputFormat: Total input paths to process : 64
10/12/05 02:29:00 INFO SparkContext: Running 128 tasks in parallel
10/12/05 02:29:00 INFO SimpleJob: Starting task 0:0 as TID 0 on slave 0-0: ip-10-202-71-135.ec2.internal (preferred)
10/12/05 02:29:00 INFO SimpleJob: Starting task 0:1 as TID 1 on slave 0-1: ip-10-196-103-159.ec2.internal (preferred)
10/12/05 02:29:00 INFO SimpleJob: Starting task 0:2 as TID 2 on slave 0-0: ip-10-202-71-135.ec2.internal (preferred)
10/12/05 02:29:00 INFO SimpleJob: Starting task 0:3 as TID 3 on slave 0-1: ip-10-196-103-159.ec2.internal (preferred)
10/12/05 02:29:15 INFO SimpleJob: Finished TID 3 (progress: 1/128)
10/12/05 02:29:15 INFO SimpleJob: Starting task 0:4 as TID 4 on slave 0-1: ip-10-196-103-159.ec2.internal (preferred)
10/12/05 02:29:15 INFO SimpleJob: Finished TID 1 (progress: 2/128)
10/12/05 02:29:15 INFO SimpleJob: Starting task 0:5 as TID 5 on slave 0-1: ip-10-196-103-159.ec2.internal (preferred)
10/12/05 02:29:15 INFO SimpleJob: Finished TID 5 (progress: 3/128)
10/12/05 02:29:15 INFO SimpleJob: Starting task 0:6 as TID 6 on slave 0-1: ip-10-196-103-159.ec2.internal (preferred)
10/12/05 02:29:34 INFO SimpleJob: Finished TID 2 (progress: 4/128)
10/12/05 02:29:34 INFO SimpleJob: Starting task 0:7 as TID 7 on slave 0-0: ip-10-202-71-135.ec2.internal (preferred)
10/12/05 02:29:34 INFO SimpleJob: Finished TID 0 (progress: 5/128)
10/12/05 02:29:34 INFO SimpleJob: Starting task 0:8 as TID 8 on slave 0-0: ip-10-202-71-135.ec2.internal (preferred)
10/12/05 02:29:35 INFO SimpleJob: Finished TID 8 (progress: 6/128)
10/12/05 02:29:35 INFO SimpleJob: Starting task 0:9 as TID 9 on slave 0-0: ip-10-202-71-135.ec2.internal (preferred)
10/12/05 02:29:40 INFO SimpleJob: Finished TID 4 (progress: 7/128)
10/12/05 02:29:40 INFO SimpleJob: Starting task 0:10 as TID 10 on slave 0-1: ip-10-196-103-159.ec2.internal (preferred)
10/12/05 02:29:40 INFO SimpleJob: Finished TID 6 (progress: 8/128)
10/12/05 02:29:40 INFO SimpleJob: Starting task 0:11 as TID 11 on slave 0-1: ip-10-196-103-159.ec2.internal (preferred)
10/12/05 02:29:40 INFO SimpleJob: Finished TID 11 (progress: 9/128)
10/12/05 02:29:40 INFO SimpleJob: Starting task 0:12 as TID 12 on slave 0-1: ip-10-196-103-159.ec2.internal (preferred)
10/12/05 02:29:40 INFO SimpleJob: Finished TID 10 (progress: 10/128)
10/12/05 02:29:40 INFO SimpleJob: Starting task 0:13 as TID 13 on slave 0-1: ip-10-196-103-159.ec2.internal (preferred)
10/12/05 02:29:41 INFO SimpleJob: Finished TID 13 (progress: 11/128)
10/12/05 02:29:41 INFO SimpleJob: Starting task 0:14 as TID 14 on slave 0-1: ip-10-196-103-159.ec2.internal (preferred)
10/12/05 02:29:41 INFO SimpleJob: Finished TID 12 (progress: 12/128)
10/12/05 02:29:41 INFO SimpleJob: Starting task 0:15 as TID 15 on slave 0-1: ip-10-196-103-159.ec2.internal (preferred)
10/12/05 02:29:42 INFO SimpleJob: Finished TID 14 (progress: 13/128)
10/12/05 02:29:42 INFO SimpleJob: Starting task 0:16 as TID 16 on slave 0-1: ip-10-196-103-159.ec2.internal (preferred)
10/12/05 02:29:42 INFO SimpleJob: Finished TID 15 (progress: 14/128)
10/12/05 02:29:42 INFO SimpleJob: Starting task 0:17 as TID 17 on slave 0-1: ip-10-196-103-159.ec2.internal (preferred)
10/12/05 02:29:42 INFO SimpleJob: Finished TID 17 (progress: 15/128)
10/12/05 02:29:42 INFO SimpleJob: Starting task 0:18 as TID 18 on slave 0-1: ip-10-196-103-159.ec2.internal (preferred)
10/12/05 02:29:42 INFO SimpleJob: Finished TID 16 (progress: 16/128)
10/12/05 02:29:42 INFO SimpleJob: Starting task 0:19 as TID 19 on slave 0-1: ip-10-196-103-159.ec2.internal (preferred)
10/12/05 02:29:42 INFO SimpleJob: Finished TID 18 (progress: 17/128)
10/12/05 02:29:42 INFO SimpleJob: Starting task 0:20 as TID 20 on slave 0-1: ip-10-196-103-159.ec2.internal (preferred)
10/12/05 02:29:42 INFO SimpleJob: Finished TID 19 (progress: 18/128)
10/12/05 02:29:42 INFO SimpleJob: Starting task 0:21 as TID 21 on slave 0-1: ip-10-196-103-159.ec2.internal (preferred)
10/12/05 02:29:43 INFO SimpleJob: Finished TID 21 (progress: 19/128)
10/12/05 02:29:43 INFO SimpleJob: Starting task 0:22 as TID 22 on slave 0-1: ip-10-196-103-159.ec2.internal (preferred)
10/12/05 02:29:43 INFO SimpleJob: Finished TID 20 (progress: 20/128)
10/12/05 02:29:43 INFO SimpleJob: Starting task 0:23 as TID 23 on slave 0-1: ip-10-196-103-159.ec2.internal (preferred)
10/12/05 02:29:43 INFO SimpleJob: Finished TID 23 (progress: 21/128)
10/12/05 02:29:43 INFO SimpleJob: Starting task 0:24 as TID 24 on slave 0-1: ip-10-196-103-159.ec2.internal (preferred)
10/12/05 02:29:44 INFO SimpleJob: Finished TID 22 (progress: 22/128)
10/12/05 02:29:44 INFO SimpleJob: Starting task 0:25 as TID 25 on slave 0-1: ip-10-196-103-159.ec2.internal (preferred)
10/12/05 02:29:44 INFO SimpleJob: Finished TID 25 (progress: 23/128)
10/12/05 02:29:44 INFO SimpleJob: Starting task 0:26 as TID 26 on slave 0-1: ip-10-196-103-159.ec2.internal (preferred)
10/12/05 02:29:44 INFO SimpleJob: Finished TID 24 (progress: 24/128)
10/12/05 02:29:44 INFO SimpleJob: Starting task 0:27 as TID 27 on slave 0-1: ip-10-196-103-159.ec2.internal (preferred)
10/12/05 02:29:44 INFO SimpleJob: Finished TID 27 (progress: 25/128)
10/12/05 02:29:44 INFO SimpleJob: Starting task 0:28 as TID 28 on slave 0-1: ip-10-196-103-159.ec2.internal (preferred)
10/12/05 02:29:45 INFO SimpleJob: Finished TID 26 (progress: 26/128)
10/12/05 02:29:45 INFO SimpleJob: Starting task 0:29 as TID 29 on slave 0-1: ip-10-196-103-159.ec2.internal (preferred)
10/12/05 02:29:45 INFO SimpleJob: Finished TID 28 (progress: 27/128)
10/12/05 02:29:45 INFO SimpleJob: Starting task 0:30 as TID 30 on slave 0-1: ip-10-196-103-159.ec2.internal (preferred)
10/12/05 02:29:45 INFO SimpleJob: Finished TID 29 (progress: 28/128)
10/12/05 02:29:45 INFO SimpleJob: Starting task 0:31 as TID 31 on slave 0-1: ip-10-196-103-159.ec2.internal (preferred)
10/12/05 02:29:45 INFO SimpleJob: Finished TID 31 (progress: 29/128)
10/12/05 02:29:45 INFO SimpleJob: Starting task 0:32 as TID 32 on slave 0-1: ip-10-196-103-159.ec2.internal (preferred)
10/12/05 02:29:45 INFO SimpleJob: Finished TID 30 (progress: 30/128)
10/12/05 02:29:45 INFO SimpleJob: Starting task 0:33 as TID 33 on slave 0-1: ip-10-196-103-159.ec2.internal (preferred)
10/12/05 02:29:46 INFO SimpleJob: Finished TID 33 (progress: 31/128)
10/12/05 02:29:46 INFO SimpleJob: Starting task 0:34 as TID 34 on slave 0-1: ip-10-196-103-159.ec2.internal (preferred)
10/12/05 02:29:46 INFO SimpleJob: Finished TID 32 (progress: 32/128)
10/12/05 02:29:46 INFO SimpleJob: Starting task 0:35 as TID 35 on slave 0-1: ip-10-196-103-159.ec2.internal (preferred)
10/12/05 02:29:46 INFO SimpleJob: Finished TID 35 (progress: 33/128)
10/12/05 02:29:46 INFO SimpleJob: Starting task 0:36 as TID 36 on slave 0-1: ip-10-196-103-159.ec2.internal (preferred)
10/12/05 02:29:46 INFO SimpleJob: Finished TID 34 (progress: 34/128)
10/12/05 02:29:46 INFO SimpleJob: Starting task 0:37 as TID 37 on slave 0-1: ip-10-196-103-159.ec2.internal (preferred)
10/12/05 02:29:47 INFO SimpleJob: Finished TID 7 (progress: 35/128)
10/12/05 02:29:47 INFO SimpleJob: Starting task 0:38 as TID 38 on slave 0-0: ip-10-202-71-135.ec2.internal (preferred)
10/12/05 02:29:47 INFO SimpleJob: Finished TID 9 (progress: 36/128)
10/12/05 02:29:47 INFO SimpleJob: Starting task 0:39 as TID 39 on slave 0-0: ip-10-202-71-135.ec2.internal (preferred)
10/12/05 02:29:47 INFO SimpleJob: Finished TID 37 (progress: 37/128)
10/12/05 02:29:47 INFO SimpleJob: Starting task 0:40 as TID 40 on slave 0-1: ip-10-196-103-159.ec2.internal (preferred)
10/12/05 02:29:47 INFO SimpleJob: Finished TID 39 (progress: 38/128)
10/12/05 02:29:47 INFO SimpleJob: Starting task 0:41 as TID 41 on slave 0-0: ip-10-202-71-135.ec2.internal (preferred)
10/12/05 02:29:47 INFO SimpleJob: Finished TID 36 (progress: 39/128)
10/12/05 02:29:47 INFO SimpleJob: Starting task 0:42 as TID 42 on slave 0-1: ip-10-196-103-159.ec2.internal (preferred)
10/12/05 02:29:47 INFO SimpleJob: Finished TID 41 (progress: 40/128)
10/12/05 02:29:47 INFO SimpleJob: Starting task 0:43 as TID 43 on slave 0-0: ip-10-202-71-135.ec2.internal (preferred)
10/12/05 02:29:47 INFO SimpleJob: Finished TID 40 (progress: 41/128)
10/12/05 02:29:47 INFO SimpleJob: Starting task 0:44 as TID 44 on slave 0-1: ip-10-196-103-159.ec2.internal (preferred)
10/12/05 02:29:47 INFO SimpleJob: Finished TID 38 (progress: 42/128)
10/12/05 02:29:47 INFO SimpleJob: Starting task 0:45 as TID 45 on slave 0-0: ip-10-202-71-135.ec2.internal (preferred)
10/12/05 02:29:47 INFO SimpleJob: Finished TID 43 (progress: 43/128)
10/12/05 02:29:47 INFO SimpleJob: Starting task 0:46 as TID 46 on slave 0-0: ip-10-202-71-135.ec2.internal (preferred)
10/12/05 02:29:47 INFO SimpleJob: Finished TID 42 (progress: 44/128)
10/12/05 02:29:47 INFO SimpleJob: Starting task 0:47 as TID 47 on slave 0-1: ip-10-196-103-159.ec2.internal (preferred)
10/12/05 02:29:48 INFO SimpleJob: Finished TID 45 (progress: 45/128)
10/12/05 02:29:48 INFO SimpleJob: Starting task 0:48 as TID 48 on slave 0-0: ip-10-202-71-135.ec2.internal (preferred)
10/12/05 02:29:48 INFO SimpleJob: Finished TID 47 (progress: 46/128)
10/12/05 02:29:48 INFO SimpleJob: Starting task 0:49 as TID 49 on slave 0-1: ip-10-196-103-159.ec2.internal (preferred)
10/12/05 02:29:48 INFO SimpleJob: Finished TID 49 (progress: 47/128)
10/12/05 02:29:48 INFO SimpleJob: Starting task 0:50 as TID 50 on slave 0-1: ip-10-196-103-159.ec2.internal (preferred)
10/12/05 02:29:48 INFO SimpleJob: Finished TID 44 (progress: 48/128)
10/12/05 02:29:48 INFO SimpleJob: Starting task 0:51 as TID 51 on slave 0-1: ip-10-196-103-159.ec2.internal (preferred)
10/12/05 02:29:48 INFO SimpleJob: Finished TID 46 (progress: 49/128)
10/12/05 02:29:48 INFO SimpleJob: Starting task 0:52 as TID 52 on slave 0-0: ip-10-202-71-135.ec2.internal (preferred)
10/12/05 02:29:48 INFO SimpleJob: Finished TID 48 (progress: 50/128)
10/12/05 02:29:48 INFO SimpleJob: Starting task 0:53 as TID 53 on slave 0-0: ip-10-202-71-135.ec2.internal (preferred)
10/12/05 02:29:48 INFO SimpleJob: Finished TID 53 (progress: 51/128)
10/12/05 02:29:48 INFO SimpleJob: Starting task 0:54 as TID 54 on slave 0-0: ip-10-202-71-135.ec2.internal (preferred)
10/12/05 02:29:48 INFO SimpleJob: Finished TID 52 (progress: 52/128)
10/12/05 02:29:48 INFO SimpleJob: Starting task 0:55 as TID 55 on slave 0-0: ip-10-202-71-135.ec2.internal (preferred)
10/12/05 02:29:49 INFO SimpleJob: Finished TID 51 (progress: 53/128)
10/12/05 02:29:49 INFO SimpleJob: Starting task 0:56 as TID 56 on slave 0-1: ip-10-196-103-159.ec2.internal (preferred)
10/12/05 02:29:49 INFO SimpleJob: Finished TID 55 (progress: 54/128)
10/12/05 02:29:49 INFO SimpleJob: Starting task 0:57 as TID 57 on slave 0-0: ip-10-202-71-135.ec2.internal (preferred)
10/12/05 02:29:49 INFO SimpleJob: Finished TID 50 (progress: 55/128)
10/12/05 02:29:49 INFO SimpleJob: Starting task 0:58 as TID 58 on slave 0-1: ip-10-196-103-159.ec2.internal (preferred)
10/12/05 02:29:49 INFO SimpleJob: Finished TID 54 (progress: 56/128)
10/12/05 02:29:49 INFO SimpleJob: Starting task 0:59 as TID 59 on slave 0-0: ip-10-202-71-135.ec2.internal (preferred)
10/12/05 02:29:49 INFO SimpleJob: Finished TID 57 (progress: 57/128)
10/12/05 02:29:49 INFO SimpleJob: Starting task 0:60 as TID 60 on slave 0-0: ip-10-202-71-135.ec2.internal (preferred)
10/12/05 02:29:49 INFO SimpleJob: Finished TID 56 (progress: 58/128)
10/12/05 02:29:49 INFO SimpleJob: Starting task 0:61 as TID 61 on slave 0-1: ip-10-196-103-159.ec2.internal (preferred)
10/12/05 02:29:49 INFO SimpleJob: Finished TID 59 (progress: 59/128)
10/12/05 02:29:49 INFO SimpleJob: Starting task 0:62 as TID 62 on slave 0-0: ip-10-202-71-135.ec2.internal (preferred)
10/12/05 02:29:49 INFO SimpleJob: Finished TID 61 (progress: 60/128)
10/12/05 02:29:49 INFO SimpleJob: Starting task 0:63 as TID 63 on slave 0-1: ip-10-196-103-159.ec2.internal (preferred)
10/12/05 02:29:49 INFO SimpleJob: Finished TID 58 (progress: 61/128)
10/12/05 02:29:49 INFO SimpleJob: Starting task 0:64 as TID 64 on slave 0-1: ip-10-196-103-159.ec2.internal (preferred)
10/12/05 02:29:50 INFO SimpleJob: Finished TID 60 (progress: 62/128)
10/12/05 02:29:50 INFO SimpleJob: Starting task 0:65 as TID 65 on slave 0-0: ip-10-202-71-135.ec2.internal (preferred)
10/12/05 02:29:50 INFO SimpleJob: Finished TID 63 (progress: 63/128)
10/12/05 02:29:50 INFO SimpleJob: Starting task 0:66 as TID 66 on slave 0-1: ip-10-196-103-159.ec2.internal (preferred)
10/12/05 02:29:50 INFO SimpleJob: Finished TID 62 (progress: 64/128)
10/12/05 02:29:50 INFO SimpleJob: Starting task 0:67 as TID 67 on slave 0-0: ip-10-202-71-135.ec2.internal (preferred)
10/12/05 02:29:50 INFO SimpleJob: Finished TID 65 (progress: 65/128)
10/12/05 02:29:50 INFO SimpleJob: Starting task 0:68 as TID 68 on slave 0-0: ip-10-202-71-135.ec2.internal (preferred)
10/12/05 02:29:50 INFO SimpleJob: Finished TID 64 (progress: 66/128)
10/12/05 02:29:50 INFO SimpleJob: Starting task 0:69 as TID 69 on slave 0-1: ip-10-196-103-159.ec2.internal (preferred)
10/12/05 02:29:50 INFO SimpleJob: Finished TID 67 (progress: 67/128)
10/12/05 02:29:50 INFO SimpleJob: Starting task 0:70 as TID 70 on slave 0-0: ip-10-202-71-135.ec2.internal (preferred)
10/12/05 02:29:50 INFO SimpleJob: Finished TID 66 (progress: 68/128)
10/12/05 02:29:50 INFO SimpleJob: Starting task 0:71 as TID 71 on slave 0-1: ip-10-196-103-159.ec2.internal (preferred)
10/12/05 02:29:50 INFO SimpleJob: Finished TID 69 (progress: 69/128)
10/12/05 02:29:50 INFO SimpleJob: Starting task 0:72 as TID 72 on slave 0-1: ip-10-196-103-159.ec2.internal (preferred)
10/12/05 02:29:50 INFO SimpleJob: Finished TID 71 (progress: 70/128)
10/12/05 02:29:50 INFO SimpleJob: Starting task 0:73 as TID 73 on slave 0-1: ip-10-196-103-159.ec2.internal (preferred)
10/12/05 02:29:50 INFO SimpleJob: Finished TID 68 (progress: 71/128)
10/12/05 02:29:50 INFO SimpleJob: Starting task 0:74 as TID 74 on slave 0-0: ip-10-202-71-135.ec2.internal (preferred)
10/12/05 02:29:50 INFO SimpleJob: Finished TID 70 (progress: 72/128)
10/12/05 02:29:50 INFO SimpleJob: Starting task 0:75 as TID 75 on slave 0-0: ip-10-202-71-135.ec2.internal (preferred)
10/12/05 02:29:51 INFO SimpleJob: Finished TID 75 (progress: 73/128)
10/12/05 02:29:51 INFO SimpleJob: Starting task 0:76 as TID 76 on slave 0-0: ip-10-202-71-135.ec2.internal (preferred)
10/12/05 02:29:51 INFO SimpleJob: Finished TID 74 (progress: 74/128)
10/12/05 02:29:51 INFO SimpleJob: Starting task 0:77 as TID 77 on slave 0-0: ip-10-202-71-135.ec2.internal (preferred)
10/12/05 02:29:51 INFO SimpleJob: Finished TID 72 (progress: 75/128)
10/12/05 02:29:51 INFO SimpleJob: Starting task 0:78 as TID 78 on slave 0-1: ip-10-196-103-159.ec2.internal (preferred)
10/12/05 02:29:51 INFO SimpleJob: Finished TID 73 (progress: 76/128)
10/12/05 02:29:51 INFO SimpleJob: Starting task 0:79 as TID 79 on slave 0-1: ip-10-196-103-159.ec2.internal (preferred)
10/12/05 02:29:51 INFO SimpleJob: Finished TID 77 (progress: 77/128)
10/12/05 02:29:51 INFO SimpleJob: Starting task 0:80 as TID 80 on slave 0-0: ip-10-202-71-135.ec2.internal (preferred)
10/12/05 02:29:51 INFO SimpleJob: Finished TID 79 (progress: 78/128)
10/12/05 02:29:51 INFO SimpleJob: Starting task 0:81 as TID 81 on slave 0-1: ip-10-196-103-159.ec2.internal (preferred)
10/12/05 02:29:51 INFO SimpleJob: Finished TID 76 (progress: 79/128)
10/12/05 02:29:51 INFO SimpleJob: Starting task 0:82 as TID 82 on slave 0-0: ip-10-202-71-135.ec2.internal (preferred)
10/12/05 02:29:51 INFO SimpleJob: Finished TID 78 (progress: 80/128)
10/12/05 02:29:51 INFO SimpleJob: Starting task 0:83 as TID 83 on slave 0-1: ip-10-196-103-159.ec2.internal (preferred)
10/12/05 02:29:52 INFO SimpleJob: Finished TID 81 (progress: 81/128)
10/12/05 02:29:52 INFO SimpleJob: Starting task 0:84 as TID 84 on slave 0-1: ip-10-196-103-159.ec2.internal (preferred)
10/12/05 02:29:52 INFO SimpleJob: Finished TID 83 (progress: 82/128)
10/12/05 02:29:52 INFO SimpleJob: Starting task 0:85 as TID 85 on slave 0-1: ip-10-196-103-159.ec2.internal (preferred)
10/12/05 02:29:52 INFO SimpleJob: Finished TID 80 (progress: 83/128)
10/12/05 02:29:52 INFO SimpleJob: Starting task 0:86 as TID 86 on slave 0-0: ip-10-202-71-135.ec2.internal (preferred)
10/12/05 02:29:52 INFO SimpleJob: Finished TID 82 (progress: 84/128)
10/12/05 02:29:52 INFO SimpleJob: Starting task 0:87 as TID 87 on slave 0-0: ip-10-202-71-135.ec2.internal (preferred)
10/12/05 02:29:52 INFO SimpleJob: Finished TID 85 (progress: 85/128)
10/12/05 02:29:52 INFO SimpleJob: Starting task 0:88 as TID 88 on slave 0-1: ip-10-196-103-159.ec2.internal (preferred)
10/12/05 02:29:52 INFO SimpleJob: Finished TID 87 (progress: 86/128)
10/12/05 02:29:52 INFO SimpleJob: Starting task 0:89 as TID 89 on slave 0-0: ip-10-202-71-135.ec2.internal (preferred)
10/12/05 02:29:52 INFO SimpleJob: Finished TID 84 (progress: 87/128)
10/12/05 02:29:52 INFO SimpleJob: Starting task 0:90 as TID 90 on slave 0-1: ip-10-196-103-159.ec2.internal (preferred)
10/12/05 02:29:52 INFO SimpleJob: Finished TID 86 (progress: 88/128)
10/12/05 02:29:52 INFO SimpleJob: Starting task 0:91 as TID 91 on slave 0-0: ip-10-202-71-135.ec2.internal (preferred)
10/12/05 02:29:52 INFO SimpleJob: Finished TID 89 (progress: 89/128)
10/12/05 02:29:52 INFO SimpleJob: Starting task 0:92 as TID 92 on slave 0-0: ip-10-202-71-135.ec2.internal (preferred)
10/12/05 02:29:52 INFO SimpleJob: Finished TID 91 (progress: 90/128)
10/12/05 02:29:52 INFO SimpleJob: Starting task 0:93 as TID 93 on slave 0-0: ip-10-202-71-135.ec2.internal (preferred)
10/12/05 02:29:53 INFO SimpleJob: Finished TID 88 (progress: 91/128)
10/12/05 02:29:53 INFO SimpleJob: Starting task 0:94 as TID 94 on slave 0-1: ip-10-196-103-159.ec2.internal (preferred)
10/12/05 02:29:53 INFO SimpleJob: Finished TID 90 (progress: 92/128)
10/12/05 02:29:53 INFO SimpleJob: Starting task 0:95 as TID 95 on slave 0-1: ip-10-196-103-159.ec2.internal (preferred)
10/12/05 02:29:53 INFO SimpleJob: Finished TID 93 (progress: 93/128)
10/12/05 02:29:53 INFO SimpleJob: Starting task 0:96 as TID 96 on slave 0-0: ip-10-202-71-135.ec2.internal (preferred)
10/12/05 02:29:53 INFO SimpleJob: Finished TID 92 (progress: 94/128)
10/12/05 02:29:53 INFO SimpleJob: Starting task 0:97 as TID 97 on slave 0-0: ip-10-202-71-135.ec2.internal (preferred)
10/12/05 02:29:53 INFO SimpleJob: Finished TID 97 (progress: 95/128)
10/12/05 02:29:53 INFO SimpleJob: Starting task 0:98 as TID 98 on slave 0-0: ip-10-202-71-135.ec2.internal (preferred)
10/12/05 02:29:53 INFO SimpleJob: Finished TID 95 (progress: 96/128)
10/12/05 02:29:53 INFO SimpleJob: Starting task 0:99 as TID 99 on slave 0-1: ip-10-196-103-159.ec2.internal (preferred)
10/12/05 02:29:53 INFO SimpleJob: Finished TID 96 (progress: 97/128)
10/12/05 02:29:53 INFO SimpleJob: Starting task 0:100 as TID 100 on slave 0-0: ip-10-202-71-135.ec2.internal (preferred)
10/12/05 02:29:53 INFO SimpleJob: Finished TID 99 (progress: 98/128)
10/12/05 02:29:53 INFO SimpleJob: Starting task 0:101 as TID 101 on slave 0-1: ip-10-196-103-159.ec2.internal (preferred)
10/12/05 02:29:54 INFO SimpleJob: Finished TID 94 (progress: 99/128)
10/12/05 02:29:54 INFO SimpleJob: Starting task 0:102 as TID 102 on slave 0-1: ip-10-196-103-159.ec2.internal (preferred)
10/12/05 02:29:54 INFO SimpleJob: Finished TID 101 (progress: 100/128)
10/12/05 02:29:54 INFO SimpleJob: Starting task 0:103 as TID 103 on slave 0-1: ip-10-196-103-159.ec2.internal (preferred)
10/12/05 02:29:54 INFO SimpleJob: Finished TID 98 (progress: 101/128)
10/12/05 02:29:54 INFO SimpleJob: Starting task 0:104 as TID 104 on slave 0-0: ip-10-202-71-135.ec2.internal (preferred)
10/12/05 02:29:54 INFO SimpleJob: Finished TID 100 (progress: 102/128)
10/12/05 02:29:54 INFO SimpleJob: Starting task 0:105 as TID 105 on slave 0-0: ip-10-202-71-135.ec2.internal (preferred)
10/12/05 02:29:54 INFO SimpleJob: Finished TID 103 (progress: 103/128)
10/12/05 02:29:54 INFO SimpleJob: Starting task 0:106 as TID 106 on slave 0-1: ip-10-196-103-159.ec2.internal (preferred)
10/12/05 02:29:54 INFO SimpleJob: Finished TID 105 (progress: 104/128)
10/12/05 02:29:54 INFO SimpleJob: Starting task 0:107 as TID 107 on slave 0-0: ip-10-202-71-135.ec2.internal (preferred)
10/12/05 02:29:54 INFO SimpleJob: Finished TID 102 (progress: 105/128)
10/12/05 02:29:54 INFO SimpleJob: Starting task 0:108 as TID 108 on slave 0-1: ip-10-196-103-159.ec2.internal (preferred)
10/12/05 02:29:54 INFO SimpleJob: Finished TID 104 (progress: 106/128)
10/12/05 02:29:54 INFO SimpleJob: Starting task 0:109 as TID 109 on slave 0-0: ip-10-202-71-135.ec2.internal (preferred)
10/12/05 02:29:54 INFO SimpleJob: Finished TID 107 (progress: 107/128)
10/12/05 02:29:54 INFO SimpleJob: Starting task 0:110 as TID 110 on slave 0-0: ip-10-202-71-135.ec2.internal (preferred)
10/12/05 02:29:54 INFO SimpleJob: Finished TID 109 (progress: 108/128)
10/12/05 02:29:54 INFO SimpleJob: Starting task 0:111 as TID 111 on slave 0-0: ip-10-202-71-135.ec2.internal (preferred)
10/12/05 02:29:54 INFO SimpleJob: Finished TID 106 (progress: 109/128)
10/12/05 02:29:54 INFO SimpleJob: Starting task 0:112 as TID 112 on slave 0-1: ip-10-196-103-159.ec2.internal (preferred)
10/12/05 02:29:55 INFO SimpleJob: Finished TID 108 (progress: 110/128)
10/12/05 02:29:55 INFO SimpleJob: Starting task 0:113 as TID 113 on slave 0-1: ip-10-196-103-159.ec2.internal (preferred)
10/12/05 02:29:55 INFO SimpleJob: Finished TID 111 (progress: 111/128)
10/12/05 02:29:55 INFO SimpleJob: Starting task 0:114 as TID 114 on slave 0-0: ip-10-202-71-135.ec2.internal (preferred)
10/12/05 02:29:55 INFO SimpleJob: Finished TID 113 (progress: 112/128)
10/12/05 02:29:55 INFO SimpleJob: Starting task 0:115 as TID 115 on slave 0-1: ip-10-196-103-159.ec2.internal (preferred)
10/12/05 02:29:55 INFO SimpleJob: Finished TID 115 (progress: 113/128)
10/12/05 02:29:55 INFO SimpleJob: Starting task 0:116 as TID 116 on slave 0-1: ip-10-196-103-159.ec2.internal (preferred)
10/12/05 02:29:55 INFO SimpleJob: Finished TID 112 (progress: 114/128)
10/12/05 02:29:55 INFO SimpleJob: Starting task 0:117 as TID 117 on slave 0-1: ip-10-196-103-159.ec2.internal (preferred)
10/12/05 02:29:55 INFO SimpleJob: Finished TID 110 (progress: 115/128)
10/12/05 02:29:55 INFO SimpleJob: Starting task 0:118 as TID 118 on slave 0-0: ip-10-202-71-135.ec2.internal (preferred)
10/12/05 02:29:55 INFO SimpleJob: Finished TID 114 (progress: 116/128)
10/12/05 02:29:55 INFO SimpleJob: Starting task 0:119 as TID 119 on slave 0-0: ip-10-202-71-135.ec2.internal (preferred)
10/12/05 02:29:55 INFO SimpleJob: Finished TID 119 (progress: 117/128)
10/12/05 02:29:55 INFO SimpleJob: Starting task 0:120 as TID 120 on slave 0-0: ip-10-202-71-135.ec2.internal (preferred)
10/12/05 02:29:56 INFO SimpleJob: Finished TID 118 (progress: 118/128)
10/12/05 02:29:56 INFO SimpleJob: Starting task 0:121 as TID 121 on slave 0-0: ip-10-202-71-135.ec2.internal (preferred)
10/12/05 02:29:56 INFO SimpleJob: Finished TID 117 (progress: 119/128)
10/12/05 02:29:56 INFO SimpleJob: Starting task 0:122 as TID 122 on slave 0-1: ip-10-196-103-159.ec2.internal (preferred)
10/12/05 02:29:56 INFO SimpleJob: Finished TID 121 (progress: 120/128)
10/12/05 02:29:56 INFO SimpleJob: Starting task 0:123 as TID 123 on slave 0-0: ip-10-202-71-135.ec2.internal (preferred)
10/12/05 02:29:56 INFO SimpleJob: Finished TID 116 (progress: 121/128)
10/12/05 02:29:56 INFO SimpleJob: Starting task 0:124 as TID 124 on slave 0-1: ip-10-196-103-159.ec2.internal (preferred)
10/12/05 02:29:56 INFO SimpleJob: Finished TID 120 (progress: 122/128)
10/12/05 02:29:56 INFO SimpleJob: Starting task 0:125 as TID 125 on slave 0-0: ip-10-202-71-135.ec2.internal (preferred)
10/12/05 02:29:56 INFO SimpleJob: Finished TID 123 (progress: 123/128)
10/12/05 02:29:56 INFO SimpleJob: Starting task 0:126 as TID 126 on slave 0-0: ip-10-202-71-135.ec2.internal (preferred)
10/12/05 02:29:56 INFO SimpleJob: Finished TID 122 (progress: 124/128)
10/12/05 02:29:56 INFO SimpleJob: Starting task 0:127 as TID 127 on slave 0-1: ip-10-196-103-159.ec2.internal (preferred)
10/12/05 02:29:56 INFO SimpleJob: Finished TID 125 (progress: 125/128)
10/12/05 02:29:56 INFO SimpleJob: Finished TID 124 (progress: 126/128)
10/12/05 02:29:56 INFO SimpleJob: Finished TID 127 (progress: 127/128)
10/12/05 02:29:56 INFO SimpleJob: Finished TID 126 (progress: 128/128)
10/12/05 02:29:56 INFO SparkContext: Tasks finished in 56.891164579 s
Read 640000000 points.
10/12/05 02:29:57 INFO SparkContext: Running 128 tasks in parallel
10/12/05 02:29:57 INFO SimpleJob: Starting task 1:0 as TID 128 on slave 0-0: ip-10-202-71-135.ec2.internal (preferred)
10/12/05 02:29:57 INFO SimpleJob: Starting task 1:1 as TID 129 on slave 0-1: ip-10-196-103-159.ec2.internal (preferred)
10/12/05 02:29:57 INFO SimpleJob: Starting task 1:2 as TID 130 on slave 0-0: ip-10-202-71-135.ec2.internal (preferred)
10/12/05 02:29:57 INFO SimpleJob: Starting task 1:3 as TID 131 on slave 0-1: ip-10-196-103-159.ec2.internal (preferred)
10/12/05 02:30:01 INFO SimpleJob: Finished TID 129 (progress: 1/128)
10/12/05 02:30:01 INFO SimpleJob: Starting task 1:4 as TID 132 on slave 0-1: ip-10-196-103-159.ec2.internal (preferred)
10/12/05 02:30:01 INFO SimpleJob: Finished TID 131 (progress: 2/128)
10/12/05 02:30:01 INFO SimpleJob: Starting task 1:5 as TID 133 on slave 0-1: ip-10-196-103-159.ec2.internal (preferred)
10/12/05 02:30:04 INFO SimpleJob: Finished TID 130 (progress: 3/128)
10/12/05 02:30:04 INFO SimpleJob: Starting task 1:7 as TID 134 on slave 0-0: ip-10-202-71-135.ec2.internal (preferred)
10/12/05 02:30:05 INFO SimpleJob: Finished TID 128 (progress: 4/128)
10/12/05 02:30:05 INFO SimpleJob: Starting task 1:8 as TID 135 on slave 0-0: ip-10-202-71-135.ec2.internal (preferred)
10/12/05 02:30:05 INFO SimpleJob: Finished TID 133 (progress: 5/128)
10/12/05 02:30:05 INFO SimpleJob: Starting task 1:6 as TID 136 on slave 0-1: ip-10-196-103-159.ec2.internal (preferred)
10/12/05 02:30:08 INFO SimpleJob: Finished TID 134 (progress: 6/128)
10/12/05 02:30:08 INFO SimpleJob: Starting task 1:9 as TID 137 on slave 0-0: ip-10-202-71-135.ec2.internal (preferred)
10/12/05 02:30:10 INFO SimpleJob: Finished TID 132 (progress: 7/128)
10/12/05 02:30:10 INFO SimpleJob: Starting task 1:10 as TID 138 on slave 0-1: ip-10-196-103-159.ec2.internal (preferred)
10/12/05 02:30:12 INFO SimpleJob: Finished TID 137 (progress: 8/128)
10/12/05 02:30:12 INFO SimpleJob: Starting task 1:38 as TID 139 on slave 0-0: ip-10-202-71-135.ec2.internal (preferred)
10/12/05 02:30:13 INFO SimpleJob: Finished TID 135 (progress: 9/128)
10/12/05 02:30:13 INFO SimpleJob: Starting task 1:39 as TID 140 on slave 0-0: ip-10-202-71-135.ec2.internal (preferred)
10/12/05 02:30:15 INFO SimpleJob: Finished TID 136 (progress: 10/128)
10/12/05 02:30:15 INFO SimpleJob: Starting task 1:11 as TID 141 on slave 0-1: ip-10-196-103-159.ec2.internal (preferred)
10/12/05 02:30:16 INFO SimpleJob: Finished TID 140 (progress: 11/128)
10/12/05 02:30:16 INFO SimpleJob: Starting task 1:41 as TID 142 on slave 0-0: ip-10-202-71-135.ec2.internal (preferred)
10/12/05 02:30:19 INFO SimpleJob: Finished TID 141 (progress: 12/128)
10/12/05 02:30:19 INFO SimpleJob: Starting task 1:12 as TID 143 on slave 0-1: ip-10-196-103-159.ec2.internal (preferred)
10/12/05 02:30:20 INFO SimpleJob: Finished TID 142 (progress: 13/128)
10/12/05 02:30:20 INFO SimpleJob: Starting task 1:43 as TID 144 on slave 0-0: ip-10-202-71-135.ec2.internal (preferred)
10/12/05 02:30:20 INFO SimpleJob: Finished TID 139 (progress: 14/128)
10/12/05 02:30:20 INFO SimpleJob: Starting task 1:45 as TID 145 on slave 0-0: ip-10-202-71-135.ec2.internal (preferred)
10/12/05 02:30:21 INFO SimpleJob: Finished TID 138 (progress: 15/128)
10/12/05 02:30:21 INFO SimpleJob: Starting task 1:13 as TID 146 on slave 0-1: ip-10-196-103-159.ec2.internal (preferred)
10/12/05 02:30:24 INFO SimpleJob: Finished TID 144 (progress: 16/128)
10/12/05 02:30:24 INFO SimpleJob: Starting task 1:46 as TID 147 on slave 0-0: ip-10-202-71-135.ec2.internal (preferred)
10/12/05 02:30:24 INFO SimpleJob: Finished TID 145 (progress: 17/128)
10/12/05 02:30:24 INFO SimpleJob: Starting task 1:48 as TID 148 on slave 0-0: ip-10-202-71-135.ec2.internal (preferred)
10/12/05 02:30:25 INFO SimpleJob: Finished TID 146 (progress: 18/128)
10/12/05 02:30:25 INFO SimpleJob: Starting task 1:14 as TID 149 on slave 0-1: ip-10-196-103-159.ec2.internal (preferred)
10/12/05 02:30:28 INFO SimpleJob: Finished TID 143 (progress: 19/128)
10/12/05 02:30:28 INFO SimpleJob: Starting task 1:15 as TID 150 on slave 0-1: ip-10-196-103-159.ec2.internal (preferred)
10/12/05 02:30:32 INFO SimpleJob: Finished TID 147 (progress: 20/128)
10/12/05 02:30:32 INFO SimpleJob: Starting task 1:52 as TID 151 on slave 0-0: ip-10-202-71-135.ec2.internal (preferred)
10/12/05 02:30:32 INFO SimpleJob: Finished TID 148 (progress: 21/128)
10/12/05 02:30:32 INFO SimpleJob: Starting task 1:53 as TID 152 on slave 0-0: ip-10-202-71-135.ec2.internal (preferred)
10/12/05 02:30:33 INFO SimpleJob: Finished TID 150 (progress: 22/128)
10/12/05 02:30:33 INFO SimpleJob: Starting task 1:16 as TID 153 on slave 0-1: ip-10-196-103-159.ec2.internal (preferred)
10/12/05 02:30:34 INFO SimpleJob: Finished TID 149 (progress: 23/128)
10/12/05 02:30:34 INFO SimpleJob: Starting task 1:17 as TID 154 on slave 0-1: ip-10-196-103-159.ec2.internal (preferred)
10/12/05 02:30:36 INFO SimpleJob: Finished TID 152 (progress: 24/128)
10/12/05 02:30:36 INFO SimpleJob: Starting task 1:54 as TID 155 on slave 0-0: ip-10-202-71-135.ec2.internal (preferred)
10/12/05 02:30:39 INFO SimpleJob: Finished TID 154 (progress: 25/128)
10/12/05 02:30:39 INFO SimpleJob: Starting task 1:18 as TID 156 on slave 0-1: ip-10-196-103-159.ec2.internal (preferred)
10/12/05 02:30:41 INFO SimpleJob: Finished TID 151 (progress: 26/128)
10/12/05 02:30:41 INFO SimpleJob: Starting task 1:55 as TID 157 on slave 0-0: ip-10-202-71-135.ec2.internal (preferred)
10/12/05 02:30:43 INFO SimpleJob: Finished TID 153 (progress: 27/128)
10/12/05 02:30:43 INFO SimpleJob: Starting task 1:19 as TID 158 on slave 0-1: ip-10-196-103-159.ec2.internal (preferred)
10/12/05 02:30:44 INFO SimpleJob: Finished TID 157 (progress: 28/128)
10/12/05 02:30:44 INFO SimpleJob: Starting task 1:57 as TID 159 on slave 0-0: ip-10-202-71-135.ec2.internal (preferred)
10/12/05 02:30:45 INFO SimpleJob: Finished TID 155 (progress: 29/128)
10/12/05 02:30:45 INFO SimpleJob: Starting task 1:59 as TID 160 on slave 0-0: ip-10-202-71-135.ec2.internal (preferred)
10/12/05 02:30:47 INFO SimpleJob: Finished TID 158 (progress: 30/128)
10/12/05 02:30:47 INFO SimpleJob: Starting task 1:20 as TID 161 on slave 0-1: ip-10-196-103-159.ec2.internal (preferred)
10/12/05 02:30:48 INFO SimpleJob: Finished TID 159 (progress: 31/128)
10/12/05 02:30:48 INFO SimpleJob: Starting task 1:60 as TID 162 on slave 0-0: ip-10-202-71-135.ec2.internal (preferred)
10/12/05 02:30:48 INFO SimpleJob: Finished TID 160 (progress: 32/128)
10/12/05 02:30:48 INFO SimpleJob: Starting task 1:62 as TID 163 on slave 0-0: ip-10-202-71-135.ec2.internal (preferred)
10/12/05 02:30:49 INFO SimpleJob: Finished TID 156 (progress: 33/128)
10/12/05 02:30:49 INFO SimpleJob: Starting task 1:21 as TID 164 on slave 0-1: ip-10-196-103-159.ec2.internal (preferred)
10/12/05 02:30:54 INFO SimpleJob: Finished TID 164 (progress: 34/128)
10/12/05 02:30:54 INFO SimpleJob: Starting task 1:22 as TID 165 on slave 0-1: ip-10-196-103-159.ec2.internal (preferred)
10/12/05 02:30:56 INFO SimpleJob: Finished TID 162 (progress: 35/128)
10/12/05 02:30:56 INFO SimpleJob: Starting task 1:65 as TID 166 on slave 0-0: ip-10-202-71-135.ec2.internal (preferred)
10/12/05 02:30:56 INFO SimpleJob: Finished TID 163 (progress: 36/128)
10/12/05 02:30:56 INFO SimpleJob: Starting task 1:67 as TID 167 on slave 0-0: ip-10-202-71-135.ec2.internal (preferred)
10/12/05 02:30:58 INFO SimpleJob: Finished TID 161 (progress: 37/128)
10/12/05 02:30:58 INFO SimpleJob: Starting task 1:23 as TID 168 on slave 0-1: ip-10-196-103-159.ec2.internal (preferred)
10/12/05 02:31:00 INFO SimpleJob: Finished TID 166 (progress: 38/128)
10/12/05 02:31:00 INFO SimpleJob: Starting task 1:68 as TID 169 on slave 0-0: ip-10-202-71-135.ec2.internal (preferred)
10/12/05 02:31:00 INFO SimpleJob: Finished TID 167 (progress: 39/128)
10/12/05 02:31:00 INFO SimpleJob: Starting task 1:70 as TID 170 on slave 0-0: ip-10-202-71-135.ec2.internal (preferred)
10/12/05 02:31:02 INFO SimpleJob: Finished TID 168 (progress: 40/128)
10/12/05 02:31:02 INFO SimpleJob: Starting task 1:24 as TID 171 on slave 0-1: ip-10-196-103-159.ec2.internal (preferred)
10/12/05 02:31:05 INFO SimpleJob: Finished TID 165 (progress: 41/128)
10/12/05 02:31:05 INFO SimpleJob: Starting task 1:25 as TID 172 on slave 0-1: ip-10-196-103-159.ec2.internal (preferred)
10/12/05 02:31:08 INFO SimpleJob: Finished TID 169 (progress: 42/128)
10/12/05 02:31:08 INFO SimpleJob: Starting task 1:74 as TID 173 on slave 0-0: ip-10-202-71-135.ec2.internal (preferred)
10/12/05 02:31:09 INFO SimpleJob: Finished TID 170 (progress: 43/128)
10/12/05 02:31:09 INFO SimpleJob: Starting task 1:75 as TID 174 on slave 0-0: ip-10-202-71-135.ec2.internal (preferred)
10/12/05 02:31:09 INFO SimpleJob: Finished TID 172 (progress: 44/128)
10/12/05 02:31:09 INFO SimpleJob: Starting task 1:26 as TID 175 on slave 0-1: ip-10-196-103-159.ec2.internal (preferred)
10/12/05 02:31:12 INFO SimpleJob: Finished TID 171 (progress: 45/128)
10/12/05 02:31:12 INFO SimpleJob: Starting task 1:27 as TID 176 on slave 0-1: ip-10-196-103-159.ec2.internal (preferred)
10/12/05 02:31:13 INFO SimpleJob: Finished TID 174 (progress: 46/128)
10/12/05 02:31:13 INFO SimpleJob: Starting task 1:76 as TID 177 on slave 0-0: ip-10-202-71-135.ec2.internal (preferred)
10/12/05 02:31:16 INFO SimpleJob: Finished TID 176 (progress: 47/128)
10/12/05 02:31:16 INFO SimpleJob: Starting task 1:28 as TID 178 on slave 0-1: ip-10-196-103-159.ec2.internal (preferred)
10/12/05 02:31:17 INFO SimpleJob: Finished TID 173 (progress: 48/128)
10/12/05 02:31:17 INFO SimpleJob: Starting task 1:77 as TID 179 on slave 0-0: ip-10-202-71-135.ec2.internal (preferred)
10/12/05 02:31:19 INFO SimpleJob: Finished TID 175 (progress: 49/128)
10/12/05 02:31:19 INFO SimpleJob: Starting task 1:29 as TID 180 on slave 0-1: ip-10-196-103-159.ec2.internal (preferred)
10/12/05 02:31:21 INFO SimpleJob: Finished TID 179 (progress: 50/128)
10/12/05 02:31:21 INFO SimpleJob: Starting task 1:80 as TID 181 on slave 0-0: ip-10-202-71-135.ec2.internal (preferred)
10/12/05 02:31:22 INFO SimpleJob: Finished TID 177 (progress: 51/128)
10/12/05 02:31:22 INFO SimpleJob: Starting task 1:82 as TID 182 on slave 0-0: ip-10-202-71-135.ec2.internal (preferred)
10/12/05 02:31:24 INFO SimpleJob: Finished TID 180 (progress: 52/128)
10/12/05 02:31:24 INFO SimpleJob: Starting task 1:30 as TID 183 on slave 0-1: ip-10-196-103-159.ec2.internal (preferred)
10/12/05 02:31:26 INFO SimpleJob: Finished TID 178 (progress: 53/128)
10/12/05 02:31:26 INFO SimpleJob: Starting task 1:31 as TID 184 on slave 0-1: ip-10-196-103-159.ec2.internal (preferred)
10/12/05 02:31:30 INFO SimpleJob: Finished TID 181 (progress: 54/128)
10/12/05 02:31:30 INFO SimpleJob: Starting task 1:86 as TID 185 on slave 0-0: ip-10-202-71-135.ec2.internal (preferred)
10/12/05 02:31:30 INFO SimpleJob: Finished TID 182 (progress: 55/128)
10/12/05 02:31:30 INFO SimpleJob: Starting task 1:87 as TID 186 on slave 0-0: ip-10-202-71-135.ec2.internal (preferred)
10/12/05 02:31:31 INFO SimpleJob: Finished TID 184 (progress: 56/128)
10/12/05 02:31:31 INFO SimpleJob: Starting task 1:32 as TID 187 on slave 0-1: ip-10-196-103-159.ec2.internal (preferred)
10/12/05 02:31:33 INFO SimpleJob: Finished TID 183 (progress: 57/128)
10/12/05 02:31:33 INFO SimpleJob: Starting task 1:33 as TID 188 on slave 0-1: ip-10-196-103-159.ec2.internal (preferred)
10/12/05 02:31:35 INFO SimpleJob: Finished TID 186 (progress: 58/128)
10/12/05 02:31:35 INFO SimpleJob: Starting task 1:89 as TID 189 on slave 0-0: ip-10-202-71-135.ec2.internal (preferred)
10/12/05 02:31:38 INFO SimpleJob: Finished TID 188 (progress: 59/128)
10/12/05 02:31:38 INFO SimpleJob: Starting task 1:34 as TID 190 on slave 0-1: ip-10-196-103-159.ec2.internal (preferred)
10/12/05 02:31:38 INFO SimpleJob: Finished TID 189 (progress: 60/128)
10/12/05 02:31:38 INFO SimpleJob: Starting task 1:91 as TID 191 on slave 0-0: ip-10-202-71-135.ec2.internal (preferred)
10/12/05 02:31:39 INFO SimpleJob: Finished TID 185 (progress: 61/128)
10/12/05 02:31:39 INFO SimpleJob: Starting task 1:92 as TID 192 on slave 0-0: ip-10-202-71-135.ec2.internal (preferred)
10/12/05 02:31:41 INFO SimpleJob: Finished TID 187 (progress: 62/128)
10/12/05 02:31:41 INFO SimpleJob: Starting task 1:35 as TID 193 on slave 0-1: ip-10-196-103-159.ec2.internal (preferred)
10/12/05 02:31:42 INFO SimpleJob: Finished TID 191 (progress: 63/128)
10/12/05 02:31:42 INFO SimpleJob: Starting task 1:93 as TID 194 on slave 0-0: ip-10-202-71-135.ec2.internal (preferred)
10/12/05 02:31:46 INFO SimpleJob: Finished TID 194 (progress: 64/128)
10/12/05 02:31:46 INFO SimpleJob: Starting task 1:96 as TID 195 on slave 0-0: ip-10-202-71-135.ec2.internal (preferred)
10/12/05 02:31:47 INFO SimpleJob: Finished TID 193 (progress: 65/128)
10/12/05 02:31:47 INFO SimpleJob: Starting task 1:36 as TID 196 on slave 0-1: ip-10-196-103-159.ec2.internal (preferred)
10/12/05 02:31:48 INFO SimpleJob: Finished TID 192 (progress: 66/128)
10/12/05 02:31:48 INFO SimpleJob: Starting task 1:97 as TID 197 on slave 0-0: ip-10-202-71-135.ec2.internal (preferred)
10/12/05 02:31:49 INFO SimpleJob: Finished TID 190 (progress: 67/128)
10/12/05 02:31:49 INFO SimpleJob: Starting task 1:37 as TID 198 on slave 0-1: ip-10-196-103-159.ec2.internal (preferred)
10/12/05 02:31:52 INFO SimpleJob: Finished TID 197 (progress: 68/128)
10/12/05 02:31:52 INFO SimpleJob: Starting task 1:98 as TID 199 on slave 0-0: ip-10-202-71-135.ec2.internal (preferred)
10/12/05 02:31:54 INFO SimpleJob: Finished TID 198 (progress: 69/128)
10/12/05 02:31:54 INFO SimpleJob: Starting task 1:40 as TID 200 on slave 0-1: ip-10-196-103-159.ec2.internal (preferred)
10/12/05 02:31:55 INFO SimpleJob: Finished TID 195 (progress: 70/128)
10/12/05 02:31:55 INFO SimpleJob: Starting task 1:100 as TID 201 on slave 0-0: ip-10-202-71-135.ec2.internal (preferred)
10/12/05 02:31:57 INFO SimpleJob: Finished TID 196 (progress: 71/128)
10/12/05 02:31:57 INFO SimpleJob: Starting task 1:42 as TID 202 on slave 0-1: ip-10-196-103-159.ec2.internal (preferred)
10/12/05 02:32:02 INFO SimpleJob: Finished TID 199 (progress: 72/128)
10/12/05 02:32:02 INFO SimpleJob: Starting task 1:104 as TID 203 on slave 0-0: ip-10-202-71-135.ec2.internal (preferred)
10/12/05 02:32:05 INFO SimpleJob: Finished TID 201 (progress: 73/128)
10/12/05 02:32:05 INFO SimpleJob: Starting task 1:105 as TID 204 on slave 0-0: ip-10-202-71-135.ec2.internal (preferred)
10/12/05 02:32:06 INFO SimpleJob: Finished TID 200 (progress: 74/128)
10/12/05 02:32:06 INFO SimpleJob: Starting task 1:44 as TID 205 on slave 0-1: ip-10-196-103-159.ec2.internal (preferred)
10/12/05 02:32:07 INFO SimpleJob: Finished TID 202 (progress: 75/128)
10/12/05 02:32:07 INFO SimpleJob: Starting task 1:47 as TID 206 on slave 0-1: ip-10-196-103-159.ec2.internal (preferred)
10/12/05 02:32:09 INFO SimpleJob: Finished TID 204 (progress: 76/128)
10/12/05 02:32:09 INFO SimpleJob: Starting task 1:107 as TID 207 on slave 0-0: ip-10-202-71-135.ec2.internal (preferred)
10/12/05 02:32:11 INFO SimpleJob: Finished TID 203 (progress: 77/128)
10/12/05 02:32:11 INFO SimpleJob: Starting task 1:109 as TID 208 on slave 0-0: ip-10-202-71-135.ec2.internal (preferred)
10/12/05 02:32:12 INFO SimpleJob: Finished TID 206 (progress: 78/128)
10/12/05 02:32:12 INFO SimpleJob: Starting task 1:49 as TID 209 on slave 0-1: ip-10-196-103-159.ec2.internal (preferred)
10/12/05 02:32:13 INFO SimpleJob: Finished TID 207 (progress: 79/128)
10/12/05 02:32:13 INFO SimpleJob: Starting task 1:110 as TID 210 on slave 0-0: ip-10-202-71-135.ec2.internal (preferred)
10/12/05 02:32:15 INFO SimpleJob: Finished TID 208 (progress: 80/128)
10/12/05 02:32:15 INFO SimpleJob: Starting task 1:111 as TID 211 on slave 0-0: ip-10-202-71-135.ec2.internal (preferred)
10/12/05 02:32:17 INFO SimpleJob: Finished TID 209 (progress: 81/128)
10/12/05 02:32:17 INFO SimpleJob: Starting task 1:50 as TID 212 on slave 0-1: ip-10-196-103-159.ec2.internal (preferred)
10/12/05 02:32:18 INFO SimpleJob: Finished TID 205 (progress: 82/128)
10/12/05 02:32:18 INFO SimpleJob: Starting task 1:51 as TID 213 on slave 0-1: ip-10-196-103-159.ec2.internal (preferred)
10/12/05 02:32:20 INFO SimpleJob: Finished TID 211 (progress: 83/128)
10/12/05 02:32:20 INFO SimpleJob: Starting task 1:114 as TID 214 on slave 0-0: ip-10-202-71-135.ec2.internal (preferred)
10/12/05 02:32:22 INFO SimpleJob: Finished TID 213 (progress: 84/128)
10/12/05 02:32:22 INFO SimpleJob: Starting task 1:56 as TID 215 on slave 0-1: ip-10-196-103-159.ec2.internal (preferred)
10/12/05 02:32:23 INFO SimpleJob: Finished TID 210 (progress: 85/128)
10/12/05 02:32:23 INFO SimpleJob: Starting task 1:118 as TID 216 on slave 0-0: ip-10-202-71-135.ec2.internal (preferred)
10/12/05 02:32:28 INFO SimpleJob: Finished TID 212 (progress: 86/128)
10/12/05 02:32:28 INFO SimpleJob: Starting task 1:58 as TID 217 on slave 0-1: ip-10-196-103-159.ec2.internal (preferred)
10/12/05 02:32:29 INFO SimpleJob: Finished TID 214 (progress: 87/128)
10/12/05 02:32:29 INFO SimpleJob: Starting task 1:119 as TID 218 on slave 0-0: ip-10-202-71-135.ec2.internal (preferred)
10/12/05 02:32:32 INFO SimpleJob: Finished TID 216 (progress: 88/128)
10/12/05 02:32:32 INFO SimpleJob: Starting task 1:120 as TID 219 on slave 0-0: ip-10-202-71-135.ec2.internal (preferred)
10/12/05 02:32:33 INFO SimpleJob: Finished TID 218 (progress: 89/128)
10/12/05 02:32:33 INFO SimpleJob: Starting task 1:121 as TID 220 on slave 0-0: ip-10-202-71-135.ec2.internal (preferred)
10/12/05 02:32:36 INFO SimpleJob: Finished TID 215 (progress: 90/128)
10/12/05 02:32:36 INFO SimpleJob: Starting task 1:61 as TID 221 on slave 0-1: ip-10-196-103-159.ec2.internal (preferred)
10/12/05 02:32:38 INFO SimpleJob: Finished TID 220 (progress: 91/128)
10/12/05 02:32:38 INFO SimpleJob: Starting task 1:123 as TID 222 on slave 0-0: ip-10-202-71-135.ec2.internal (preferred)
10/12/05 02:32:40 INFO SimpleJob: Finished TID 217 (progress: 92/128)
10/12/05 02:32:40 INFO SimpleJob: Starting task 1:63 as TID 223 on slave 0-1: ip-10-196-103-159.ec2.internal (preferred)
10/12/05 02:32:40 INFO SimpleJob: Finished TID 221 (progress: 93/128)
10/12/05 02:32:40 INFO SimpleJob: Starting task 1:64 as TID 224 on slave 0-1: ip-10-196-103-159.ec2.internal (preferred)
10/12/05 02:32:42 INFO SimpleJob: Finished TID 219 (progress: 94/128)
10/12/05 02:32:42 INFO SimpleJob: Starting task 1:125 as TID 225 on slave 0-0: ip-10-202-71-135.ec2.internal (preferred)
10/12/05 02:32:42 INFO SimpleJob: Finished TID 222 (progress: 95/128)
10/12/05 02:32:42 INFO SimpleJob: Starting task 1:126 as TID 226 on slave 0-0: ip-10-202-71-135.ec2.internal (preferred)
10/12/05 02:32:46 INFO SimpleJob: Finished TID 223 (progress: 96/128)
10/12/05 02:32:46 INFO SimpleJob: Starting task 1:66 as TID 227 on slave 0-1: ip-10-196-103-159.ec2.internal (preferred)
10/12/05 02:32:46 INFO SimpleJob: Finished TID 225 (progress: 97/128)
10/12/05 02:32:49 INFO SimpleJob: Starting task 1:69 as TID 228 on slave 0-0: ip-10-202-71-135.ec2.internal (non-preferred)
10/12/05 02:32:51 INFO SimpleJob: Finished TID 226 (progress: 98/128)
10/12/05 02:32:51 INFO SimpleJob: Starting task 1:71 as TID 229 on slave 0-0: ip-10-202-71-135.ec2.internal (non-preferred)
10/12/05 02:32:51 INFO SimpleJob: Finished TID 224 (progress: 99/128)
10/12/05 02:32:51 INFO SimpleJob: Starting task 1:72 as TID 230 on slave 0-1: ip-10-196-103-159.ec2.internal (preferred)
10/12/05 02:32:53 INFO SimpleJob: Finished TID 228 (progress: 100/128)
10/12/05 02:32:55 INFO SimpleJob: Finished TID 229 (progress: 101/128)
10/12/05 02:32:55 INFO SimpleJob: Starting task 1:73 as TID 231 on slave 0-0: ip-10-202-71-135.ec2.internal (non-preferred)
10/12/05 02:32:55 INFO SimpleJob: Starting task 1:78 as TID 232 on slave 0-0: ip-10-202-71-135.ec2.internal (non-preferred)
10/12/05 02:32:58 INFO SimpleJob: Finished TID 227 (progress: 102/128)
10/12/05 02:32:58 INFO SimpleJob: Starting task 1:79 as TID 233 on slave 0-1: ip-10-196-103-159.ec2.internal (preferred)
10/12/05 02:33:00 INFO SimpleJob: Finished TID 231 (progress: 103/128)
10/12/05 02:33:01 INFO SimpleJob: Starting task 1:81 as TID 234 on slave 0-0: ip-10-202-71-135.ec2.internal (non-preferred)
10/12/05 02:33:03 INFO SimpleJob: Finished TID 230 (progress: 104/128)
10/12/05 02:33:03 INFO SimpleJob: Starting task 1:83 as TID 235 on slave 0-1: ip-10-196-103-159.ec2.internal (preferred)
10/12/05 02:33:03 INFO SimpleJob: Finished TID 233 (progress: 105/128)
10/12/05 02:33:03 INFO SimpleJob: Starting task 1:84 as TID 236 on slave 0-1: ip-10-196-103-159.ec2.internal (preferred)
10/12/05 02:33:05 INFO SimpleJob: Finished TID 232 (progress: 106/128)
10/12/05 02:33:05 INFO SimpleJob: Finished TID 234 (progress: 107/128)
10/12/05 02:33:06 INFO SimpleJob: Starting task 1:85 as TID 237 on slave 0-0: ip-10-202-71-135.ec2.internal (non-preferred)
10/12/05 02:33:06 INFO SimpleJob: Starting task 1:88 as TID 238 on slave 0-0: ip-10-202-71-135.ec2.internal (non-preferred)
10/12/05 02:33:07 INFO SimpleJob: Finished TID 235 (progress: 108/128)
10/12/05 02:33:07 INFO SimpleJob: Starting task 1:90 as TID 239 on slave 0-1: ip-10-196-103-159.ec2.internal (preferred)
10/12/05 02:33:11 INFO SimpleJob: Finished TID 237 (progress: 109/128)
10/12/05 02:33:11 INFO SimpleJob: Starting task 1:94 as TID 240 on slave 0-0: ip-10-202-71-135.ec2.internal (non-preferred)
10/12/05 02:33:16 INFO SimpleJob: Finished TID 236 (progress: 110/128)
10/12/05 02:33:16 INFO SimpleJob: Starting task 1:95 as TID 241 on slave 0-1: ip-10-196-103-159.ec2.internal (preferred)
10/12/05 02:33:18 INFO SimpleJob: Finished TID 238 (progress: 111/128)
10/12/05 02:33:18 INFO SimpleJob: Finished TID 239 (progress: 112/128)
10/12/05 02:33:18 INFO SimpleJob: Starting task 1:99 as TID 242 on slave 0-1: ip-10-196-103-159.ec2.internal (preferred)
10/12/05 02:33:20 INFO SimpleJob: Finished TID 240 (progress: 113/128)
10/12/05 02:33:21 INFO SimpleJob: Starting task 1:101 as TID 243 on slave 0-0: ip-10-202-71-135.ec2.internal (non-preferred)
10/12/05 02:33:21 INFO SimpleJob: Starting task 1:102 as TID 244 on slave 0-0: ip-10-202-71-135.ec2.internal (non-preferred)
10/12/05 02:33:22 INFO SimpleJob: Finished TID 241 (progress: 114/128)
10/12/05 02:33:22 INFO SimpleJob: Starting task 1:103 as TID 245 on slave 0-1: ip-10-196-103-159.ec2.internal (preferred)
10/12/05 02:33:23 INFO SimpleJob: Finished TID 242 (progress: 115/128)
10/12/05 02:33:23 INFO SimpleJob: Starting task 1:106 as TID 246 on slave 0-1: ip-10-196-103-159.ec2.internal (preferred)
10/12/05 02:33:27 INFO SimpleJob: Finished TID 245 (progress: 116/128)
10/12/05 02:33:27 INFO SimpleJob: Starting task 1:108 as TID 247 on slave 0-1: ip-10-196-103-159.ec2.internal (preferred)
10/12/05 02:33:27 INFO SimpleJob: Finished TID 243 (progress: 117/128)
10/12/05 02:33:31 INFO SimpleJob: Starting task 1:112 as TID 248 on slave 0-0: ip-10-202-71-135.ec2.internal (non-preferred)
10/12/05 02:33:31 INFO SimpleJob: Finished TID 244 (progress: 118/128)
10/12/05 02:33:31 INFO SimpleJob: Starting task 1:113 as TID 249 on slave 0-0: ip-10-202-71-135.ec2.internal (non-preferred)
10/12/05 02:33:35 INFO SimpleJob: Finished TID 249 (progress: 119/128)
10/12/05 02:33:35 INFO SimpleJob: Starting task 1:115 as TID 250 on slave 0-0: ip-10-202-71-135.ec2.internal (non-preferred)
10/12/05 02:33:35 INFO SimpleJob: Finished TID 246 (progress: 120/128)
10/12/05 02:33:35 INFO SimpleJob: Starting task 1:116 as TID 251 on slave 0-1: ip-10-196-103-159.ec2.internal (preferred)
10/12/05 02:33:39 INFO SimpleJob: Finished TID 247 (progress: 121/128)
10/12/05 02:33:39 INFO SimpleJob: Starting task 1:117 as TID 252 on slave 0-1: ip-10-196-103-159.ec2.internal (preferred)
10/12/05 02:33:40 INFO SimpleJob: Finished TID 250 (progress: 122/128)
10/12/05 02:33:41 INFO SimpleJob: Finished TID 248 (progress: 123/128)
10/12/05 02:33:43 INFO SimpleJob: Starting task 1:122 as TID 253 on slave 0-0: ip-10-202-71-135.ec2.internal (non-preferred)
10/12/05 02:33:43 INFO SimpleJob: Starting task 1:124 as TID 254 on slave 0-0: ip-10-202-71-135.ec2.internal (non-preferred)
10/12/05 02:33:45 INFO SimpleJob: Finished TID 252 (progress: 124/128)
10/12/05 02:33:45 INFO SimpleJob: Starting task 1:127 as TID 255 on slave 0-1: ip-10-196-103-159.ec2.internal (preferred)
10/12/05 02:33:48 INFO SimpleJob: Finished TID 251 (progress: 125/128)
10/12/05 02:33:49 INFO SimpleJob: Finished TID 255 (progress: 126/128)
10/12/05 02:33:53 INFO SimpleJob: Finished TID 253 (progress: 127/128)
10/12/05 02:33:53 INFO SimpleJob: Finished TID 254 (progress: 128/128)
10/12/05 02:33:53 INFO SparkContext: Tasks finished in 236.702653707 s
Centroids changed by
	   (1.020119, 0.433392, 2.183411)
	to ((7.78,40.66), (44.75,35.36), (17.87,7.51))
10/12/05 02:33:53 INFO SparkContext: Running 128 tasks in parallel
10/12/05 02:33:53 INFO SimpleJob: Starting task 2:0 as TID 256 on slave 0-0: ip-10-202-71-135.ec2.internal (preferred)
10/12/05 02:33:53 INFO SimpleJob: Starting task 2:1 as TID 257 on slave 0-1: ip-10-196-103-159.ec2.internal (preferred)
10/12/05 02:33:53 INFO SimpleJob: Starting task 2:2 as TID 258 on slave 0-0: ip-10-202-71-135.ec2.internal (preferred)
10/12/05 02:33:53 INFO SimpleJob: Starting task 2:3 as TID 259 on slave 0-1: ip-10-196-103-159.ec2.internal (preferred)
10/12/05 02:33:59 INFO SimpleJob: Finished TID 257 (progress: 1/128)
10/12/05 02:33:59 INFO SimpleJob: Starting task 2:4 as TID 260 on slave 0-1: ip-10-196-103-159.ec2.internal (preferred)
10/12/05 02:34:00 INFO SimpleJob: Finished TID 259 (progress: 2/128)
10/12/05 02:34:00 INFO SimpleJob: Starting task 2:5 as TID 261 on slave 0-1: ip-10-196-103-159.ec2.internal (preferred)
10/12/05 02:34:05 INFO SimpleJob: Finished TID 261 (progress: 3/128)
10/12/05 02:34:05 INFO SimpleJob: Starting task 2:6 as TID 262 on slave 0-1: ip-10-196-103-159.ec2.internal (preferred)
10/12/05 02:34:05 INFO SimpleJob: Finished TID 256 (progress: 4/128)
10/12/05 02:34:05 INFO SimpleJob: Starting task 2:7 as TID 263 on slave 0-0: ip-10-202-71-135.ec2.internal (preferred)
10/12/05 02:34:05 INFO SimpleJob: Finished TID 258 (progress: 5/128)
10/12/05 02:34:05 INFO SimpleJob: Starting task 2:8 as TID 264 on slave 0-0: ip-10-202-71-135.ec2.internal (preferred)
10/12/05 02:34:10 INFO SimpleJob: Finished TID 263 (progress: 6/128)
10/12/05 02:34:10 INFO SimpleJob: Starting task 2:9 as TID 265 on slave 0-0: ip-10-202-71-135.ec2.internal (preferred)
10/12/05 02:34:11 INFO SimpleJob: Finished TID 260 (progress: 7/128)
10/12/05 02:34:11 INFO SimpleJob: Starting task 2:10 as TID 266 on slave 0-1: ip-10-196-103-159.ec2.internal (preferred)
10/12/05 02:34:14 INFO SimpleJob: Finished TID 265 (progress: 8/128)
10/12/05 02:34:14 INFO SimpleJob: Starting task 2:38 as TID 267 on slave 0-0: ip-10-202-71-135.ec2.internal (preferred)
10/12/05 02:34:16 INFO SimpleJob: Finished TID 264 (progress: 9/128)
10/12/05 02:34:16 INFO SimpleJob: Starting task 2:39 as TID 268 on slave 0-0: ip-10-202-71-135.ec2.internal (preferred)
10/12/05 02:34:16 INFO SimpleJob: Finished TID 262 (progress: 10/128)
10/12/05 02:34:16 INFO SimpleJob: Starting task 2:11 as TID 269 on slave 0-1: ip-10-196-103-159.ec2.internal (preferred)
10/12/05 02:34:21 INFO SimpleJob: Finished TID 268 (progress: 11/128)
10/12/05 02:34:21 INFO SimpleJob: Starting task 2:41 as TID 270 on slave 0-0: ip-10-202-71-135.ec2.internal (preferred)
10/12/05 02:34:22 INFO SimpleJob: Finished TID 269 (progress: 12/128)
10/12/05 02:34:22 INFO SimpleJob: Starting task 2:12 as TID 271 on slave 0-1: ip-10-196-103-159.ec2.internal (preferred)
10/12/05 02:34:23 INFO SimpleJob: Finished TID 266 (progress: 13/128)
10/12/05 02:34:23 INFO SimpleJob: Starting task 2:13 as TID 272 on slave 0-1: ip-10-196-103-159.ec2.internal (preferred)
10/12/05 02:34:26 INFO SimpleJob: Finished TID 267 (progress: 14/128)
10/12/05 02:34:26 INFO SimpleJob: Starting task 2:43 as TID 273 on slave 0-0: ip-10-202-71-135.ec2.internal (preferred)
10/12/05 02:34:26 INFO SimpleJob: Finished TID 270 (progress: 15/128)
10/12/05 02:34:26 INFO SimpleJob: Starting task 2:45 as TID 274 on slave 0-0: ip-10-202-71-135.ec2.internal (preferred)
10/12/05 02:34:29 INFO SimpleJob: Finished TID 272 (progress: 16/128)
10/12/05 02:34:29 INFO SimpleJob: Starting task 2:14 as TID 275 on slave 0-1: ip-10-196-103-159.ec2.internal (preferred)
10/12/05 02:34:31 INFO SimpleJob: Finished TID 273 (progress: 17/128)
10/12/05 02:34:31 INFO SimpleJob: Starting task 2:46 as TID 276 on slave 0-0: ip-10-202-71-135.ec2.internal (preferred)
10/12/05 02:34:31 INFO SimpleJob: Finished TID 274 (progress: 18/128)
10/12/05 02:34:31 INFO SimpleJob: Starting task 2:48 as TID 277 on slave 0-0: ip-10-202-71-135.ec2.internal (preferred)
10/12/05 02:34:34 INFO SimpleJob: Finished TID 271 (progress: 19/128)
10/12/05 02:34:34 INFO SimpleJob: Starting task 2:15 as TID 278 on slave 0-1: ip-10-196-103-159.ec2.internal (preferred)
10/12/05 02:34:40 INFO SimpleJob: Finished TID 278 (progress: 20/128)
10/12/05 02:34:40 INFO SimpleJob: Starting task 2:16 as TID 279 on slave 0-1: ip-10-196-103-159.ec2.internal (preferred)
10/12/05 02:34:41 INFO SimpleJob: Finished TID 275 (progress: 21/128)
10/12/05 02:34:41 INFO SimpleJob: Starting task 2:17 as TID 280 on slave 0-1: ip-10-196-103-159.ec2.internal (preferred)
10/12/05 02:34:43 INFO SimpleJob: Finished TID 276 (progress: 22/128)
10/12/05 02:34:43 INFO SimpleJob: Starting task 2:52 as TID 281 on slave 0-0: ip-10-202-71-135.ec2.internal (preferred)
10/12/05 02:34:43 INFO SimpleJob: Finished TID 277 (progress: 23/128)
10/12/05 02:34:43 INFO SimpleJob: Starting task 2:53 as TID 282 on slave 0-0: ip-10-202-71-135.ec2.internal (preferred)
10/12/05 02:34:48 INFO SimpleJob: Finished TID 280 (progress: 24/128)
10/12/05 02:34:48 INFO SimpleJob: Starting task 2:18 as TID 283 on slave 0-1: ip-10-196-103-159.ec2.internal (preferred)
10/12/05 02:34:48 INFO SimpleJob: Finished TID 282 (progress: 25/128)
10/12/05 02:34:48 INFO SimpleJob: Starting task 2:54 as TID 284 on slave 0-0: ip-10-202-71-135.ec2.internal (preferred)
10/12/05 02:34:53 INFO SimpleJob: Finished TID 279 (progress: 26/128)
10/12/05 02:34:53 INFO SimpleJob: Starting task 2:19 as TID 285 on slave 0-1: ip-10-196-103-159.ec2.internal (preferred)
10/12/05 02:34:55 INFO SimpleJob: Finished TID 281 (progress: 27/128)
10/12/05 02:34:55 INFO SimpleJob: Starting task 2:55 as TID 286 on slave 0-0: ip-10-202-71-135.ec2.internal (preferred)
10/12/05 02:34:58 INFO SimpleJob: Finished TID 285 (progress: 28/128)
10/12/05 02:34:58 INFO SimpleJob: Starting task 2:20 as TID 287 on slave 0-1: ip-10-196-103-159.ec2.internal (preferred)
10/12/05 02:34:59 INFO SimpleJob: Finished TID 286 (progress: 29/128)
10/12/05 02:34:59 INFO SimpleJob: Starting task 2:57 as TID 288 on slave 0-0: ip-10-202-71-135.ec2.internal (preferred)
10/12/05 02:34:59 INFO SimpleJob: Finished TID 284 (progress: 30/128)
10/12/05 02:34:59 INFO SimpleJob: Starting task 2:59 as TID 289 on slave 0-0: ip-10-202-71-135.ec2.internal (preferred)
10/12/05 02:35:00 INFO SimpleJob: Finished TID 283 (progress: 31/128)
10/12/05 02:35:00 INFO SimpleJob: Starting task 2:21 as TID 290 on slave 0-1: ip-10-196-103-159.ec2.internal (preferred)
10/12/05 02:35:02 INFO SimpleJob: Finished TID 288 (progress: 32/128)
10/12/05 02:35:02 INFO SimpleJob: Starting task 2:60 as TID 291 on slave 0-0: ip-10-202-71-135.ec2.internal (preferred)
10/12/05 02:35:03 INFO SimpleJob: Finished TID 289 (progress: 33/128)
10/12/05 02:35:03 INFO SimpleJob: Starting task 2:62 as TID 292 on slave 0-0: ip-10-202-71-135.ec2.internal (preferred)
10/12/05 02:35:06 INFO SimpleJob: Finished TID 290 (progress: 34/128)
10/12/05 02:35:06 INFO SimpleJob: Starting task 2:22 as TID 293 on slave 0-1: ip-10-196-103-159.ec2.internal (preferred)
10/12/05 02:35:10 INFO SimpleJob: Finished TID 291 (progress: 35/128)
10/12/05 02:35:10 INFO SimpleJob: Starting task 2:65 as TID 294 on slave 0-0: ip-10-202-71-135.ec2.internal (preferred)
10/12/05 02:35:10 INFO SimpleJob: Finished TID 292 (progress: 36/128)
10/12/05 02:35:10 INFO SimpleJob: Starting task 2:67 as TID 295 on slave 0-0: ip-10-202-71-135.ec2.internal (preferred)
10/12/05 02:35:12 INFO SimpleJob: Finished TID 287 (progress: 37/128)
10/12/05 02:35:12 INFO SimpleJob: Starting task 2:23 as TID 296 on slave 0-1: ip-10-196-103-159.ec2.internal (preferred)
10/12/05 02:35:14 INFO SimpleJob: Finished TID 294 (progress: 38/128)
10/12/05 02:35:14 INFO SimpleJob: Starting task 2:68 as TID 297 on slave 0-0: ip-10-202-71-135.ec2.internal (preferred)
10/12/05 02:35:14 INFO SimpleJob: Finished TID 295 (progress: 39/128)
10/12/05 02:35:14 INFO SimpleJob: Starting task 2:69 as TID 298 on slave 0-0: ip-10-202-71-135.ec2.internal (preferred)
10/12/05 02:35:17 INFO SimpleJob: Finished TID 298 (progress: 40/128)
10/12/05 02:35:17 INFO SimpleJob: Starting task 2:70 as TID 299 on slave 0-0: ip-10-202-71-135.ec2.internal (preferred)
10/12/05 02:35:17 INFO SimpleJob: Finished TID 296 (progress: 41/128)
10/12/05 02:35:17 INFO SimpleJob: Starting task 2:24 as TID 300 on slave 0-1: ip-10-196-103-159.ec2.internal (preferred)
10/12/05 02:35:19 INFO SimpleJob: Finished TID 293 (progress: 42/128)
10/12/05 02:35:20 INFO SimpleJob: Starting task 2:25 as TID 301 on slave 0-1: ip-10-196-103-159.ec2.internal (preferred)
10/12/05 02:35:22 INFO SimpleJob: Finished TID 297 (progress: 43/128)
10/12/05 02:35:22 INFO SimpleJob: Starting task 2:71 as TID 302 on slave 0-0: ip-10-202-71-135.ec2.internal (preferred)
10/12/05 02:35:25 INFO SimpleJob: Finished TID 302 (progress: 44/128)
10/12/05 02:35:25 INFO SimpleJob: Starting task 2:73 as TID 303 on slave 0-0: ip-10-202-71-135.ec2.internal (preferred)
10/12/05 02:35:26 INFO SimpleJob: Finished TID 299 (progress: 45/128)
10/12/05 02:35:26 INFO SimpleJob: Starting task 2:74 as TID 304 on slave 0-0: ip-10-202-71-135.ec2.internal (preferred)
10/12/05 02:35:26 INFO SimpleJob: Finished TID 301 (progress: 46/128)
10/12/05 02:35:26 INFO SimpleJob: Starting task 2:26 as TID 305 on slave 0-1: ip-10-196-103-159.ec2.internal (preferred)
10/12/05 02:35:29 INFO SimpleJob: Finished TID 303 (progress: 47/128)
10/12/05 02:35:29 INFO SimpleJob: Starting task 2:75 as TID 306 on slave 0-0: ip-10-202-71-135.ec2.internal (preferred)
10/12/05 02:35:30 INFO SimpleJob: Finished TID 300 (progress: 48/128)
10/12/05 02:35:30 INFO SimpleJob: Starting task 2:27 as TID 307 on slave 0-1: ip-10-196-103-159.ec2.internal (preferred)
10/12/05 02:35:33 INFO SimpleJob: Finished TID 306 (progress: 49/128)
10/12/05 02:35:33 INFO SimpleJob: Starting task 2:76 as TID 308 on slave 0-0: ip-10-202-71-135.ec2.internal (preferred)
10/12/05 02:35:34 INFO SimpleJob: Finished TID 304 (progress: 50/128)
10/12/05 02:35:34 INFO SimpleJob: Starting task 2:77 as TID 309 on slave 0-0: ip-10-202-71-135.ec2.internal (preferred)
10/12/05 02:35:37 INFO SimpleJob: Finished TID 307 (progress: 51/128)
10/12/05 02:35:37 INFO SimpleJob: Starting task 2:28 as TID 310 on slave 0-1: ip-10-196-103-159.ec2.internal (preferred)
10/12/05 02:35:38 INFO SimpleJob: Finished TID 309 (progress: 52/128)
10/12/05 02:35:38 INFO SimpleJob: Starting task 2:78 as TID 311 on slave 0-0: ip-10-202-71-135.ec2.internal (preferred)
10/12/05 02:35:39 INFO SimpleJob: Finished TID 305 (progress: 53/128)
10/12/05 02:35:39 INFO SimpleJob: Starting task 2:29 as TID 312 on slave 0-1: ip-10-196-103-159.ec2.internal (preferred)
10/12/05 02:35:42 INFO SimpleJob: Finished TID 308 (progress: 54/128)
10/12/05 02:35:42 INFO SimpleJob: Starting task 2:80 as TID 313 on slave 0-0: ip-10-202-71-135.ec2.internal (preferred)
10/12/05 02:35:46 INFO SimpleJob: Finished TID 312 (progress: 55/128)
10/12/05 02:35:46 INFO SimpleJob: Starting task 2:30 as TID 314 on slave 0-1: ip-10-196-103-159.ec2.internal (preferred)
10/12/05 02:35:47 INFO SimpleJob: Finished TID 311 (progress: 56/128)
10/12/05 02:35:47 INFO SimpleJob: Starting task 2:81 as TID 315 on slave 0-0: ip-10-202-71-135.ec2.internal (preferred)
10/12/05 02:35:50 INFO SimpleJob: Finished TID 313 (progress: 57/128)
10/12/05 02:35:50 INFO SimpleJob: Starting task 2:82 as TID 316 on slave 0-0: ip-10-202-71-135.ec2.internal (preferred)
10/12/05 02:35:51 INFO SimpleJob: Finished TID 310 (progress: 58/128)
10/12/05 02:35:51 INFO SimpleJob: Starting task 2:31 as TID 317 on slave 0-1: ip-10-196-103-159.ec2.internal (preferred)
10/12/05 02:35:51 INFO SimpleJob: Finished TID 315 (progress: 59/128)
10/12/05 02:35:51 INFO SimpleJob: Starting task 2:85 as TID 318 on slave 0-0: ip-10-202-71-135.ec2.internal (preferred)
10/12/05 02:35:55 INFO SimpleJob: Finished TID 318 (progress: 60/128)
10/12/05 02:35:55 INFO SimpleJob: Starting task 2:86 as TID 319 on slave 0-0: ip-10-202-71-135.ec2.internal (preferred)
10/12/05 02:35:57 INFO SimpleJob: Finished TID 317 (progress: 61/128)
10/12/05 02:35:57 INFO SimpleJob: Starting task 2:32 as TID 320 on slave 0-1: ip-10-196-103-159.ec2.internal (preferred)
10/12/05 02:35:59 INFO SimpleJob: Finished TID 316 (progress: 62/128)
10/12/05 02:35:59 INFO SimpleJob: Starting task 2:87 as TID 321 on slave 0-0: ip-10-202-71-135.ec2.internal (preferred)
10/12/05 02:36:02 INFO SimpleJob: Finished TID 314 (progress: 63/128)
10/12/05 02:36:02 INFO SimpleJob: Starting task 2:33 as TID 322 on slave 0-1: ip-10-196-103-159.ec2.internal (preferred)
10/12/05 02:36:03 INFO SimpleJob: Finished TID 321 (progress: 64/128)
10/12/05 02:36:03 INFO SimpleJob: Starting task 2:88 as TID 323 on slave 0-0: ip-10-202-71-135.ec2.internal (preferred)
10/12/05 02:36:04 INFO SimpleJob: Finished TID 319 (progress: 65/128)
10/12/05 02:36:04 INFO SimpleJob: Starting task 2:89 as TID 324 on slave 0-0: ip-10-202-71-135.ec2.internal (preferred)
10/12/05 02:36:05 INFO SimpleJob: Finished TID 322 (progress: 66/128)
10/12/05 02:36:05 INFO SimpleJob: Starting task 2:34 as TID 325 on slave 0-1: ip-10-196-103-159.ec2.internal (preferred)
10/12/05 02:36:08 INFO SimpleJob: Finished TID 324 (progress: 67/128)
10/12/05 02:36:08 INFO SimpleJob: Starting task 2:91 as TID 326 on slave 0-0: ip-10-202-71-135.ec2.internal (preferred)
10/12/05 02:36:08 INFO SimpleJob: Finished TID 320 (progress: 68/128)
10/12/05 02:36:08 INFO SimpleJob: Starting task 2:35 as TID 327 on slave 0-1: ip-10-196-103-159.ec2.internal (preferred)
10/12/05 02:36:11 INFO SimpleJob: Finished TID 327 (progress: 69/128)
10/12/05 02:36:11 INFO SimpleJob: Starting task 2:36 as TID 328 on slave 0-1: ip-10-196-103-159.ec2.internal (preferred)
10/12/05 02:36:12 INFO SimpleJob: Finished TID 326 (progress: 70/128)
10/12/05 02:36:12 INFO SimpleJob: Starting task 2:92 as TID 329 on slave 0-0: ip-10-202-71-135.ec2.internal (preferred)
10/12/05 02:36:12 INFO SimpleJob: Finished TID 323 (progress: 71/128)
10/12/05 02:36:12 INFO SimpleJob: Starting task 2:93 as TID 330 on slave 0-0: ip-10-202-71-135.ec2.internal (preferred)
10/12/05 02:36:14 INFO SimpleJob: Finished TID 325 (progress: 72/128)
10/12/05 02:36:14 INFO SimpleJob: Starting task 2:37 as TID 331 on slave 0-1: ip-10-196-103-159.ec2.internal (preferred)
10/12/05 02:36:17 INFO SimpleJob: Finished TID 330 (progress: 73/128)
10/12/05 02:36:17 INFO SimpleJob: Starting task 2:94 as TID 332 on slave 0-0: ip-10-202-71-135.ec2.internal (preferred)
10/12/05 02:36:18 INFO SimpleJob: Finished TID 331 (progress: 74/128)
10/12/05 02:36:18 INFO SimpleJob: Starting task 2:40 as TID 333 on slave 0-1: ip-10-196-103-159.ec2.internal (preferred)
10/12/05 02:36:20 INFO SimpleJob: Finished TID 328 (progress: 75/128)
10/12/05 02:36:20 INFO SimpleJob: Starting task 2:42 as TID 334 on slave 0-1: ip-10-196-103-159.ec2.internal (preferred)
10/12/05 02:36:21 INFO SimpleJob: Finished TID 329 (progress: 76/128)
10/12/05 02:36:21 INFO SimpleJob: Starting task 2:96 as TID 335 on slave 0-0: ip-10-202-71-135.ec2.internal (preferred)
10/12/05 02:36:26 INFO SimpleJob: Finished TID 333 (progress: 77/128)
10/12/05 02:36:26 INFO SimpleJob: Starting task 2:44 as TID 336 on slave 0-1: ip-10-196-103-159.ec2.internal (preferred)
10/12/05 02:36:26 INFO SimpleJob: Finished TID 332 (progress: 78/128)
10/12/05 02:36:26 INFO SimpleJob: Starting task 2:97 as TID 337 on slave 0-0: ip-10-202-71-135.ec2.internal (preferred)
10/12/05 02:36:29 INFO SimpleJob: Finished TID 334 (progress: 79/128)
10/12/05 02:36:29 INFO SimpleJob: Starting task 2:47 as TID 338 on slave 0-1: ip-10-196-103-159.ec2.internal (preferred)
10/12/05 02:36:31 INFO SimpleJob: Finished TID 337 (progress: 80/128)
10/12/05 02:36:31 INFO SimpleJob: Starting task 2:98 as TID 339 on slave 0-0: ip-10-202-71-135.ec2.internal (preferred)
10/12/05 02:36:31 INFO SimpleJob: Finished TID 335 (progress: 81/128)
10/12/05 02:36:31 INFO SimpleJob: Starting task 2:100 as TID 340 on slave 0-0: ip-10-202-71-135.ec2.internal (preferred)
10/12/05 02:36:33 INFO SimpleJob: Finished TID 338 (progress: 82/128)
10/12/05 02:36:33 INFO SimpleJob: Starting task 2:49 as TID 341 on slave 0-1: ip-10-196-103-159.ec2.internal (preferred)
10/12/05 02:36:35 INFO SimpleJob: Finished TID 336 (progress: 83/128)
10/12/05 02:36:35 INFO SimpleJob: Starting task 2:50 as TID 342 on slave 0-1: ip-10-196-103-159.ec2.internal (preferred)
10/12/05 02:36:37 INFO SimpleJob: Finished TID 341 (progress: 84/128)
10/12/05 02:36:37 INFO SimpleJob: Starting task 2:51 as TID 343 on slave 0-1: ip-10-196-103-159.ec2.internal (preferred)
10/12/05 02:36:40 INFO SimpleJob: Finished TID 343 (progress: 85/128)
10/12/05 02:36:40 INFO SimpleJob: Starting task 2:56 as TID 344 on slave 0-1: ip-10-196-103-159.ec2.internal (preferred)
10/12/05 02:36:41 INFO SimpleJob: Finished TID 339 (progress: 86/128)
10/12/05 02:36:41 INFO SimpleJob: Starting task 2:101 as TID 345 on slave 0-0: ip-10-202-71-135.ec2.internal (preferred)
10/12/05 02:36:41 INFO SimpleJob: Finished TID 340 (progress: 87/128)
10/12/05 02:36:41 INFO SimpleJob: Starting task 2:102 as TID 346 on slave 0-0: ip-10-202-71-135.ec2.internal (preferred)
10/12/05 02:36:44 INFO SimpleJob: Finished TID 342 (progress: 88/128)
10/12/05 02:36:44 INFO SimpleJob: Starting task 2:58 as TID 347 on slave 0-1: ip-10-196-103-159.ec2.internal (preferred)
10/12/05 02:36:45 INFO SimpleJob: Finished TID 345 (progress: 89/128)
10/12/05 02:36:45 INFO SimpleJob: Starting task 2:104 as TID 348 on slave 0-0: ip-10-202-71-135.ec2.internal (preferred)
10/12/05 02:36:50 INFO SimpleJob: Finished TID 344 (progress: 90/128)
10/12/05 02:36:50 INFO SimpleJob: Starting task 2:61 as TID 349 on slave 0-1: ip-10-196-103-159.ec2.internal (preferred)
10/12/05 02:36:51 INFO SimpleJob: Finished TID 346 (progress: 91/128)
10/12/05 02:36:51 INFO SimpleJob: Starting task 2:105 as TID 350 on slave 0-0: ip-10-202-71-135.ec2.internal (preferred)
10/12/05 02:36:54 INFO SimpleJob: Finished TID 347 (progress: 92/128)
10/12/05 02:36:54 INFO SimpleJob: Starting task 2:63 as TID 351 on slave 0-1: ip-10-196-103-159.ec2.internal (preferred)
10/12/05 02:36:55 INFO SimpleJob: Finished TID 349 (progress: 93/128)
10/12/05 02:36:55 INFO SimpleJob: Starting task 2:64 as TID 352 on slave 0-1: ip-10-196-103-159.ec2.internal (preferred)
10/12/05 02:36:55 INFO SimpleJob: Finished TID 348 (progress: 94/128)
10/12/05 02:36:55 INFO SimpleJob: Starting task 2:107 as TID 353 on slave 0-0: ip-10-202-71-135.ec2.internal (preferred)
10/12/05 02:36:55 INFO SimpleJob: Finished TID 350 (progress: 95/128)
10/12/05 02:36:55 INFO SimpleJob: Starting task 2:109 as TID 354 on slave 0-0: ip-10-202-71-135.ec2.internal (preferred)
10/12/05 02:36:57 INFO SimpleJob: Finished TID 351 (progress: 96/128)
10/12/05 02:36:57 INFO SimpleJob: Starting task 2:66 as TID 355 on slave 0-1: ip-10-196-103-159.ec2.internal (preferred)
10/12/05 02:36:59 INFO SimpleJob: Finished TID 353 (progress: 97/128)
10/12/05 02:36:59 INFO SimpleJob: Starting task 2:110 as TID 356 on slave 0-0: ip-10-202-71-135.ec2.internal (preferred)
10/12/05 02:37:00 INFO SimpleJob: Finished TID 354 (progress: 98/128)
10/12/05 02:37:00 INFO SimpleJob: Starting task 2:111 as TID 357 on slave 0-0: ip-10-202-71-135.ec2.internal (preferred)
10/12/05 02:37:04 INFO SimpleJob: Finished TID 352 (progress: 99/128)
10/12/05 02:37:04 INFO SimpleJob: Starting task 2:72 as TID 358 on slave 0-1: ip-10-196-103-159.ec2.internal (preferred)
10/12/05 02:37:05 INFO SimpleJob: Finished TID 357 (progress: 100/128)
10/12/05 02:37:05 INFO SimpleJob: Starting task 2:112 as TID 359 on slave 0-0: ip-10-202-71-135.ec2.internal (preferred)
10/12/05 02:37:06 INFO SimpleJob: Finished TID 355 (progress: 101/128)
10/12/05 02:37:06 INFO SimpleJob: Starting task 2:79 as TID 360 on slave 0-1: ip-10-196-103-159.ec2.internal (preferred)
10/12/05 02:37:10 INFO SimpleJob: Finished TID 356 (progress: 102/128)
10/12/05 02:37:10 INFO SimpleJob: Starting task 2:113 as TID 361 on slave 0-0: ip-10-202-71-135.ec2.internal (preferred)
10/12/05 02:37:11 INFO SimpleJob: Finished TID 360 (progress: 103/128)
10/12/05 02:37:11 INFO SimpleJob: Starting task 2:83 as TID 362 on slave 0-1: ip-10-196-103-159.ec2.internal (preferred)
10/12/05 02:37:14 INFO SimpleJob: Finished TID 361 (progress: 104/128)
10/12/05 02:37:14 INFO SimpleJob: Starting task 2:114 as TID 363 on slave 0-0: ip-10-202-71-135.ec2.internal (preferred)
10/12/05 02:37:15 INFO SimpleJob: Finished TID 359 (progress: 105/128)
10/12/05 02:37:15 INFO SimpleJob: Starting task 2:115 as TID 364 on slave 0-0: ip-10-202-71-135.ec2.internal (preferred)
10/12/05 02:37:16 INFO SimpleJob: Finished TID 362 (progress: 106/128)
10/12/05 02:37:16 INFO SimpleJob: Starting task 2:84 as TID 365 on slave 0-1: ip-10-196-103-159.ec2.internal (preferred)
10/12/05 02:37:16 INFO SimpleJob: Finished TID 358 (progress: 107/128)
10/12/05 02:37:16 INFO SimpleJob: Starting task 2:90 as TID 366 on slave 0-1: ip-10-196-103-159.ec2.internal (preferred)
10/12/05 02:37:19 INFO SimpleJob: Finished TID 364 (progress: 108/128)
10/12/05 02:37:19 INFO SimpleJob: Starting task 2:118 as TID 367 on slave 0-0: ip-10-202-71-135.ec2.internal (preferred)
10/12/05 02:37:25 INFO SimpleJob: Finished TID 363 (progress: 109/128)
10/12/05 02:37:25 INFO SimpleJob: Starting task 2:119 as TID 368 on slave 0-0: ip-10-202-71-135.ec2.internal (preferred)
10/12/05 02:37:25 INFO SimpleJob: Finished TID 365 (progress: 110/128)
10/12/05 02:37:25 INFO SimpleJob: Starting task 2:95 as TID 369 on slave 0-1: ip-10-196-103-159.ec2.internal (preferred)
10/12/05 02:37:25 INFO SimpleJob: Finished TID 366 (progress: 111/128)
10/12/05 02:37:25 INFO SimpleJob: Starting task 2:99 as TID 370 on slave 0-1: ip-10-196-103-159.ec2.internal (preferred)
10/12/05 02:37:29 INFO SimpleJob: Finished TID 368 (progress: 112/128)
10/12/05 02:37:29 INFO SimpleJob: Starting task 2:120 as TID 371 on slave 0-0: ip-10-202-71-135.ec2.internal (preferred)
10/12/05 02:37:30 INFO SimpleJob: Finished TID 369 (progress: 113/128)
10/12/05 02:37:30 INFO SimpleJob: Starting task 2:103 as TID 372 on slave 0-1: ip-10-196-103-159.ec2.internal (preferred)
10/12/05 02:37:30 INFO SimpleJob: Finished TID 370 (progress: 114/128)
10/12/05 02:37:30 INFO SimpleJob: Starting task 2:106 as TID 373 on slave 0-1: ip-10-196-103-159.ec2.internal (preferred)
10/12/05 02:37:30 INFO SimpleJob: Finished TID 367 (progress: 115/128)
10/12/05 02:37:30 INFO SimpleJob: Starting task 2:121 as TID 374 on slave 0-0: ip-10-202-71-135.ec2.internal (preferred)
10/12/05 02:37:34 INFO SimpleJob: Finished TID 372 (progress: 116/128)
10/12/05 02:37:34 INFO SimpleJob: Starting task 2:108 as TID 375 on slave 0-1: ip-10-196-103-159.ec2.internal (preferred)
10/12/05 02:37:35 INFO SimpleJob: Finished TID 374 (progress: 117/128)
10/12/05 02:37:35 INFO SimpleJob: Starting task 2:122 as TID 376 on slave 0-0: ip-10-202-71-135.ec2.internal (preferred)
10/12/05 02:37:39 INFO SimpleJob: Finished TID 373 (progress: 118/128)
10/12/05 02:37:39 INFO SimpleJob: Starting task 2:116 as TID 377 on slave 0-1: ip-10-196-103-159.ec2.internal (preferred)
10/12/05 02:37:40 INFO SimpleJob: Finished TID 371 (progress: 119/128)
10/12/05 02:37:40 INFO SimpleJob: Starting task 2:123 as TID 378 on slave 0-0: ip-10-202-71-135.ec2.internal (preferred)
10/12/05 02:37:45 INFO SimpleJob: Finished TID 378 (progress: 120/128)
10/12/05 02:37:45 INFO SimpleJob: Starting task 2:124 as TID 379 on slave 0-0: ip-10-202-71-135.ec2.internal (preferred)
10/12/05 02:37:45 INFO SimpleJob: Finished TID 375 (progress: 121/128)
10/12/05 02:37:45 INFO SimpleJob: Starting task 2:117 as TID 380 on slave 0-1: ip-10-196-103-159.ec2.internal (preferred)
10/12/05 02:37:45 INFO SimpleJob: Finished TID 376 (progress: 122/128)
10/12/05 02:37:45 INFO SimpleJob: Starting task 2:125 as TID 381 on slave 0-0: ip-10-202-71-135.ec2.internal (preferred)
10/12/05 02:37:49 INFO SimpleJob: Finished TID 377 (progress: 123/128)
10/12/05 02:37:49 INFO SimpleJob: Starting task 2:127 as TID 382 on slave 0-1: ip-10-196-103-159.ec2.internal (preferred)
10/12/05 02:37:49 INFO SimpleJob: Finished TID 380 (progress: 124/128)
10/12/05 02:37:50 INFO SimpleJob: Finished TID 381 (progress: 125/128)
10/12/05 02:37:50 INFO SimpleJob: Starting task 2:126 as TID 383 on slave 0-0: ip-10-202-71-135.ec2.internal (preferred)
10/12/05 02:37:51 INFO SimpleJob: Finished TID 382 (progress: 126/128)
10/12/05 02:37:55 INFO SimpleJob: Finished TID 379 (progress: 127/128)
10/12/05 02:37:59 INFO SimpleJob: Finished TID 383 (progress: 128/128)
10/12/05 02:37:59 INFO SparkContext: Tasks finished in 246.078785716 s
Centroids changed by
	   (0.000000, 0.000000, 0.000000)
	to ((7.78,40.66), (44.75,35.36), (17.87,7.51))
Final centroids: 
7.776982	40.661016
44.751415	35.355014
17.872132	7.510652

